[0.071s] DEBUG:colcon:Command line arguments: ['/usr/bin/colcon', 'build']
[0.071s] DEBUG:colcon:Parsed command line arguments: Namespace(log_base=None, log_level=None, verb_name='build', build_base='build', install_base='install', merge_install=False, symlink_install=False, test_result_base=None, continue_on_error=False, executor='parallel', parallel_workers=22, event_handlers=None, ignore_user_meta=False, metas=['./colcon.meta'], base_paths=['.'], packages_ignore=None, packages_ignore_regex=None, paths=None, packages_up_to=None, packages_up_to_regex=None, packages_above=None, packages_above_and_dependencies=None, packages_above_depth=None, packages_select_by_dep=None, packages_skip_by_dep=None, packages_skip_up_to=None, packages_select_build_failed=False, packages_skip_build_finished=False, packages_select_test_failures=False, packages_skip_test_passed=False, packages_select=None, packages_skip=None, packages_select_regex=None, packages_skip_regex=None, packages_start=None, packages_end=None, allow_overriding=[], cmake_args=None, cmake_target=None, cmake_target_skip_unavailable=False, cmake_clean_cache=False, cmake_clean_first=False, cmake_force_configure=False, ament_cmake_args=None, catkin_cmake_args=None, catkin_skip_building_tests=False, mixin_files=None, mixin=None, verb_parser=<colcon_mixin.mixin.mixin_argument.MixinArgumentDecorator object at 0x76ddd8c46410>, verb_extension=<colcon_core.verb.build.BuildVerb object at 0x76ddd8c45e40>, main=<bound method BuildVerb.main of <colcon_core.verb.build.BuildVerb object at 0x76ddd8c45e40>>, mixin_verb=('build',))
[0.183s] Level 1:colcon.colcon_core.package_discovery:discover_packages(colcon_meta) check parameters
[0.183s] Level 1:colcon.colcon_core.package_discovery:discover_packages(recursive) check parameters
[0.183s] Level 1:colcon.colcon_core.package_discovery:discover_packages(ignore) check parameters
[0.183s] Level 1:colcon.colcon_core.package_discovery:discover_packages(path) check parameters
[0.183s] Level 1:colcon.colcon_core.package_discovery:discover_packages(colcon_meta) discover
[0.183s] Level 1:colcon.colcon_core.package_discovery:discover_packages(recursive) discover
[0.183s] INFO:colcon.colcon_core.package_discovery:Crawling recursively for packages in '/home/cameron/template_ws'
[0.183s] Level 1:colcon.colcon_core.package_identification:_identify(.) by extensions ['ignore', 'ignore_ament_install']
[0.183s] Level 1:colcon.colcon_core.package_identification:_identify(.) by extension 'ignore'
[0.183s] Level 1:colcon.colcon_core.package_identification:_identify(.) by extension 'ignore_ament_install'
[0.183s] Level 1:colcon.colcon_core.package_identification:_identify(.) by extensions ['colcon_pkg']
[0.183s] Level 1:colcon.colcon_core.package_identification:_identify(.) by extension 'colcon_pkg'
[0.183s] Level 1:colcon.colcon_core.package_identification:_identify(.) by extensions ['colcon_meta']
[0.183s] Level 1:colcon.colcon_core.package_identification:_identify(.) by extension 'colcon_meta'
[0.183s] Level 1:colcon.colcon_core.package_identification:_identify(.) by extensions ['ros']
[0.183s] Level 1:colcon.colcon_core.package_identification:_identify(.) by extension 'ros'
[0.191s] Level 1:colcon.colcon_core.package_identification:_identify(.) by extensions ['cmake', 'python']
[0.191s] Level 1:colcon.colcon_core.package_identification:_identify(.) by extension 'cmake'
[0.191s] Level 1:colcon.colcon_core.package_identification:_identify(.) by extension 'python'
[0.191s] Level 1:colcon.colcon_core.package_identification:_identify(.) by extensions ['python_setup_py']
[0.191s] Level 1:colcon.colcon_core.package_identification:_identify(.) by extension 'python_setup_py'
[0.191s] Level 1:colcon.colcon_core.package_identification:_identify(build) by extensions ['ignore', 'ignore_ament_install']
[0.191s] Level 1:colcon.colcon_core.package_identification:_identify(build) by extension 'ignore'
[0.191s] Level 1:colcon.colcon_core.package_identification:_identify(build) ignored
[0.191s] Level 1:colcon.colcon_core.package_identification:_identify(install) by extensions ['ignore', 'ignore_ament_install']
[0.191s] Level 1:colcon.colcon_core.package_identification:_identify(install) by extension 'ignore'
[0.191s] Level 1:colcon.colcon_core.package_identification:_identify(install) ignored
[0.191s] Level 1:colcon.colcon_core.package_identification:_identify(log) by extensions ['ignore', 'ignore_ament_install']
[0.192s] Level 1:colcon.colcon_core.package_identification:_identify(log) by extension 'ignore'
[0.192s] Level 1:colcon.colcon_core.package_identification:_identify(log) ignored
[0.192s] Level 1:colcon.colcon_core.package_identification:_identify(src) by extensions ['ignore', 'ignore_ament_install']
[0.192s] Level 1:colcon.colcon_core.package_identification:_identify(src) by extension 'ignore'
[0.192s] Level 1:colcon.colcon_core.package_identification:_identify(src) by extension 'ignore_ament_install'
[0.192s] Level 1:colcon.colcon_core.package_identification:_identify(src) by extensions ['colcon_pkg']
[0.192s] Level 1:colcon.colcon_core.package_identification:_identify(src) by extension 'colcon_pkg'
[0.192s] Level 1:colcon.colcon_core.package_identification:_identify(src) by extensions ['colcon_meta']
[0.192s] Level 1:colcon.colcon_core.package_identification:_identify(src) by extension 'colcon_meta'
[0.192s] Level 1:colcon.colcon_core.package_identification:_identify(src) by extensions ['ros']
[0.192s] Level 1:colcon.colcon_core.package_identification:_identify(src) by extension 'ros'
[0.192s] Level 1:colcon.colcon_core.package_identification:_identify(src) by extensions ['cmake', 'python']
[0.192s] Level 1:colcon.colcon_core.package_identification:_identify(src) by extension 'cmake'
[0.192s] Level 1:colcon.colcon_core.package_identification:_identify(src) by extension 'python'
[0.192s] Level 1:colcon.colcon_core.package_identification:_identify(src) by extensions ['python_setup_py']
[0.192s] Level 1:colcon.colcon_core.package_identification:_identify(src) by extension 'python_setup_py'
[0.192s] Level 1:colcon.colcon_core.package_identification:_identify(src/ros_gz_project_template) by extensions ['ignore', 'ignore_ament_install']
[0.192s] Level 1:colcon.colcon_core.package_identification:_identify(src/ros_gz_project_template) by extension 'ignore'
[0.192s] Level 1:colcon.colcon_core.package_identification:_identify(src/ros_gz_project_template) by extension 'ignore_ament_install'
[0.192s] Level 1:colcon.colcon_core.package_identification:_identify(src/ros_gz_project_template) by extensions ['colcon_pkg']
[0.192s] Level 1:colcon.colcon_core.package_identification:_identify(src/ros_gz_project_template) by extension 'colcon_pkg'
[0.192s] Level 1:colcon.colcon_core.package_identification:_identify(src/ros_gz_project_template) by extensions ['colcon_meta']
[0.192s] Level 1:colcon.colcon_core.package_identification:_identify(src/ros_gz_project_template) by extension 'colcon_meta'
[0.192s] Level 1:colcon.colcon_core.package_identification:_identify(src/ros_gz_project_template) by extensions ['ros']
[0.192s] Level 1:colcon.colcon_core.package_identification:_identify(src/ros_gz_project_template) by extension 'ros'
[0.192s] Level 1:colcon.colcon_core.package_identification:_identify(src/ros_gz_project_template) by extensions ['cmake', 'python']
[0.192s] Level 1:colcon.colcon_core.package_identification:_identify(src/ros_gz_project_template) by extension 'cmake'
[0.192s] Level 1:colcon.colcon_core.package_identification:_identify(src/ros_gz_project_template) by extension 'python'
[0.192s] Level 1:colcon.colcon_core.package_identification:_identify(src/ros_gz_project_template) by extensions ['python_setup_py']
[0.192s] Level 1:colcon.colcon_core.package_identification:_identify(src/ros_gz_project_template) by extension 'python_setup_py'
[0.192s] Level 1:colcon.colcon_core.package_identification:_identify(src/ros_gz_project_template/ros_gz_example_application) by extensions ['ignore', 'ignore_ament_install']
[0.192s] Level 1:colcon.colcon_core.package_identification:_identify(src/ros_gz_project_template/ros_gz_example_application) by extension 'ignore'
[0.193s] Level 1:colcon.colcon_core.package_identification:_identify(src/ros_gz_project_template/ros_gz_example_application) by extension 'ignore_ament_install'
[0.193s] Level 1:colcon.colcon_core.package_identification:_identify(src/ros_gz_project_template/ros_gz_example_application) by extensions ['colcon_pkg']
[0.193s] Level 1:colcon.colcon_core.package_identification:_identify(src/ros_gz_project_template/ros_gz_example_application) by extension 'colcon_pkg'
[0.193s] Level 1:colcon.colcon_core.package_identification:_identify(src/ros_gz_project_template/ros_gz_example_application) by extensions ['colcon_meta']
[0.193s] Level 1:colcon.colcon_core.package_identification:_identify(src/ros_gz_project_template/ros_gz_example_application) by extension 'colcon_meta'
[0.193s] Level 1:colcon.colcon_core.package_identification:_identify(src/ros_gz_project_template/ros_gz_example_application) by extensions ['ros']
[0.193s] Level 1:colcon.colcon_core.package_identification:_identify(src/ros_gz_project_template/ros_gz_example_application) by extension 'ros'
[0.194s] DEBUG:colcon.colcon_core.package_identification:Package 'src/ros_gz_project_template/ros_gz_example_application' with type 'ros.ament_cmake' and name 'ros_gz_example_application'
[0.195s] Level 1:colcon.colcon_core.package_identification:_identify(src/ros_gz_project_template/ros_gz_example_bringup) by extensions ['ignore', 'ignore_ament_install']
[0.195s] Level 1:colcon.colcon_core.package_identification:_identify(src/ros_gz_project_template/ros_gz_example_bringup) by extension 'ignore'
[0.195s] Level 1:colcon.colcon_core.package_identification:_identify(src/ros_gz_project_template/ros_gz_example_bringup) by extension 'ignore_ament_install'
[0.195s] Level 1:colcon.colcon_core.package_identification:_identify(src/ros_gz_project_template/ros_gz_example_bringup) by extensions ['colcon_pkg']
[0.195s] Level 1:colcon.colcon_core.package_identification:_identify(src/ros_gz_project_template/ros_gz_example_bringup) by extension 'colcon_pkg'
[0.195s] Level 1:colcon.colcon_core.package_identification:_identify(src/ros_gz_project_template/ros_gz_example_bringup) by extensions ['colcon_meta']
[0.195s] Level 1:colcon.colcon_core.package_identification:_identify(src/ros_gz_project_template/ros_gz_example_bringup) by extension 'colcon_meta'
[0.195s] Level 1:colcon.colcon_core.package_identification:_identify(src/ros_gz_project_template/ros_gz_example_bringup) by extensions ['ros']
[0.195s] Level 1:colcon.colcon_core.package_identification:_identify(src/ros_gz_project_template/ros_gz_example_bringup) by extension 'ros'
[0.195s] DEBUG:colcon.colcon_core.package_identification:Package 'src/ros_gz_project_template/ros_gz_example_bringup' with type 'ros.ament_cmake' and name 'ros_gz_example_bringup'
[0.195s] Level 1:colcon.colcon_core.package_identification:_identify(src/ros_gz_project_template/ros_gz_example_description) by extensions ['ignore', 'ignore_ament_install']
[0.195s] Level 1:colcon.colcon_core.package_identification:_identify(src/ros_gz_project_template/ros_gz_example_description) by extension 'ignore'
[0.196s] Level 1:colcon.colcon_core.package_identification:_identify(src/ros_gz_project_template/ros_gz_example_description) by extension 'ignore_ament_install'
[0.196s] Level 1:colcon.colcon_core.package_identification:_identify(src/ros_gz_project_template/ros_gz_example_description) by extensions ['colcon_pkg']
[0.196s] Level 1:colcon.colcon_core.package_identification:_identify(src/ros_gz_project_template/ros_gz_example_description) by extension 'colcon_pkg'
[0.196s] Level 1:colcon.colcon_core.package_identification:_identify(src/ros_gz_project_template/ros_gz_example_description) by extensions ['colcon_meta']
[0.196s] Level 1:colcon.colcon_core.package_identification:_identify(src/ros_gz_project_template/ros_gz_example_description) by extension 'colcon_meta'
[0.196s] Level 1:colcon.colcon_core.package_identification:_identify(src/ros_gz_project_template/ros_gz_example_description) by extensions ['ros']
[0.196s] Level 1:colcon.colcon_core.package_identification:_identify(src/ros_gz_project_template/ros_gz_example_description) by extension 'ros'
[0.196s] DEBUG:colcon.colcon_core.package_identification:Package 'src/ros_gz_project_template/ros_gz_example_description' with type 'ros.ament_cmake' and name 'ros_gz_example_description'
[0.196s] Level 1:colcon.colcon_core.package_identification:_identify(src/ros_gz_project_template/ros_gz_example_gazebo) by extensions ['ignore', 'ignore_ament_install']
[0.196s] Level 1:colcon.colcon_core.package_identification:_identify(src/ros_gz_project_template/ros_gz_example_gazebo) by extension 'ignore'
[0.196s] Level 1:colcon.colcon_core.package_identification:_identify(src/ros_gz_project_template/ros_gz_example_gazebo) by extension 'ignore_ament_install'
[0.196s] Level 1:colcon.colcon_core.package_identification:_identify(src/ros_gz_project_template/ros_gz_example_gazebo) by extensions ['colcon_pkg']
[0.196s] Level 1:colcon.colcon_core.package_identification:_identify(src/ros_gz_project_template/ros_gz_example_gazebo) by extension 'colcon_pkg'
[0.196s] Level 1:colcon.colcon_core.package_identification:_identify(src/ros_gz_project_template/ros_gz_example_gazebo) by extensions ['colcon_meta']
[0.196s] Level 1:colcon.colcon_core.package_identification:_identify(src/ros_gz_project_template/ros_gz_example_gazebo) by extension 'colcon_meta'
[0.196s] Level 1:colcon.colcon_core.package_identification:_identify(src/ros_gz_project_template/ros_gz_example_gazebo) by extensions ['ros']
[0.196s] Level 1:colcon.colcon_core.package_identification:_identify(src/ros_gz_project_template/ros_gz_example_gazebo) by extension 'ros'
[0.197s] DEBUG:colcon.colcon_core.package_identification:Package 'src/ros_gz_project_template/ros_gz_example_gazebo' with type 'ros.ament_cmake' and name 'ros_gz_example_gazebo'
[0.197s] Level 1:colcon.colcon_core.package_discovery:discover_packages(recursive) using defaults
[0.197s] Level 1:colcon.colcon_core.package_discovery:discover_packages(ignore) discover
[0.197s] Level 1:colcon.colcon_core.package_discovery:discover_packages(ignore) using defaults
[0.197s] Level 1:colcon.colcon_core.package_discovery:discover_packages(path) discover
[0.197s] Level 1:colcon.colcon_core.package_discovery:discover_packages(path) using defaults
[0.217s] Level 1:colcon.colcon_core.package_discovery:discover_packages(prefix_path) check parameters
[0.217s] Level 1:colcon.colcon_core.package_discovery:discover_packages(prefix_path) discover
[0.219s] DEBUG:colcon.colcon_installed_package_information.package_discovery:Found 4 installed packages in /home/cameron/template_ws/install
[0.219s] DEBUG:colcon.colcon_installed_package_information.package_discovery:Found 311 installed packages in /opt/ros/humble
[0.220s] Level 1:colcon.colcon_core.package_discovery:discover_packages(prefix_path) using defaults
[0.251s] Level 5:colcon.colcon_core.verb:set package 'ros_gz_example_application' build argument 'cmake_args' from command line to 'None'
[0.251s] Level 5:colcon.colcon_core.verb:set package 'ros_gz_example_application' build argument 'cmake_target' from command line to 'None'
[0.251s] Level 5:colcon.colcon_core.verb:set package 'ros_gz_example_application' build argument 'cmake_target_skip_unavailable' from command line to 'False'
[0.251s] Level 5:colcon.colcon_core.verb:set package 'ros_gz_example_application' build argument 'cmake_clean_cache' from command line to 'False'
[0.251s] Level 5:colcon.colcon_core.verb:set package 'ros_gz_example_application' build argument 'cmake_clean_first' from command line to 'False'
[0.251s] Level 5:colcon.colcon_core.verb:set package 'ros_gz_example_application' build argument 'cmake_force_configure' from command line to 'False'
[0.251s] Level 5:colcon.colcon_core.verb:set package 'ros_gz_example_application' build argument 'ament_cmake_args' from command line to 'None'
[0.251s] Level 5:colcon.colcon_core.verb:set package 'ros_gz_example_application' build argument 'catkin_cmake_args' from command line to 'None'
[0.251s] Level 5:colcon.colcon_core.verb:set package 'ros_gz_example_application' build argument 'catkin_skip_building_tests' from command line to 'False'
[0.251s] DEBUG:colcon.colcon_core.verb:Building package 'ros_gz_example_application' with the following arguments: {'ament_cmake_args': None, 'build_base': '/home/cameron/template_ws/build/ros_gz_example_application', 'catkin_cmake_args': None, 'catkin_skip_building_tests': False, 'cmake_args': None, 'cmake_clean_cache': False, 'cmake_clean_first': False, 'cmake_force_configure': False, 'cmake_target': None, 'cmake_target_skip_unavailable': False, 'install_base': '/home/cameron/template_ws/install/ros_gz_example_application', 'merge_install': False, 'path': '/home/cameron/template_ws/src/ros_gz_project_template/ros_gz_example_application', 'symlink_install': False, 'test_result_base': None}
[0.251s] Level 5:colcon.colcon_core.verb:set package 'ros_gz_example_description' build argument 'cmake_args' from command line to 'None'
[0.251s] Level 5:colcon.colcon_core.verb:set package 'ros_gz_example_description' build argument 'cmake_target' from command line to 'None'
[0.251s] Level 5:colcon.colcon_core.verb:set package 'ros_gz_example_description' build argument 'cmake_target_skip_unavailable' from command line to 'False'
[0.251s] Level 5:colcon.colcon_core.verb:set package 'ros_gz_example_description' build argument 'cmake_clean_cache' from command line to 'False'
[0.251s] Level 5:colcon.colcon_core.verb:set package 'ros_gz_example_description' build argument 'cmake_clean_first' from command line to 'False'
[0.251s] Level 5:colcon.colcon_core.verb:set package 'ros_gz_example_description' build argument 'cmake_force_configure' from command line to 'False'
[0.251s] Level 5:colcon.colcon_core.verb:set package 'ros_gz_example_description' build argument 'ament_cmake_args' from command line to 'None'
[0.251s] Level 5:colcon.colcon_core.verb:set package 'ros_gz_example_description' build argument 'catkin_cmake_args' from command line to 'None'
[0.251s] Level 5:colcon.colcon_core.verb:set package 'ros_gz_example_description' build argument 'catkin_skip_building_tests' from command line to 'False'
[0.251s] DEBUG:colcon.colcon_core.verb:Building package 'ros_gz_example_description' with the following arguments: {'ament_cmake_args': None, 'build_base': '/home/cameron/template_ws/build/ros_gz_example_description', 'catkin_cmake_args': None, 'catkin_skip_building_tests': False, 'cmake_args': None, 'cmake_clean_cache': False, 'cmake_clean_first': False, 'cmake_force_configure': False, 'cmake_target': None, 'cmake_target_skip_unavailable': False, 'install_base': '/home/cameron/template_ws/install/ros_gz_example_description', 'merge_install': False, 'path': '/home/cameron/template_ws/src/ros_gz_project_template/ros_gz_example_description', 'symlink_install': False, 'test_result_base': None}
[0.252s] Level 5:colcon.colcon_core.verb:set package 'ros_gz_example_gazebo' build argument 'cmake_args' from command line to 'None'
[0.252s] Level 5:colcon.colcon_core.verb:set package 'ros_gz_example_gazebo' build argument 'cmake_target' from command line to 'None'
[0.252s] Level 5:colcon.colcon_core.verb:set package 'ros_gz_example_gazebo' build argument 'cmake_target_skip_unavailable' from command line to 'False'
[0.252s] Level 5:colcon.colcon_core.verb:set package 'ros_gz_example_gazebo' build argument 'cmake_clean_cache' from command line to 'False'
[0.252s] Level 5:colcon.colcon_core.verb:set package 'ros_gz_example_gazebo' build argument 'cmake_clean_first' from command line to 'False'
[0.252s] Level 5:colcon.colcon_core.verb:set package 'ros_gz_example_gazebo' build argument 'cmake_force_configure' from command line to 'False'
[0.252s] Level 5:colcon.colcon_core.verb:set package 'ros_gz_example_gazebo' build argument 'ament_cmake_args' from command line to 'None'
[0.252s] Level 5:colcon.colcon_core.verb:set package 'ros_gz_example_gazebo' build argument 'catkin_cmake_args' from command line to 'None'
[0.252s] Level 5:colcon.colcon_core.verb:set package 'ros_gz_example_gazebo' build argument 'catkin_skip_building_tests' from command line to 'False'
[0.252s] DEBUG:colcon.colcon_core.verb:Building package 'ros_gz_example_gazebo' with the following arguments: {'ament_cmake_args': None, 'build_base': '/home/cameron/template_ws/build/ros_gz_example_gazebo', 'catkin_cmake_args': None, 'catkin_skip_building_tests': False, 'cmake_args': None, 'cmake_clean_cache': False, 'cmake_clean_first': False, 'cmake_force_configure': False, 'cmake_target': None, 'cmake_target_skip_unavailable': False, 'install_base': '/home/cameron/template_ws/install/ros_gz_example_gazebo', 'merge_install': False, 'path': '/home/cameron/template_ws/src/ros_gz_project_template/ros_gz_example_gazebo', 'symlink_install': False, 'test_result_base': None}
[0.252s] Level 5:colcon.colcon_core.verb:set package 'ros_gz_example_bringup' build argument 'cmake_args' from command line to 'None'
[0.252s] Level 5:colcon.colcon_core.verb:set package 'ros_gz_example_bringup' build argument 'cmake_target' from command line to 'None'
[0.252s] Level 5:colcon.colcon_core.verb:set package 'ros_gz_example_bringup' build argument 'cmake_target_skip_unavailable' from command line to 'False'
[0.252s] Level 5:colcon.colcon_core.verb:set package 'ros_gz_example_bringup' build argument 'cmake_clean_cache' from command line to 'False'
[0.252s] Level 5:colcon.colcon_core.verb:set package 'ros_gz_example_bringup' build argument 'cmake_clean_first' from command line to 'False'
[0.252s] Level 5:colcon.colcon_core.verb:set package 'ros_gz_example_bringup' build argument 'cmake_force_configure' from command line to 'False'
[0.252s] Level 5:colcon.colcon_core.verb:set package 'ros_gz_example_bringup' build argument 'ament_cmake_args' from command line to 'None'
[0.252s] Level 5:colcon.colcon_core.verb:set package 'ros_gz_example_bringup' build argument 'catkin_cmake_args' from command line to 'None'
[0.252s] Level 5:colcon.colcon_core.verb:set package 'ros_gz_example_bringup' build argument 'catkin_skip_building_tests' from command line to 'False'
[0.252s] DEBUG:colcon.colcon_core.verb:Building package 'ros_gz_example_bringup' with the following arguments: {'ament_cmake_args': None, 'build_base': '/home/cameron/template_ws/build/ros_gz_example_bringup', 'catkin_cmake_args': None, 'catkin_skip_building_tests': False, 'cmake_args': None, 'cmake_clean_cache': False, 'cmake_clean_first': False, 'cmake_force_configure': False, 'cmake_target': None, 'cmake_target_skip_unavailable': False, 'install_base': '/home/cameron/template_ws/install/ros_gz_example_bringup', 'merge_install': False, 'path': '/home/cameron/template_ws/src/ros_gz_project_template/ros_gz_example_bringup', 'symlink_install': False, 'test_result_base': None}
[0.252s] INFO:colcon.colcon_core.executor:Executing jobs using 'parallel' executor
[0.253s] DEBUG:colcon.colcon_parallel_executor.executor.parallel:run_until_complete
[0.254s] INFO:colcon.colcon_ros.task.ament_cmake.build:Building ROS package in '/home/cameron/template_ws/src/ros_gz_project_template/ros_gz_example_description' with build type 'ament_cmake'
[0.254s] INFO:colcon.colcon_cmake.task.cmake.build:Building CMake package in '/home/cameron/template_ws/src/ros_gz_project_template/ros_gz_example_description'
[0.255s] INFO:colcon.colcon_core.plugin_system:Skipping extension 'colcon_core.shell.bat': Not used on non-Windows systems
[0.255s] INFO:colcon.colcon_core.shell:Skip shell extension 'powershell' for command environment: Not usable outside of PowerShell
[0.255s] DEBUG:colcon.colcon_core.shell:Skip shell extension 'dsv' for command environment
[0.258s] INFO:colcon.colcon_ros.task.ament_cmake.build:Building ROS package in '/home/cameron/template_ws/src/ros_gz_project_template/ros_gz_example_application' with build type 'ament_cmake'
[0.258s] INFO:colcon.colcon_cmake.task.cmake.build:Building CMake package in '/home/cameron/template_ws/src/ros_gz_project_template/ros_gz_example_application'
[0.258s] INFO:colcon.colcon_core.shell:Skip shell extension 'powershell' for command environment: Not usable outside of PowerShell
[0.258s] DEBUG:colcon.colcon_core.shell:Skip shell extension 'dsv' for command environment
[0.264s] DEBUG:colcon.colcon_core.event_handler.log_command:Invoking command in '/home/cameron/template_ws/build/ros_gz_example_description': CMAKE_PREFIX_PATH=${CMAKE_PREFIX_PATH}:/opt/ros/humble /usr/bin/cmake --build /home/cameron/template_ws/build/ros_gz_example_description -- -j22 -l22
[0.266s] DEBUG:colcon.colcon_core.event_handler.log_command:Invoking command in '/home/cameron/template_ws/build/ros_gz_example_application': CMAKE_PREFIX_PATH=${CMAKE_PREFIX_PATH}:/opt/ros/humble /usr/bin/cmake --build /home/cameron/template_ws/build/ros_gz_example_application -- -j22 -l22
[0.301s] DEBUG:colcon.colcon_core.event_handler.log_command:Invoked command in '/home/cameron/template_ws/build/ros_gz_example_description' returned '0': CMAKE_PREFIX_PATH=${CMAKE_PREFIX_PATH}:/opt/ros/humble /usr/bin/cmake --build /home/cameron/template_ws/build/ros_gz_example_description -- -j22 -l22
[0.302s] DEBUG:colcon.colcon_core.event_handler.log_command:Invoked command in '/home/cameron/template_ws/build/ros_gz_example_application' returned '0': CMAKE_PREFIX_PATH=${CMAKE_PREFIX_PATH}:/opt/ros/humble /usr/bin/cmake --build /home/cameron/template_ws/build/ros_gz_example_application -- -j22 -l22
[0.323s] DEBUG:colcon.colcon_core.event_handler.log_command:Invoking command in '/home/cameron/template_ws/build/ros_gz_example_description': CMAKE_PREFIX_PATH=${CMAKE_PREFIX_PATH}:/opt/ros/humble /usr/bin/cmake --install /home/cameron/template_ws/build/ros_gz_example_description
[0.325s] DEBUG:colcon.colcon_core.event_handler.log_command:Invoking command in '/home/cameron/template_ws/build/ros_gz_example_application': CMAKE_PREFIX_PATH=${CMAKE_PREFIX_PATH}:/opt/ros/humble /usr/bin/cmake --install /home/cameron/template_ws/build/ros_gz_example_application
[0.332s] Level 1:colcon.colcon_core.environment:create_environment_scripts_only(ros_gz_example_description)
[0.332s] DEBUG:colcon.colcon_core.event_handler.log_command:Invoked command in '/home/cameron/template_ws/build/ros_gz_example_description' returned '0': CMAKE_PREFIX_PATH=${CMAKE_PREFIX_PATH}:/opt/ros/humble /usr/bin/cmake --install /home/cameron/template_ws/build/ros_gz_example_description
[0.334s] Level 1:colcon.colcon_core.environment:checking '/home/cameron/template_ws/install/ros_gz_example_description' for CMake module files
[0.334s] Level 1:colcon.colcon_core.environment:checking '/home/cameron/template_ws/install/ros_gz_example_description' for CMake config files
[0.334s] Level 1:colcon.colcon_core.shell:create_environment_hook('ros_gz_example_description', 'cmake_prefix_path')
[0.335s] INFO:colcon.colcon_core.shell:Creating environment hook '/home/cameron/template_ws/install/ros_gz_example_description/share/ros_gz_example_description/hook/cmake_prefix_path.ps1'
[0.335s] INFO:colcon.colcon_core.shell:Creating environment descriptor '/home/cameron/template_ws/install/ros_gz_example_description/share/ros_gz_example_description/hook/cmake_prefix_path.dsv'
[0.335s] INFO:colcon.colcon_core.shell:Creating environment hook '/home/cameron/template_ws/install/ros_gz_example_description/share/ros_gz_example_description/hook/cmake_prefix_path.sh'
[0.336s] Level 1:colcon.colcon_core.environment:checking '/home/cameron/template_ws/install/ros_gz_example_description/bin'
[0.336s] Level 1:colcon.colcon_core.environment:checking '/home/cameron/template_ws/install/ros_gz_example_description/lib/pkgconfig/ros_gz_example_description.pc'
[0.336s] Level 1:colcon.colcon_core.environment:checking '/home/cameron/template_ws/install/ros_gz_example_description/lib/python3.10/site-packages'
[0.336s] Level 1:colcon.colcon_core.environment:checking '/home/cameron/template_ws/install/ros_gz_example_description/bin'
[0.336s] INFO:colcon.colcon_core.shell:Creating package script '/home/cameron/template_ws/install/ros_gz_example_description/share/ros_gz_example_description/package.ps1'
[0.337s] INFO:colcon.colcon_core.shell:Creating package descriptor '/home/cameron/template_ws/install/ros_gz_example_description/share/ros_gz_example_description/package.dsv'
[0.337s] INFO:colcon.colcon_core.shell:Creating package script '/home/cameron/template_ws/install/ros_gz_example_description/share/ros_gz_example_description/package.sh'
[0.337s] INFO:colcon.colcon_core.shell:Creating package script '/home/cameron/template_ws/install/ros_gz_example_description/share/ros_gz_example_description/package.bash'
[0.338s] INFO:colcon.colcon_core.shell:Creating package script '/home/cameron/template_ws/install/ros_gz_example_description/share/ros_gz_example_description/package.zsh'
[0.338s] Level 1:colcon.colcon_core.environment:create_file_with_runtime_dependencies(/home/cameron/template_ws/install/ros_gz_example_description/share/colcon-core/packages/ros_gz_example_description)
[0.339s] Level 1:colcon.colcon_core.environment:create_environment_scripts_only(ros_gz_example_application)
[0.339s] Level 1:colcon.colcon_core.environment:checking '/home/cameron/template_ws/install/ros_gz_example_application' for CMake module files
[0.340s] DEBUG:colcon.colcon_core.event_handler.log_command:Invoked command in '/home/cameron/template_ws/build/ros_gz_example_application' returned '0': CMAKE_PREFIX_PATH=${CMAKE_PREFIX_PATH}:/opt/ros/humble /usr/bin/cmake --install /home/cameron/template_ws/build/ros_gz_example_application
[0.340s] Level 1:colcon.colcon_core.environment:checking '/home/cameron/template_ws/install/ros_gz_example_application' for CMake config files
[0.340s] Level 1:colcon.colcon_core.shell:create_environment_hook('ros_gz_example_application', 'cmake_prefix_path')
[0.340s] INFO:colcon.colcon_core.shell:Creating environment hook '/home/cameron/template_ws/install/ros_gz_example_application/share/ros_gz_example_application/hook/cmake_prefix_path.ps1'
[0.340s] INFO:colcon.colcon_core.shell:Creating environment descriptor '/home/cameron/template_ws/install/ros_gz_example_application/share/ros_gz_example_application/hook/cmake_prefix_path.dsv'
[0.341s] INFO:colcon.colcon_core.shell:Creating environment hook '/home/cameron/template_ws/install/ros_gz_example_application/share/ros_gz_example_application/hook/cmake_prefix_path.sh'
[0.341s] Level 1:colcon.colcon_core.environment:checking '/home/cameron/template_ws/install/ros_gz_example_application/lib'
[0.341s] Level 1:colcon.colcon_core.environment:checking '/home/cameron/template_ws/install/ros_gz_example_application/bin'
[0.341s] Level 1:colcon.colcon_core.environment:checking '/home/cameron/template_ws/install/ros_gz_example_application/lib/pkgconfig/ros_gz_example_application.pc'
[0.341s] Level 1:colcon.colcon_core.environment:checking '/home/cameron/template_ws/install/ros_gz_example_application/lib/python3.10/site-packages'
[0.341s] Level 1:colcon.colcon_core.environment:checking '/home/cameron/template_ws/install/ros_gz_example_application/bin'
[0.341s] INFO:colcon.colcon_core.shell:Creating package script '/home/cameron/template_ws/install/ros_gz_example_application/share/ros_gz_example_application/package.ps1'
[0.342s] INFO:colcon.colcon_core.shell:Creating package descriptor '/home/cameron/template_ws/install/ros_gz_example_application/share/ros_gz_example_application/package.dsv'
[0.342s] INFO:colcon.colcon_core.shell:Creating package script '/home/cameron/template_ws/install/ros_gz_example_application/share/ros_gz_example_application/package.sh'
[0.342s] INFO:colcon.colcon_core.shell:Creating package script '/home/cameron/template_ws/install/ros_gz_example_application/share/ros_gz_example_application/package.bash'
[0.342s] INFO:colcon.colcon_core.shell:Creating package script '/home/cameron/template_ws/install/ros_gz_example_application/share/ros_gz_example_application/package.zsh'
[0.342s] Level 1:colcon.colcon_core.environment:create_file_with_runtime_dependencies(/home/cameron/template_ws/install/ros_gz_example_application/share/colcon-core/packages/ros_gz_example_application)
[0.354s] Level 1:colcon.colcon_core.environment:create_environment_scripts_only(ros_gz_example_description)
[0.354s] Level 1:colcon.colcon_core.environment:checking '/home/cameron/template_ws/install/ros_gz_example_description' for CMake module files
[0.354s] Level 1:colcon.colcon_core.environment:checking '/home/cameron/template_ws/install/ros_gz_example_description' for CMake config files
[0.354s] Level 1:colcon.colcon_core.shell:create_environment_hook('ros_gz_example_description', 'cmake_prefix_path')
[0.355s] INFO:colcon.colcon_core.shell:Creating environment hook '/home/cameron/template_ws/install/ros_gz_example_description/share/ros_gz_example_description/hook/cmake_prefix_path.ps1'
[0.355s] INFO:colcon.colcon_core.shell:Creating environment descriptor '/home/cameron/template_ws/install/ros_gz_example_description/share/ros_gz_example_description/hook/cmake_prefix_path.dsv'
[0.355s] INFO:colcon.colcon_core.shell:Creating environment hook '/home/cameron/template_ws/install/ros_gz_example_description/share/ros_gz_example_description/hook/cmake_prefix_path.sh'
[0.355s] Level 1:colcon.colcon_core.environment:checking '/home/cameron/template_ws/install/ros_gz_example_description/bin'
[0.356s] Level 1:colcon.colcon_core.environment:checking '/home/cameron/template_ws/install/ros_gz_example_description/lib/pkgconfig/ros_gz_example_description.pc'
[0.356s] Level 1:colcon.colcon_core.environment:checking '/home/cameron/template_ws/install/ros_gz_example_description/lib/python3.10/site-packages'
[0.356s] Level 1:colcon.colcon_core.environment:checking '/home/cameron/template_ws/install/ros_gz_example_description/bin'
[0.356s] INFO:colcon.colcon_core.shell:Creating package script '/home/cameron/template_ws/install/ros_gz_example_description/share/ros_gz_example_description/package.ps1'
[0.356s] INFO:colcon.colcon_core.shell:Creating package descriptor '/home/cameron/template_ws/install/ros_gz_example_description/share/ros_gz_example_description/package.dsv'
[0.357s] INFO:colcon.colcon_core.shell:Creating package script '/home/cameron/template_ws/install/ros_gz_example_description/share/ros_gz_example_description/package.sh'
[0.357s] INFO:colcon.colcon_core.shell:Creating package script '/home/cameron/template_ws/install/ros_gz_example_description/share/ros_gz_example_description/package.bash'
[0.357s] INFO:colcon.colcon_core.shell:Creating package script '/home/cameron/template_ws/install/ros_gz_example_description/share/ros_gz_example_description/package.zsh'
[0.357s] Level 1:colcon.colcon_core.environment:create_file_with_runtime_dependencies(/home/cameron/template_ws/install/ros_gz_example_description/share/colcon-core/packages/ros_gz_example_description)
[0.358s] INFO:colcon.colcon_ros.task.ament_cmake.build:Building ROS package in '/home/cameron/template_ws/src/ros_gz_project_template/ros_gz_example_gazebo' with build type 'ament_cmake'
[0.358s] INFO:colcon.colcon_cmake.task.cmake.build:Building CMake package in '/home/cameron/template_ws/src/ros_gz_project_template/ros_gz_example_gazebo'
[0.358s] INFO:colcon.colcon_core.shell:Skip shell extension 'powershell' for command environment: Not usable outside of PowerShell
[0.358s] DEBUG:colcon.colcon_core.shell:Skip shell extension 'dsv' for command environment
[0.361s] Level 1:colcon.colcon_core.environment:create_environment_scripts_only(ros_gz_example_application)
[0.361s] Level 1:colcon.colcon_core.environment:checking '/home/cameron/template_ws/install/ros_gz_example_application' for CMake module files
[0.361s] Level 1:colcon.colcon_core.environment:checking '/home/cameron/template_ws/install/ros_gz_example_application' for CMake config files
[0.362s] Level 1:colcon.colcon_core.shell:create_environment_hook('ros_gz_example_application', 'cmake_prefix_path')
[0.362s] INFO:colcon.colcon_core.shell:Creating environment hook '/home/cameron/template_ws/install/ros_gz_example_application/share/ros_gz_example_application/hook/cmake_prefix_path.ps1'
[0.362s] INFO:colcon.colcon_core.shell:Creating environment descriptor '/home/cameron/template_ws/install/ros_gz_example_application/share/ros_gz_example_application/hook/cmake_prefix_path.dsv'
[0.362s] INFO:colcon.colcon_core.shell:Creating environment hook '/home/cameron/template_ws/install/ros_gz_example_application/share/ros_gz_example_application/hook/cmake_prefix_path.sh'
[0.363s] Level 1:colcon.colcon_core.environment:checking '/home/cameron/template_ws/install/ros_gz_example_application/lib'
[0.363s] Level 1:colcon.colcon_core.environment:checking '/home/cameron/template_ws/install/ros_gz_example_application/bin'
[0.363s] Level 1:colcon.colcon_core.environment:checking '/home/cameron/template_ws/install/ros_gz_example_application/lib/pkgconfig/ros_gz_example_application.pc'
[0.363s] Level 1:colcon.colcon_core.environment:checking '/home/cameron/template_ws/install/ros_gz_example_application/lib/python3.10/site-packages'
[0.363s] Level 1:colcon.colcon_core.environment:checking '/home/cameron/template_ws/install/ros_gz_example_application/bin'
[0.363s] INFO:colcon.colcon_core.shell:Creating package script '/home/cameron/template_ws/install/ros_gz_example_application/share/ros_gz_example_application/package.ps1'
[0.363s] INFO:colcon.colcon_core.shell:Creating package descriptor '/home/cameron/template_ws/install/ros_gz_example_application/share/ros_gz_example_application/package.dsv'
[0.364s] INFO:colcon.colcon_core.shell:Creating package script '/home/cameron/template_ws/install/ros_gz_example_application/share/ros_gz_example_application/package.sh'
[0.364s] INFO:colcon.colcon_core.shell:Creating package script '/home/cameron/template_ws/install/ros_gz_example_application/share/ros_gz_example_application/package.bash'
[0.364s] INFO:colcon.colcon_core.shell:Creating package script '/home/cameron/template_ws/install/ros_gz_example_application/share/ros_gz_example_application/package.zsh'
[0.364s] Level 1:colcon.colcon_core.environment:create_file_with_runtime_dependencies(/home/cameron/template_ws/install/ros_gz_example_application/share/colcon-core/packages/ros_gz_example_application)
[0.368s] DEBUG:colcon.colcon_core.event_handler.log_command:Invoking command in '/home/cameron/template_ws/build/ros_gz_example_gazebo': CMAKE_PREFIX_PATH=/home/cameron/template_ws/install/ros_gz_example_description:/home/cameron/template_ws/install/ros_gz_example_bringup:/home/cameron/template_ws/install/ros_gz_example_gazebo:/home/cameron/template_ws/install/ros_gz_example_application:/opt/ros/humble IGN_GAZEBO_RESOURCE_PATH=/home/cameron/template_ws/install/ros_gz_example_description/share/ros_gz_example_description/models:${IGN_GAZEBO_RESOURCE_PATH} /usr/bin/cmake --build /home/cameron/template_ws/build/ros_gz_example_gazebo -- -j22 -l22
[0.422s] DEBUG:colcon.colcon_core.event_handler.log_command:Invoked command in '/home/cameron/template_ws/build/ros_gz_example_gazebo' returned '0': CMAKE_PREFIX_PATH=/home/cameron/template_ws/install/ros_gz_example_description:/home/cameron/template_ws/install/ros_gz_example_bringup:/home/cameron/template_ws/install/ros_gz_example_gazebo:/home/cameron/template_ws/install/ros_gz_example_application:/opt/ros/humble IGN_GAZEBO_RESOURCE_PATH=/home/cameron/template_ws/install/ros_gz_example_description/share/ros_gz_example_description/models:${IGN_GAZEBO_RESOURCE_PATH} /usr/bin/cmake --build /home/cameron/template_ws/build/ros_gz_example_gazebo -- -j22 -l22
[0.448s] DEBUG:colcon.colcon_core.event_handler.log_command:Invoking command in '/home/cameron/template_ws/build/ros_gz_example_gazebo': CMAKE_PREFIX_PATH=/home/cameron/template_ws/install/ros_gz_example_description:/home/cameron/template_ws/install/ros_gz_example_bringup:/home/cameron/template_ws/install/ros_gz_example_gazebo:/home/cameron/template_ws/install/ros_gz_example_application:/opt/ros/humble IGN_GAZEBO_RESOURCE_PATH=/home/cameron/template_ws/install/ros_gz_example_description/share/ros_gz_example_description/models:${IGN_GAZEBO_RESOURCE_PATH} /usr/bin/cmake --install /home/cameron/template_ws/build/ros_gz_example_gazebo
[0.455s] Level 1:colcon.colcon_core.environment:create_environment_scripts_only(ros_gz_example_gazebo)
[0.455s] Level 1:colcon.colcon_core.environment:checking '/home/cameron/template_ws/install/ros_gz_example_gazebo' for CMake module files
[0.455s] DEBUG:colcon.colcon_core.event_handler.log_command:Invoked command in '/home/cameron/template_ws/build/ros_gz_example_gazebo' returned '0': CMAKE_PREFIX_PATH=/home/cameron/template_ws/install/ros_gz_example_description:/home/cameron/template_ws/install/ros_gz_example_bringup:/home/cameron/template_ws/install/ros_gz_example_gazebo:/home/cameron/template_ws/install/ros_gz_example_application:/opt/ros/humble IGN_GAZEBO_RESOURCE_PATH=/home/cameron/template_ws/install/ros_gz_example_description/share/ros_gz_example_description/models:${IGN_GAZEBO_RESOURCE_PATH} /usr/bin/cmake --install /home/cameron/template_ws/build/ros_gz_example_gazebo
[0.456s] Level 1:colcon.colcon_core.environment:checking '/home/cameron/template_ws/install/ros_gz_example_gazebo' for CMake config files
[0.456s] Level 1:colcon.colcon_core.shell:create_environment_hook('ros_gz_example_gazebo', 'cmake_prefix_path')
[0.457s] INFO:colcon.colcon_core.shell:Creating environment hook '/home/cameron/template_ws/install/ros_gz_example_gazebo/share/ros_gz_example_gazebo/hook/cmake_prefix_path.ps1'
[0.457s] INFO:colcon.colcon_core.shell:Creating environment descriptor '/home/cameron/template_ws/install/ros_gz_example_gazebo/share/ros_gz_example_gazebo/hook/cmake_prefix_path.dsv'
[0.457s] INFO:colcon.colcon_core.shell:Creating environment hook '/home/cameron/template_ws/install/ros_gz_example_gazebo/share/ros_gz_example_gazebo/hook/cmake_prefix_path.sh'
[0.458s] Level 1:colcon.colcon_core.environment:checking '/home/cameron/template_ws/install/ros_gz_example_gazebo/lib'
[0.458s] Level 1:colcon.colcon_core.environment:checking '/home/cameron/template_ws/install/ros_gz_example_gazebo/bin'
[0.458s] Level 1:colcon.colcon_core.environment:checking '/home/cameron/template_ws/install/ros_gz_example_gazebo/lib/pkgconfig/ros_gz_example_gazebo.pc'
[0.458s] Level 1:colcon.colcon_core.environment:checking '/home/cameron/template_ws/install/ros_gz_example_gazebo/lib/python3.10/site-packages'
[0.459s] Level 1:colcon.colcon_core.environment:checking '/home/cameron/template_ws/install/ros_gz_example_gazebo/bin'
[0.459s] INFO:colcon.colcon_core.shell:Creating package script '/home/cameron/template_ws/install/ros_gz_example_gazebo/share/ros_gz_example_gazebo/package.ps1'
[0.459s] INFO:colcon.colcon_core.shell:Creating package descriptor '/home/cameron/template_ws/install/ros_gz_example_gazebo/share/ros_gz_example_gazebo/package.dsv'
[0.460s] INFO:colcon.colcon_core.shell:Creating package script '/home/cameron/template_ws/install/ros_gz_example_gazebo/share/ros_gz_example_gazebo/package.sh'
[0.460s] INFO:colcon.colcon_core.shell:Creating package script '/home/cameron/template_ws/install/ros_gz_example_gazebo/share/ros_gz_example_gazebo/package.bash'
[0.461s] INFO:colcon.colcon_core.shell:Creating package script '/home/cameron/template_ws/install/ros_gz_example_gazebo/share/ros_gz_example_gazebo/package.zsh'
[0.461s] Level 1:colcon.colcon_core.environment:create_file_with_runtime_dependencies(/home/cameron/template_ws/install/ros_gz_example_gazebo/share/colcon-core/packages/ros_gz_example_gazebo)
[0.484s] Level 1:colcon.colcon_core.environment:create_environment_scripts_only(ros_gz_example_gazebo)
[0.484s] Level 1:colcon.colcon_core.environment:checking '/home/cameron/template_ws/install/ros_gz_example_gazebo' for CMake module files
[0.485s] Level 1:colcon.colcon_core.environment:checking '/home/cameron/template_ws/install/ros_gz_example_gazebo' for CMake config files
[0.485s] Level 1:colcon.colcon_core.shell:create_environment_hook('ros_gz_example_gazebo', 'cmake_prefix_path')
[0.485s] INFO:colcon.colcon_core.shell:Creating environment hook '/home/cameron/template_ws/install/ros_gz_example_gazebo/share/ros_gz_example_gazebo/hook/cmake_prefix_path.ps1'
[0.485s] INFO:colcon.colcon_core.shell:Creating environment descriptor '/home/cameron/template_ws/install/ros_gz_example_gazebo/share/ros_gz_example_gazebo/hook/cmake_prefix_path.dsv'
[0.486s] INFO:colcon.colcon_core.shell:Creating environment hook '/home/cameron/template_ws/install/ros_gz_example_gazebo/share/ros_gz_example_gazebo/hook/cmake_prefix_path.sh'
[0.486s] Level 1:colcon.colcon_core.environment:checking '/home/cameron/template_ws/install/ros_gz_example_gazebo/lib'
[0.486s] Level 1:colcon.colcon_core.environment:checking '/home/cameron/template_ws/install/ros_gz_example_gazebo/bin'
[0.486s] Level 1:colcon.colcon_core.environment:checking '/home/cameron/template_ws/install/ros_gz_example_gazebo/lib/pkgconfig/ros_gz_example_gazebo.pc'
[0.486s] Level 1:colcon.colcon_core.environment:checking '/home/cameron/template_ws/install/ros_gz_example_gazebo/lib/python3.10/site-packages'
[0.486s] Level 1:colcon.colcon_core.environment:checking '/home/cameron/template_ws/install/ros_gz_example_gazebo/bin'
[0.487s] INFO:colcon.colcon_core.shell:Creating package script '/home/cameron/template_ws/install/ros_gz_example_gazebo/share/ros_gz_example_gazebo/package.ps1'
[0.487s] INFO:colcon.colcon_core.shell:Creating package descriptor '/home/cameron/template_ws/install/ros_gz_example_gazebo/share/ros_gz_example_gazebo/package.dsv'
[0.487s] INFO:colcon.colcon_core.shell:Creating package script '/home/cameron/template_ws/install/ros_gz_example_gazebo/share/ros_gz_example_gazebo/package.sh'
[0.487s] INFO:colcon.colcon_core.shell:Creating package script '/home/cameron/template_ws/install/ros_gz_example_gazebo/share/ros_gz_example_gazebo/package.bash'
[0.488s] INFO:colcon.colcon_core.shell:Creating package script '/home/cameron/template_ws/install/ros_gz_example_gazebo/share/ros_gz_example_gazebo/package.zsh'
[0.488s] Level 1:colcon.colcon_core.environment:create_file_with_runtime_dependencies(/home/cameron/template_ws/install/ros_gz_example_gazebo/share/colcon-core/packages/ros_gz_example_gazebo)
[0.488s] INFO:colcon.colcon_ros.task.ament_cmake.build:Building ROS package in '/home/cameron/template_ws/src/ros_gz_project_template/ros_gz_example_bringup' with build type 'ament_cmake'
[0.488s] INFO:colcon.colcon_cmake.task.cmake.build:Building CMake package in '/home/cameron/template_ws/src/ros_gz_project_template/ros_gz_example_bringup'
[0.488s] INFO:colcon.colcon_core.shell:Skip shell extension 'powershell' for command environment: Not usable outside of PowerShell
[0.488s] DEBUG:colcon.colcon_core.shell:Skip shell extension 'dsv' for command environment
[0.495s] DEBUG:colcon.colcon_core.event_handler.log_command:Invoking command in '/home/cameron/template_ws/build/ros_gz_example_bringup': CMAKE_PREFIX_PATH=/home/cameron/template_ws/install/ros_gz_example_gazebo:/home/cameron/template_ws/install/ros_gz_example_description:/home/cameron/template_ws/install/ros_gz_example_bringup:/home/cameron/template_ws/install/ros_gz_example_application:/opt/ros/humble IGN_GAZEBO_PLUGIN_PATH=/home/cameron/template_ws/install/ros_gz_example_gazebo/lib/ros_gz_example_gazebo IGN_GAZEBO_RESOURCE_PATH=/home/cameron/template_ws/install/ros_gz_example_description/share/ros_gz_example_description/models:${IGN_GAZEBO_RESOURCE_PATH} /usr/bin/cmake --build /home/cameron/template_ws/build/ros_gz_example_bringup -- -j22 -l22
[0.528s] DEBUG:colcon.colcon_core.event_handler.log_command:Invoked command in '/home/cameron/template_ws/build/ros_gz_example_bringup' returned '0': CMAKE_PREFIX_PATH=/home/cameron/template_ws/install/ros_gz_example_gazebo:/home/cameron/template_ws/install/ros_gz_example_description:/home/cameron/template_ws/install/ros_gz_example_bringup:/home/cameron/template_ws/install/ros_gz_example_application:/opt/ros/humble IGN_GAZEBO_PLUGIN_PATH=/home/cameron/template_ws/install/ros_gz_example_gazebo/lib/ros_gz_example_gazebo IGN_GAZEBO_RESOURCE_PATH=/home/cameron/template_ws/install/ros_gz_example_description/share/ros_gz_example_description/models:${IGN_GAZEBO_RESOURCE_PATH} /usr/bin/cmake --build /home/cameron/template_ws/build/ros_gz_example_bringup -- -j22 -l22
[0.547s] DEBUG:colcon.colcon_core.event_handler.log_command:Invoking command in '/home/cameron/template_ws/build/ros_gz_example_bringup': CMAKE_PREFIX_PATH=/home/cameron/template_ws/install/ros_gz_example_gazebo:/home/cameron/template_ws/install/ros_gz_example_description:/home/cameron/template_ws/install/ros_gz_example_bringup:/home/cameron/template_ws/install/ros_gz_example_application:/opt/ros/humble IGN_GAZEBO_PLUGIN_PATH=/home/cameron/template_ws/install/ros_gz_example_gazebo/lib/ros_gz_example_gazebo IGN_GAZEBO_RESOURCE_PATH=/home/cameron/template_ws/install/ros_gz_example_description/share/ros_gz_example_description/models:${IGN_GAZEBO_RESOURCE_PATH} /usr/bin/cmake --install /home/cameron/template_ws/build/ros_gz_example_bringup
[0.553s] Level 1:colcon.colcon_core.environment:create_environment_scripts_only(ros_gz_example_bringup)
[0.553s] Level 1:colcon.colcon_core.environment:checking '/home/cameron/template_ws/install/ros_gz_example_bringup' for CMake module files
[0.553s] DEBUG:colcon.colcon_core.event_handler.log_command:Invoked command in '/home/cameron/template_ws/build/ros_gz_example_bringup' returned '0': CMAKE_PREFIX_PATH=/home/cameron/template_ws/install/ros_gz_example_gazebo:/home/cameron/template_ws/install/ros_gz_example_description:/home/cameron/template_ws/install/ros_gz_example_bringup:/home/cameron/template_ws/install/ros_gz_example_application:/opt/ros/humble IGN_GAZEBO_PLUGIN_PATH=/home/cameron/template_ws/install/ros_gz_example_gazebo/lib/ros_gz_example_gazebo IGN_GAZEBO_RESOURCE_PATH=/home/cameron/template_ws/install/ros_gz_example_description/share/ros_gz_example_description/models:${IGN_GAZEBO_RESOURCE_PATH} /usr/bin/cmake --install /home/cameron/template_ws/build/ros_gz_example_bringup
[0.553s] Level 1:colcon.colcon_core.environment:checking '/home/cameron/template_ws/install/ros_gz_example_bringup' for CMake config files
[0.554s] Level 1:colcon.colcon_core.shell:create_environment_hook('ros_gz_example_bringup', 'cmake_prefix_path')
[0.554s] INFO:colcon.colcon_core.shell:Creating environment hook '/home/cameron/template_ws/install/ros_gz_example_bringup/share/ros_gz_example_bringup/hook/cmake_prefix_path.ps1'
[0.554s] INFO:colcon.colcon_core.shell:Creating environment descriptor '/home/cameron/template_ws/install/ros_gz_example_bringup/share/ros_gz_example_bringup/hook/cmake_prefix_path.dsv'
[0.554s] INFO:colcon.colcon_core.shell:Creating environment hook '/home/cameron/template_ws/install/ros_gz_example_bringup/share/ros_gz_example_bringup/hook/cmake_prefix_path.sh'
[0.555s] Level 1:colcon.colcon_core.environment:checking '/home/cameron/template_ws/install/ros_gz_example_bringup/bin'
[0.555s] Level 1:colcon.colcon_core.environment:checking '/home/cameron/template_ws/install/ros_gz_example_bringup/lib/pkgconfig/ros_gz_example_bringup.pc'
[0.555s] Level 1:colcon.colcon_core.environment:checking '/home/cameron/template_ws/install/ros_gz_example_bringup/lib/python3.10/site-packages'
[0.555s] Level 1:colcon.colcon_core.environment:checking '/home/cameron/template_ws/install/ros_gz_example_bringup/bin'
[0.555s] INFO:colcon.colcon_core.shell:Creating package script '/home/cameron/template_ws/install/ros_gz_example_bringup/share/ros_gz_example_bringup/package.ps1'
[0.555s] INFO:colcon.colcon_core.shell:Creating package descriptor '/home/cameron/template_ws/install/ros_gz_example_bringup/share/ros_gz_example_bringup/package.dsv'
[0.555s] INFO:colcon.colcon_core.shell:Creating package script '/home/cameron/template_ws/install/ros_gz_example_bringup/share/ros_gz_example_bringup/package.sh'
[0.556s] INFO:colcon.colcon_core.shell:Creating package script '/home/cameron/template_ws/install/ros_gz_example_bringup/share/ros_gz_example_bringup/package.bash'
[0.556s] INFO:colcon.colcon_core.shell:Creating package script '/home/cameron/template_ws/install/ros_gz_example_bringup/share/ros_gz_example_bringup/package.zsh'
[0.556s] Level 1:colcon.colcon_core.environment:create_file_with_runtime_dependencies(/home/cameron/template_ws/install/ros_gz_example_bringup/share/colcon-core/packages/ros_gz_example_bringup)
[0.574s] Level 1:colcon.colcon_core.environment:create_environment_scripts_only(ros_gz_example_bringup)
[0.574s] Level 1:colcon.colcon_core.environment:checking '/home/cameron/template_ws/install/ros_gz_example_bringup' for CMake module files
[0.575s] Level 1:colcon.colcon_core.environment:checking '/home/cameron/template_ws/install/ros_gz_example_bringup' for CMake config files
[0.575s] Level 1:colcon.colcon_core.shell:create_environment_hook('ros_gz_example_bringup', 'cmake_prefix_path')
[0.575s] INFO:colcon.colcon_core.shell:Creating environment hook '/home/cameron/template_ws/install/ros_gz_example_bringup/share/ros_gz_example_bringup/hook/cmake_prefix_path.ps1'
[0.575s] INFO:colcon.colcon_core.shell:Creating environment descriptor '/home/cameron/template_ws/install/ros_gz_example_bringup/share/ros_gz_example_bringup/hook/cmake_prefix_path.dsv'
[0.576s] INFO:colcon.colcon_core.shell:Creating environment hook '/home/cameron/template_ws/install/ros_gz_example_bringup/share/ros_gz_example_bringup/hook/cmake_prefix_path.sh'
[0.576s] Level 1:colcon.colcon_core.environment:checking '/home/cameron/template_ws/install/ros_gz_example_bringup/bin'
[0.576s] Level 1:colcon.colcon_core.environment:checking '/home/cameron/template_ws/install/ros_gz_example_bringup/lib/pkgconfig/ros_gz_example_bringup.pc'
[0.576s] Level 1:colcon.colcon_core.environment:checking '/home/cameron/template_ws/install/ros_gz_example_bringup/lib/python3.10/site-packages'
[0.577s] Level 1:colcon.colcon_core.environment:checking '/home/cameron/template_ws/install/ros_gz_example_bringup/bin'
[0.577s] INFO:colcon.colcon_core.shell:Creating package script '/home/cameron/template_ws/install/ros_gz_example_bringup/share/ros_gz_example_bringup/package.ps1'
[0.577s] INFO:colcon.colcon_core.shell:Creating package descriptor '/home/cameron/template_ws/install/ros_gz_example_bringup/share/ros_gz_example_bringup/package.dsv'
[0.578s] INFO:colcon.colcon_core.shell:Creating package script '/home/cameron/template_ws/install/ros_gz_example_bringup/share/ros_gz_example_bringup/package.sh'
[0.578s] INFO:colcon.colcon_core.shell:Creating package script '/home/cameron/template_ws/install/ros_gz_example_bringup/share/ros_gz_example_bringup/package.bash'
[0.578s] INFO:colcon.colcon_core.shell:Creating package script '/home/cameron/template_ws/install/ros_gz_example_bringup/share/ros_gz_example_bringup/package.zsh'
[0.578s] Level 1:colcon.colcon_core.environment:create_file_with_runtime_dependencies(/home/cameron/template_ws/install/ros_gz_example_bringup/share/colcon-core/packages/ros_gz_example_bringup)
[0.579s] DEBUG:colcon.colcon_parallel_executor.executor.parallel:closing loop
[0.579s] DEBUG:colcon.colcon_parallel_executor.executor.parallel:loop closed
[0.579s] DEBUG:colcon.colcon_parallel_executor.executor.parallel:run_until_complete finished with '0'
[0.579s] DEBUG:colcon.colcon_core.event_reactor:joining thread
[0.583s] INFO:colcon.colcon_core.plugin_system:Skipping extension 'colcon_notification.desktop_notification.terminal_notifier': Not used on non-Darwin systems
[0.583s] INFO:colcon.colcon_core.plugin_system:Skipping extension 'colcon_notification.desktop_notification.win32': Not used on non-Windows systems
[0.583s] INFO:colcon.colcon_notification.desktop_notification:Sending desktop notification using 'notify2'
[0.596s] DEBUG:colcon.colcon_core.event_reactor:joined thread
[0.596s] INFO:colcon.colcon_core.shell:Creating prefix script '/home/cameron/template_ws/install/local_setup.ps1'
[0.597s] INFO:colcon.colcon_core.shell:Creating prefix util module '/home/cameron/template_ws/install/_local_setup_util_ps1.py'
[0.598s] INFO:colcon.colcon_core.shell:Creating prefix chain script '/home/cameron/template_ws/install/setup.ps1'
[0.599s] INFO:colcon.colcon_core.shell:Creating prefix script '/home/cameron/template_ws/install/local_setup.sh'
[0.599s] INFO:colcon.colcon_core.shell:Creating prefix util module '/home/cameron/template_ws/install/_local_setup_util_sh.py'
[0.600s] INFO:colcon.colcon_core.shell:Creating prefix chain script '/home/cameron/template_ws/install/setup.sh'
[0.600s] INFO:colcon.colcon_core.shell:Creating prefix script '/home/cameron/template_ws/install/local_setup.bash'
[0.601s] INFO:colcon.colcon_core.shell:Creating prefix chain script '/home/cameron/template_ws/install/setup.bash'
[0.601s] INFO:colcon.colcon_core.shell:Creating prefix script '/home/cameron/template_ws/install/local_setup.zsh'
[0.602s] INFO:colcon.colcon_core.shell:Creating prefix chain script '/home/cameron/template_ws/install/setup.zsh'
