[0.011s] Invoking command in '/home/cameron/template_ws/build/ros_gz_example_application': CMAKE_PREFIX_PATH=${CMAKE_PREFIX_PATH}:/opt/ros/humble /usr/bin/cmake --build /home/cameron/template_ws/build/ros_gz_example_application -- -j22 -l22
[0.032s] -- Found ament_cmake: 1.3.10 (/opt/ros/humble/share/ament_cmake/cmake)
[0.116s] -- Found rclpy: 3.3.14 (/opt/ros/humble/share/rclpy/cmake)
[0.116s] -- Found geometry_msgs: 4.2.4 (/opt/ros/humble/share/geometry_msgs/cmake)
[0.140s] -- Found rosidl_generator_c: 3.1.5 (/opt/ros/humble/share/rosidl_generator_c/cmake)
[0.142s] -- Found rosidl_adapter: 3.1.5 (/opt/ros/humble/share/rosidl_adapter/cmake)
[0.146s] -- Found rosidl_generator_cpp: 3.1.5 (/opt/ros/humble/share/rosidl_generator_cpp/cmake)
[0.154s] -- Using all available rosidl_typesupport_c: rosidl_typesupport_fastrtps_c;rosidl_typesupport_introspection_c
[0.166s] -- Using all available rosidl_typesupport_cpp: rosidl_typesupport_fastrtps_cpp;rosidl_typesupport_introspection_cpp
[0.190s] -- Found ros_gz_interfaces: 0.244.15 (/opt/ros/humble/share/ros_gz_interfaces/cmake)
[0.246s] -- Configuring done
[0.250s] -- Generating done
[0.250s] -- Build files have been written to: /home/cameron/template_ws/build/ros_gz_example_application
[0.268s] Invoked command in '/home/cameron/template_ws/build/ros_gz_example_application' returned '0': CMAKE_PREFIX_PATH=${CMAKE_PREFIX_PATH}:/opt/ros/humble /usr/bin/cmake --build /home/cameron/template_ws/build/ros_gz_example_application -- -j22 -l22
[0.283s] Invoking command in '/home/cameron/template_ws/build/ros_gz_example_application': CMAKE_PREFIX_PATH=${CMAKE_PREFIX_PATH}:/opt/ros/humble /usr/bin/cmake --install /home/cameron/template_ws/build/ros_gz_example_application
[0.288s] -- Install configuration: ""
[0.288s] -- Installing: /home/cameron/template_ws/install/ros_gz_example_application/lib/ros_gz_example_application/skid_controller.py
[0.289s] -- Up-to-date: /home/cameron/template_ws/install/ros_gz_example_application/share/ament_index/resource_index/package_run_dependencies/ros_gz_example_application
[0.289s] -- Up-to-date: /home/cameron/template_ws/install/ros_gz_example_application/share/ament_index/resource_index/parent_prefix_path/ros_gz_example_application
[0.289s] -- Up-to-date: /home/cameron/template_ws/install/ros_gz_example_application/share/ros_gz_example_application/environment/ament_prefix_path.sh
[0.289s] -- Installing: /home/cameron/template_ws/install/ros_gz_example_application/share/ros_gz_example_application/environment/ament_prefix_path.dsv
[0.289s] -- Up-to-date: /home/cameron/template_ws/install/ros_gz_example_application/share/ros_gz_example_application/environment/path.sh
[0.289s] -- Installing: /home/cameron/template_ws/install/ros_gz_example_application/share/ros_gz_example_application/environment/path.dsv
[0.289s] -- Up-to-date: /home/cameron/template_ws/install/ros_gz_example_application/share/ros_gz_example_application/local_setup.bash
[0.289s] -- Up-to-date: /home/cameron/template_ws/install/ros_gz_example_application/share/ros_gz_example_application/local_setup.sh
[0.289s] -- Up-to-date: /home/cameron/template_ws/install/ros_gz_example_application/share/ros_gz_example_application/local_setup.zsh
[0.289s] -- Installing: /home/cameron/template_ws/install/ros_gz_example_application/share/ros_gz_example_application/local_setup.dsv
[0.289s] -- Installing: /home/cameron/template_ws/install/ros_gz_example_application/share/ros_gz_example_application/package.dsv
[0.289s] -- Up-to-date: /home/cameron/template_ws/install/ros_gz_example_application/share/ament_index/resource_index/packages/ros_gz_example_application
[0.289s] -- Up-to-date: /home/cameron/template_ws/install/ros_gz_example_application/share/ros_gz_example_application/cmake/ros_gz_example_applicationConfig.cmake
[0.289s] -- Up-to-date: /home/cameron/template_ws/install/ros_gz_example_application/share/ros_gz_example_application/cmake/ros_gz_example_applicationConfig-version.cmake
[0.289s] -- Installing: /home/cameron/template_ws/install/ros_gz_example_application/share/ros_gz_example_application/package.xml
[0.291s] Invoked command in '/home/cameron/template_ws/build/ros_gz_example_application' returned '0': CMAKE_PREFIX_PATH=${CMAKE_PREFIX_PATH}:/opt/ros/humble /usr/bin/cmake --install /home/cameron/template_ws/build/ros_gz_example_application
