[0.006s] Invoking command in '/home/cameron/template_ws/build/ros_gz_example_application': CMAKE_PREFIX_PATH=${CMAKE_PREFIX_PATH}:/opt/ros/humble /usr/bin/cmake /home/cameron/template_ws/src/ros_gz_project_template/ros_gz_example_application -DBUILD_TESTING=ON -DCMAKE_INSTALL_PREFIX=/home/cameron/template_ws/install/ros_gz_example_application
[0.053s] -- The C compiler identification is GNU 11.4.0
[0.091s] -- The CXX compiler identification is GNU 11.4.0
[0.096s] -- Detecting C compiler ABI info
[0.152s] -- Detecting C compiler ABI info - done
[0.159s] -- Check for working C compiler: /usr/bin/cc - skipped
[0.159s] -- Detecting C compile features
[0.160s] -- Detecting C compile features - done
[0.162s] -- Detecting CXX compiler ABI info
[0.221s] -- Detecting CXX compiler ABI info - done
[0.228s] -- Check for working CXX compiler: /usr/bin/c++ - skipped
[0.228s] -- Detecting CXX compile features
[0.228s] -- Detecting CXX compile features - done
[0.229s] -- Found ament_cmake: 1.3.10 (/opt/ros/humble/share/ament_cmake/cmake)
[0.323s] -- Found Python3: /usr/bin/python3 (found version "3.10.12") found components: Interpreter 
[0.413s] -- Configuring done
[0.415s] -- Generating done
[0.415s] -- Build files have been written to: /home/cameron/template_ws/build/ros_gz_example_application
[0.418s] Invoked command in '/home/cameron/template_ws/build/ros_gz_example_application' returned '0': CMAKE_PREFIX_PATH=${CMAKE_PREFIX_PATH}:/opt/ros/humble /usr/bin/cmake /home/cameron/template_ws/src/ros_gz_project_template/ros_gz_example_application -DBUILD_TESTING=ON -DCMAKE_INSTALL_PREFIX=/home/cameron/template_ws/install/ros_gz_example_application
[0.420s] Invoking command in '/home/cameron/template_ws/build/ros_gz_example_application': CMAKE_PREFIX_PATH=${CMAKE_PREFIX_PATH}:/opt/ros/humble /usr/bin/cmake --build /home/cameron/template_ws/build/ros_gz_example_application -- -j22 -l22
[0.454s] Invoked command in '/home/cameron/template_ws/build/ros_gz_example_application' returned '0': CMAKE_PREFIX_PATH=${CMAKE_PREFIX_PATH}:/opt/ros/humble /usr/bin/cmake --build /home/cameron/template_ws/build/ros_gz_example_application -- -j22 -l22
[0.471s] Invoking command in '/home/cameron/template_ws/build/ros_gz_example_application': CMAKE_PREFIX_PATH=${CMAKE_PREFIX_PATH}:/opt/ros/humble /usr/bin/cmake --install /home/cameron/template_ws/build/ros_gz_example_application
[0.475s] -- Install configuration: ""
[0.476s] -- Installing: /home/cameron/template_ws/install/ros_gz_example_application/share/ament_index/resource_index/package_run_dependencies/ros_gz_example_application
[0.476s] -- Installing: /home/cameron/template_ws/install/ros_gz_example_application/share/ament_index/resource_index/parent_prefix_path/ros_gz_example_application
[0.476s] -- Installing: /home/cameron/template_ws/install/ros_gz_example_application/share/ros_gz_example_application/environment/ament_prefix_path.sh
[0.476s] -- Installing: /home/cameron/template_ws/install/ros_gz_example_application/share/ros_gz_example_application/environment/ament_prefix_path.dsv
[0.476s] -- Installing: /home/cameron/template_ws/install/ros_gz_example_application/share/ros_gz_example_application/environment/path.sh
[0.476s] -- Installing: /home/cameron/template_ws/install/ros_gz_example_application/share/ros_gz_example_application/environment/path.dsv
[0.476s] -- Installing: /home/cameron/template_ws/install/ros_gz_example_application/share/ros_gz_example_application/local_setup.bash
[0.476s] -- Installing: /home/cameron/template_ws/install/ros_gz_example_application/share/ros_gz_example_application/local_setup.sh
[0.476s] -- Installing: /home/cameron/template_ws/install/ros_gz_example_application/share/ros_gz_example_application/local_setup.zsh
[0.476s] -- Installing: /home/cameron/template_ws/install/ros_gz_example_application/share/ros_gz_example_application/local_setup.dsv
[0.476s] -- Installing: /home/cameron/template_ws/install/ros_gz_example_application/share/ros_gz_example_application/package.dsv
[0.476s] -- Installing: /home/cameron/template_ws/install/ros_gz_example_application/share/ament_index/resource_index/packages/ros_gz_example_application
[0.476s] -- Installing: /home/cameron/template_ws/install/ros_gz_example_application/share/ros_gz_example_application/cmake/ros_gz_example_applicationConfig.cmake
[0.476s] -- Installing: /home/cameron/template_ws/install/ros_gz_example_application/share/ros_gz_example_application/cmake/ros_gz_example_applicationConfig-version.cmake
[0.476s] -- Installing: /home/cameron/template_ws/install/ros_gz_example_application/share/ros_gz_example_application/package.xml
[0.477s] Invoked command in '/home/cameron/template_ws/build/ros_gz_example_application' returned '0': CMAKE_PREFIX_PATH=${CMAKE_PREFIX_PATH}:/opt/ros/humble /usr/bin/cmake --install /home/cameron/template_ws/build/ros_gz_example_application
