[0.007s] Invoking command in '/home/cameron/template_ws/build/ros_gz_example_gazebo': CMAKE_PREFIX_PATH=/home/cameron/template_ws/install/ros_gz_example_description:/home/cameron/template_ws/install/ros_gz_example_bringup:/home/cameron/template_ws/install/ros_gz_example_gazebo:/home/cameron/template_ws/install/ros_gz_example_application:/opt/ros/humble IGN_GAZEBO_RESOURCE_PATH=/home/cameron/template_ws/install/ros_gz_example_description/share/ros_gz_example_description/models:${IGN_GAZEBO_RESOURCE_PATH} /usr/bin/cmake --build /home/cameron/template_ws/build/ros_gz_example_gazebo -- -j22 -l22
[0.041s] [35m[1mConsolidate compiler generated dependencies of target BasicSystem[0m
[0.042s] [35m[1mConsolidate compiler generated dependencies of target FullSystem[0m
[0.053s] [ 50%] Built target BasicSystem
[0.054s] [100%] Built target FullSystem
[0.065s] Invoked command in '/home/cameron/template_ws/build/ros_gz_example_gazebo' returned '0': CMAKE_PREFIX_PATH=/home/cameron/template_ws/install/ros_gz_example_description:/home/cameron/template_ws/install/ros_gz_example_bringup:/home/cameron/template_ws/install/ros_gz_example_gazebo:/home/cameron/template_ws/install/ros_gz_example_application:/opt/ros/humble IGN_GAZEBO_RESOURCE_PATH=/home/cameron/template_ws/install/ros_gz_example_description/share/ros_gz_example_description/models:${IGN_GAZEBO_RESOURCE_PATH} /usr/bin/cmake --build /home/cameron/template_ws/build/ros_gz_example_gazebo -- -j22 -l22
[0.087s] Invoking command in '/home/cameron/template_ws/build/ros_gz_example_gazebo': CMAKE_PREFIX_PATH=/home/cameron/template_ws/install/ros_gz_example_description:/home/cameron/template_ws/install/ros_gz_example_bringup:/home/cameron/template_ws/install/ros_gz_example_gazebo:/home/cameron/template_ws/install/ros_gz_example_application:/opt/ros/humble IGN_GAZEBO_RESOURCE_PATH=/home/cameron/template_ws/install/ros_gz_example_description/share/ros_gz_example_description/models:${IGN_GAZEBO_RESOURCE_PATH} /usr/bin/cmake --install /home/cameron/template_ws/build/ros_gz_example_gazebo
[0.091s] -- Install configuration: ""
[0.094s] -- Up-to-date: /home/cameron/template_ws/install/ros_gz_example_gazebo/lib/ros_gz_example_gazebo/libBasicSystem.so
[0.095s] -- Up-to-date: /home/cameron/template_ws/install/ros_gz_example_gazebo/lib/ros_gz_example_gazebo/libFullSystem.so
[0.095s] -- Up-to-date: /home/cameron/template_ws/install/ros_gz_example_gazebo/share/ros_gz_example_gazebo/worlds
[0.095s] -- Up-to-date: /home/cameron/template_ws/install/ros_gz_example_gazebo/share/ros_gz_example_gazebo/worlds/diff_drive.sdf
[0.095s] -- Up-to-date: /home/cameron/template_ws/install/ros_gz_example_gazebo/share/ros_gz_example_gazebo/environment/ros_gz_example_gazebo.dsv
[0.095s] -- Up-to-date: /home/cameron/template_ws/install/ros_gz_example_gazebo/share/ros_gz_example_gazebo/environment/ros_gz_example_gazebo.sh
[0.095s] -- Up-to-date: /home/cameron/template_ws/install/ros_gz_example_gazebo/share/ament_index/resource_index/package_run_dependencies/ros_gz_example_gazebo
[0.095s] -- Up-to-date: /home/cameron/template_ws/install/ros_gz_example_gazebo/share/ament_index/resource_index/parent_prefix_path/ros_gz_example_gazebo
[0.095s] -- Up-to-date: /home/cameron/template_ws/install/ros_gz_example_gazebo/share/ros_gz_example_gazebo/environment/ament_prefix_path.sh
[0.095s] -- Up-to-date: /home/cameron/template_ws/install/ros_gz_example_gazebo/share/ros_gz_example_gazebo/environment/ament_prefix_path.dsv
[0.095s] -- Up-to-date: /home/cameron/template_ws/install/ros_gz_example_gazebo/share/ros_gz_example_gazebo/environment/path.sh
[0.095s] -- Up-to-date: /home/cameron/template_ws/install/ros_gz_example_gazebo/share/ros_gz_example_gazebo/environment/path.dsv
[0.096s] -- Up-to-date: /home/cameron/template_ws/install/ros_gz_example_gazebo/share/ros_gz_example_gazebo/local_setup.bash
[0.096s] -- Up-to-date: /home/cameron/template_ws/install/ros_gz_example_gazebo/share/ros_gz_example_gazebo/local_setup.sh
[0.096s] -- Up-to-date: /home/cameron/template_ws/install/ros_gz_example_gazebo/share/ros_gz_example_gazebo/local_setup.zsh
[0.096s] -- Up-to-date: /home/cameron/template_ws/install/ros_gz_example_gazebo/share/ros_gz_example_gazebo/local_setup.dsv
[0.096s] -- Installing: /home/cameron/template_ws/install/ros_gz_example_gazebo/share/ros_gz_example_gazebo/package.dsv
[0.096s] -- Up-to-date: /home/cameron/template_ws/install/ros_gz_example_gazebo/share/ament_index/resource_index/packages/ros_gz_example_gazebo
[0.096s] -- Up-to-date: /home/cameron/template_ws/install/ros_gz_example_gazebo/share/ros_gz_example_gazebo/cmake/ros_gz_example_gazeboConfig.cmake
[0.096s] -- Up-to-date: /home/cameron/template_ws/install/ros_gz_example_gazebo/share/ros_gz_example_gazebo/cmake/ros_gz_example_gazeboConfig-version.cmake
[0.096s] -- Up-to-date: /home/cameron/template_ws/install/ros_gz_example_gazebo/share/ros_gz_example_gazebo/package.xml
[0.096s] Invoked command in '/home/cameron/template_ws/build/ros_gz_example_gazebo' returned '0': CMAKE_PREFIX_PATH=/home/cameron/template_ws/install/ros_gz_example_description:/home/cameron/template_ws/install/ros_gz_example_bringup:/home/cameron/template_ws/install/ros_gz_example_gazebo:/home/cameron/template_ws/install/ros_gz_example_application:/opt/ros/humble IGN_GAZEBO_RESOURCE_PATH=/home/cameron/template_ws/install/ros_gz_example_description/share/ros_gz_example_description/models:${IGN_GAZEBO_RESOURCE_PATH} /usr/bin/cmake --install /home/cameron/template_ws/build/ros_gz_example_gazebo
