[0.009s] Invoking command in '/home/cameron/template_ws/build/ros_gz_example_application': CMAKE_PREFIX_PATH=${CMAKE_PREFIX_PATH}:/opt/ros/humble /usr/bin/cmake /home/cameron/template_ws/src/ros_gz_project_template/ros_gz_example_application -DCMAKE_INSTALL_PREFIX=/home/cameron/template_ws/install/ros_gz_example_application
[0.020s] -- Found ament_cmake: 1.3.10 (/opt/ros/humble/share/ament_cmake/cmake)
[0.146s] -- Configuring done
[0.148s] -- Generating done
[0.149s] -- Build files have been written to: /home/cameron/template_ws/build/ros_gz_example_application
[0.151s] Invoked command in '/home/cameron/template_ws/build/ros_gz_example_application' returned '0': CMAKE_PREFIX_PATH=${CMAKE_PREFIX_PATH}:/opt/ros/humble /usr/bin/cmake /home/cameron/template_ws/src/ros_gz_project_template/ros_gz_example_application -DCMAKE_INSTALL_PREFIX=/home/cameron/template_ws/install/ros_gz_example_application
[0.153s] Invoking command in '/home/cameron/template_ws/build/ros_gz_example_application': CMAKE_PREFIX_PATH=${CMAKE_PREFIX_PATH}:/opt/ros/humble /usr/bin/cmake --build /home/cameron/template_ws/build/ros_gz_example_application -- -j22 -l22
[0.189s] Invoked command in '/home/cameron/template_ws/build/ros_gz_example_application' returned '0': CMAKE_PREFIX_PATH=${CMAKE_PREFIX_PATH}:/opt/ros/humble /usr/bin/cmake --build /home/cameron/template_ws/build/ros_gz_example_application -- -j22 -l22
[0.207s] Invoking command in '/home/cameron/template_ws/build/ros_gz_example_application': CMAKE_PREFIX_PATH=${CMAKE_PREFIX_PATH}:/opt/ros/humble /usr/bin/cmake --install /home/cameron/template_ws/build/ros_gz_example_application
[0.211s] -- Install configuration: ""
[0.211s] -- Up-to-date: /home/cameron/template_ws/install/ros_gz_example_application/share/ament_index/resource_index/package_run_dependencies/ros_gz_example_application
[0.212s] -- Installing: /home/cameron/template_ws/install/ros_gz_example_application/share/ament_index/resource_index/parent_prefix_path/ros_gz_example_application
[0.212s] -- Up-to-date: /home/cameron/template_ws/install/ros_gz_example_application/share/ros_gz_example_application/environment/ament_prefix_path.sh
[0.212s] -- Installing: /home/cameron/template_ws/install/ros_gz_example_application/share/ros_gz_example_application/environment/ament_prefix_path.dsv
[0.212s] -- Up-to-date: /home/cameron/template_ws/install/ros_gz_example_application/share/ros_gz_example_application/environment/path.sh
[0.212s] -- Installing: /home/cameron/template_ws/install/ros_gz_example_application/share/ros_gz_example_application/environment/path.dsv
[0.212s] -- Up-to-date: /home/cameron/template_ws/install/ros_gz_example_application/share/ros_gz_example_application/local_setup.bash
[0.212s] -- Up-to-date: /home/cameron/template_ws/install/ros_gz_example_application/share/ros_gz_example_application/local_setup.sh
[0.212s] -- Up-to-date: /home/cameron/template_ws/install/ros_gz_example_application/share/ros_gz_example_application/local_setup.zsh
[0.212s] -- Installing: /home/cameron/template_ws/install/ros_gz_example_application/share/ros_gz_example_application/local_setup.dsv
[0.212s] -- Installing: /home/cameron/template_ws/install/ros_gz_example_application/share/ros_gz_example_application/package.dsv
[0.212s] -- Up-to-date: /home/cameron/template_ws/install/ros_gz_example_application/share/ament_index/resource_index/packages/ros_gz_example_application
[0.212s] -- Up-to-date: /home/cameron/template_ws/install/ros_gz_example_application/share/ros_gz_example_application/cmake/ros_gz_example_applicationConfig.cmake
[0.212s] -- Up-to-date: /home/cameron/template_ws/install/ros_gz_example_application/share/ros_gz_example_application/cmake/ros_gz_example_applicationConfig-version.cmake
[0.212s] -- Up-to-date: /home/cameron/template_ws/install/ros_gz_example_application/share/ros_gz_example_application/package.xml
[0.213s] Invoked command in '/home/cameron/template_ws/build/ros_gz_example_application' returned '0': CMAKE_PREFIX_PATH=${CMAKE_PREFIX_PATH}:/opt/ros/humble /usr/bin/cmake --install /home/cameron/template_ws/build/ros_gz_example_application
