[0.012s] Invoking command in '/home/cameron/template_ws/build/ros_gz_example_application': CMAKE_PREFIX_PATH=${CMAKE_PREFIX_PATH}:/opt/ros/humble /usr/bin/cmake --build /home/cameron/template_ws/build/ros_gz_example_application -- -j22 -l22
[0.049s] Invoked command in '/home/cameron/template_ws/build/ros_gz_example_application' returned '0': CMAKE_PREFIX_PATH=${CMAKE_PREFIX_PATH}:/opt/ros/humble /usr/bin/cmake --build /home/cameron/template_ws/build/ros_gz_example_application -- -j22 -l22
[0.075s] Invoking command in '/home/cameron/template_ws/build/ros_gz_example_application': CMAKE_PREFIX_PATH=${CMAKE_PREFIX_PATH}:/opt/ros/humble /usr/bin/cmake --install /home/cameron/template_ws/build/ros_gz_example_application
[0.081s] -- Install configuration: ""
[0.081s] -- Up-to-date: /home/cameron/template_ws/install/ros_gz_example_application/lib/ros_gz_example_application/skid_controller.py
[0.081s] -- Up-to-date: /home/cameron/template_ws/install/ros_gz_example_application/share/ament_index/resource_index/package_run_dependencies/ros_gz_example_application
[0.081s] -- Up-to-date: /home/cameron/template_ws/install/ros_gz_example_application/share/ament_index/resource_index/parent_prefix_path/ros_gz_example_application
[0.081s] -- Up-to-date: /home/cameron/template_ws/install/ros_gz_example_application/share/ros_gz_example_application/environment/ament_prefix_path.sh
[0.081s] -- Up-to-date: /home/cameron/template_ws/install/ros_gz_example_application/share/ros_gz_example_application/environment/ament_prefix_path.dsv
[0.081s] -- Up-to-date: /home/cameron/template_ws/install/ros_gz_example_application/share/ros_gz_example_application/environment/path.sh
[0.082s] -- Up-to-date: /home/cameron/template_ws/install/ros_gz_example_application/share/ros_gz_example_application/environment/path.dsv
[0.082s] -- Up-to-date: /home/cameron/template_ws/install/ros_gz_example_application/share/ros_gz_example_application/local_setup.bash
[0.082s] -- Up-to-date: /home/cameron/template_ws/install/ros_gz_example_application/share/ros_gz_example_application/local_setup.sh
[0.082s] -- Up-to-date: /home/cameron/template_ws/install/ros_gz_example_application/share/ros_gz_example_application/local_setup.zsh
[0.082s] -- Up-to-date: /home/cameron/template_ws/install/ros_gz_example_application/share/ros_gz_example_application/local_setup.dsv
[0.082s] -- Installing: /home/cameron/template_ws/install/ros_gz_example_application/share/ros_gz_example_application/package.dsv
[0.082s] -- Up-to-date: /home/cameron/template_ws/install/ros_gz_example_application/share/ament_index/resource_index/packages/ros_gz_example_application
[0.082s] -- Up-to-date: /home/cameron/template_ws/install/ros_gz_example_application/share/ros_gz_example_application/cmake/ros_gz_example_applicationConfig.cmake
[0.082s] -- Up-to-date: /home/cameron/template_ws/install/ros_gz_example_application/share/ros_gz_example_application/cmake/ros_gz_example_applicationConfig-version.cmake
[0.082s] -- Up-to-date: /home/cameron/template_ws/install/ros_gz_example_application/share/ros_gz_example_application/package.xml
[0.092s] Invoked command in '/home/cameron/template_ws/build/ros_gz_example_application' returned '0': CMAKE_PREFIX_PATH=${CMAKE_PREFIX_PATH}:/opt/ros/humble /usr/bin/cmake --install /home/cameron/template_ws/build/ros_gz_example_application
