[0.009s] Invoking command in '/home/cameron/template_ws/build/ros_gz_example_gazebo': CMAKE_PREFIX_PATH=/home/cameron/template_ws/install/ros_gz_example_description:/home/cameron/template_ws/install/ros_gz_example_bringup:/home/cameron/template_ws/install/ros_gz_example_gazebo:/home/cameron/template_ws/install/ros_gz_example_application:/opt/ros/humble IGN_GAZEBO_RESOURCE_PATH=/home/cameron/template_ws/install/ros_gz_example_description/share/ros_gz_example_description/models:${IGN_GAZEBO_RESOURCE_PATH} /usr/bin/cmake --build /home/cameron/template_ws/build/ros_gz_example_gazebo -- -j22 -l22
[0.066s] [ 50%] Built target BasicSystem
[0.066s] [100%] Built target FullSystem
[0.074s] Invoked command in '/home/cameron/template_ws/build/ros_gz_example_gazebo' returned '0': CMAKE_PREFIX_PATH=/home/cameron/template_ws/install/ros_gz_example_description:/home/cameron/template_ws/install/ros_gz_example_bringup:/home/cameron/template_ws/install/ros_gz_example_gazebo:/home/cameron/template_ws/install/ros_gz_example_application:/opt/ros/humble IGN_GAZEBO_RESOURCE_PATH=/home/cameron/template_ws/install/ros_gz_example_description/share/ros_gz_example_description/models:${IGN_GAZEBO_RESOURCE_PATH} /usr/bin/cmake --build /home/cameron/template_ws/build/ros_gz_example_gazebo -- -j22 -l22
[0.094s] Invoking command in '/home/cameron/template_ws/build/ros_gz_example_gazebo': CMAKE_PREFIX_PATH=/home/cameron/template_ws/install/ros_gz_example_description:/home/cameron/template_ws/install/ros_gz_example_bringup:/home/cameron/template_ws/install/ros_gz_example_gazebo:/home/cameron/template_ws/install/ros_gz_example_application:/opt/ros/humble IGN_GAZEBO_RESOURCE_PATH=/home/cameron/template_ws/install/ros_gz_example_description/share/ros_gz_example_description/models:${IGN_GAZEBO_RESOURCE_PATH} /usr/bin/cmake --install /home/cameron/template_ws/build/ros_gz_example_gazebo
[0.098s] -- Install configuration: ""
[0.098s] -- Up-to-date: /home/cameron/template_ws/install/ros_gz_example_gazebo/lib/ros_gz_example_gazebo/libBasicSystem.so
[0.099s] -- Up-to-date: /home/cameron/template_ws/install/ros_gz_example_gazebo/lib/ros_gz_example_gazebo/libFullSystem.so
[0.099s] -- Up-to-date: /home/cameron/template_ws/install/ros_gz_example_gazebo/share/ros_gz_example_gazebo/worlds
[0.099s] -- Installing: /home/cameron/template_ws/install/ros_gz_example_gazebo/share/ros_gz_example_gazebo/worlds/materials
[0.099s] -- Installing: /home/cameron/template_ws/install/ros_gz_example_gazebo/share/ros_gz_example_gazebo/worlds/materials/textures
[0.099s] -- Installing: /home/cameron/template_ws/install/ros_gz_example_gazebo/share/ros_gz_example_gazebo/worlds/materials/textures/moon_normal.png
[0.110s] -- Installing: /home/cameron/template_ws/install/ros_gz_example_gazebo/share/ros_gz_example_gazebo/worlds/materials/textures/white_alpha.png
[0.110s] -- Installing: /home/cameron/template_ws/install/ros_gz_example_gazebo/share/ros_gz_example_gazebo/worlds/materials/textures/moon_diffuse.png
[0.111s] -- Up-to-date: /home/cameron/template_ws/install/ros_gz_example_gazebo/share/ros_gz_example_gazebo/worlds/garden.sdf
[0.111s] -- Installing: /home/cameron/template_ws/install/ros_gz_example_gazebo/share/ros_gz_example_gazebo/worlds/thumbnails
[0.111s] -- Installing: /home/cameron/template_ws/install/ros_gz_example_gazebo/share/ros_gz_example_gazebo/worlds/thumbnails/1.png
[0.112s] -- Installing: /home/cameron/template_ws/install/ros_gz_example_gazebo/share/ros_gz_example_gazebo/worlds/dem
[0.112s] -- Installing: /home/cameron/template_ws/install/ros_gz_example_gazebo/share/ros_gz_example_gazebo/worlds/dem/moon.tif
[0.112s] -- Installing: /home/cameron/template_ws/install/ros_gz_example_gazebo/share/ros_gz_example_gazebo/worlds/model.config
[0.113s] -- Installing: /home/cameron/template_ws/install/ros_gz_example_gazebo/share/ros_gz_example_gazebo/worlds/diff_drive.sdf
[0.113s] -- Installing: /home/cameron/template_ws/install/ros_gz_example_gazebo/share/ros_gz_example_gazebo/worlds/model.sdf
[0.113s] -- Up-to-date: /home/cameron/template_ws/install/ros_gz_example_gazebo/share/ros_gz_example_gazebo/environment/ros_gz_example_gazebo.dsv
[0.113s] -- Up-to-date: /home/cameron/template_ws/install/ros_gz_example_gazebo/share/ros_gz_example_gazebo/environment/ros_gz_example_gazebo.sh
[0.113s] -- Up-to-date: /home/cameron/template_ws/install/ros_gz_example_gazebo/share/ament_index/resource_index/package_run_dependencies/ros_gz_example_gazebo
[0.113s] -- Up-to-date: /home/cameron/template_ws/install/ros_gz_example_gazebo/share/ament_index/resource_index/parent_prefix_path/ros_gz_example_gazebo
[0.113s] -- Up-to-date: /home/cameron/template_ws/install/ros_gz_example_gazebo/share/ros_gz_example_gazebo/environment/ament_prefix_path.sh
[0.113s] -- Up-to-date: /home/cameron/template_ws/install/ros_gz_example_gazebo/share/ros_gz_example_gazebo/environment/ament_prefix_path.dsv
[0.113s] -- Up-to-date: /home/cameron/template_ws/install/ros_gz_example_gazebo/share/ros_gz_example_gazebo/environment/path.sh
[0.113s] -- Up-to-date: /home/cameron/template_ws/install/ros_gz_example_gazebo/share/ros_gz_example_gazebo/environment/path.dsv
[0.113s] -- Up-to-date: /home/cameron/template_ws/install/ros_gz_example_gazebo/share/ros_gz_example_gazebo/local_setup.bash
[0.113s] -- Up-to-date: /home/cameron/template_ws/install/ros_gz_example_gazebo/share/ros_gz_example_gazebo/local_setup.sh
[0.113s] -- Up-to-date: /home/cameron/template_ws/install/ros_gz_example_gazebo/share/ros_gz_example_gazebo/local_setup.zsh
[0.113s] -- Up-to-date: /home/cameron/template_ws/install/ros_gz_example_gazebo/share/ros_gz_example_gazebo/local_setup.dsv
[0.114s] -- Installing: /home/cameron/template_ws/install/ros_gz_example_gazebo/share/ros_gz_example_gazebo/package.dsv
[0.114s] -- Up-to-date: /home/cameron/template_ws/install/ros_gz_example_gazebo/share/ament_index/resource_index/packages/ros_gz_example_gazebo
[0.114s] -- Up-to-date: /home/cameron/template_ws/install/ros_gz_example_gazebo/share/ros_gz_example_gazebo/cmake/ros_gz_example_gazeboConfig.cmake
[0.114s] -- Up-to-date: /home/cameron/template_ws/install/ros_gz_example_gazebo/share/ros_gz_example_gazebo/cmake/ros_gz_example_gazeboConfig-version.cmake
[0.114s] -- Up-to-date: /home/cameron/template_ws/install/ros_gz_example_gazebo/share/ros_gz_example_gazebo/package.xml
[0.115s] Invoked command in '/home/cameron/template_ws/build/ros_gz_example_gazebo' returned '0': CMAKE_PREFIX_PATH=/home/cameron/template_ws/install/ros_gz_example_description:/home/cameron/template_ws/install/ros_gz_example_bringup:/home/cameron/template_ws/install/ros_gz_example_gazebo:/home/cameron/template_ws/install/ros_gz_example_application:/opt/ros/humble IGN_GAZEBO_RESOURCE_PATH=/home/cameron/template_ws/install/ros_gz_example_description/share/ros_gz_example_description/models:${IGN_GAZEBO_RESOURCE_PATH} /usr/bin/cmake --install /home/cameron/template_ws/build/ros_gz_example_gazebo
