[0.007s] Invoking command in '/home/cameron/template_ws/build/ros_gz_example_gazebo': CMAKE_PREFIX_PATH=/home/cameron/template_ws/install/ros_gz_example_description:/home/cameron/template_ws/install/ros_gz_example_bringup:/home/cameron/template_ws/install/ros_gz_example_gazebo:/home/cameron/template_ws/install/ros_gz_example_application:/opt/ros/humble IGN_GAZEBO_RESOURCE_PATH=/home/cameron/template_ws/install/ros_gz_example_description/share/ros_gz_example_description/models:${IGN_GAZEBO_RESOURCE_PATH} /usr/bin/cmake --build /home/cameron/template_ws/build/ros_gz_example_gazebo -- -j22 -l22
[0.034s] -- Found ament_cmake: 1.3.10 (/opt/ros/humble/share/ament_cmake/cmake)
[0.108s] -- Found ros_gz_example_description: 0.0.0 (/home/cameron/template_ws/install/ros_gz_example_description/share/ros_gz_example_description/cmake)
[0.113s] -- Looking for ignition-plugin1 -- found version 1.4.0
[0.113s] -- Searching for dependencies of ignition-plugin1
[0.113s] -- Searching for <ignition-plugin1> component [register]
[0.114s] -- Looking for ignition-plugin1-register -- found version 1.4.0
[0.114s] -- Searching for dependencies of ignition-plugin1-register
[0.115s] -- Looking for ignition-common4 -- found version 4.7.0
[0.116s] -- Searching for dependencies of ignition-common4
[0.116s] -- Looking for dlfcn.h - found
[0.116s] -- Looking for libdl - found
[0.121s] -- Checking for module 'uuid'
[0.131s] --   Found uuid, version 2.37.2
[0.159s] -- Searching for <ignition-common4> component [profiler]
[0.160s] -- Looking for ignition-common4-profiler -- found version 4.7.0
[0.160s] -- Searching for dependencies of ignition-common4-profiler
[0.162s] -- Looking for ignition-gazebo6 -- found version 6.16.0
[0.162s] -- Searching for dependencies of ignition-gazebo6
[0.163s] -- Looking for sdformat12 -- found version 12.7.2
[0.163s] -- Searching for dependencies of sdformat12
[0.168s] -- Checking for module 'tinyxml2'
[0.179s] --   Found tinyxml2, version 9.0.0
[0.205s] -- Looking for ignition-math6 -- found version 6.15.1
[0.205s] -- Searching for dependencies of ignition-math6
[0.206s] -- Looking for ignition-utils1 -- found version 1.5.1
[0.207s] -- Searching for dependencies of ignition-utils1
[0.209s] -- Looking for ignition-plugin1 -- found version 1.4.0
[0.209s] -- Searching for dependencies of ignition-plugin1
[0.209s] -- Searching for <ignition-plugin1> component [loader]
[0.210s] -- Looking for ignition-plugin1-loader -- found version 1.4.0
[0.210s] -- Searching for dependencies of ignition-plugin1-loader
[0.211s] -- Searching for <ignition-plugin1> component [register]
[0.212s] -- Looking for ignition-transport11 -- found version 11.4.1
[0.212s] -- Searching for dependencies of ignition-transport11
[0.235s] -- Config-file not installed for ZeroMQ -- checking for pkg-config
[0.239s] -- Checking for module 'libzmq >= 4'
[0.252s] --   Found libzmq , version 4.3.4
[0.299s] -- Looking for ignition-utils1 -- found version 1.5.1
[0.299s] -- Searching for dependencies of ignition-utils1
[0.299s] -- Searching for <ignition-utils1> component [cli]
[0.299s] -- Looking for ignition-utils1-cli -- found version 1.5.1
[0.300s] -- Searching for dependencies of ignition-utils1-cli
[0.300s] -- Looking for ignition-msgs8 -- found version 8.7.0
[0.301s] -- Searching for dependencies of ignition-msgs8
[0.311s] -- Found Protobuf: /usr/lib/x86_64-linux-gnu/libprotobuf.so (found suitable version "3.12.4", minimum required is "3") 
[0.312s] -- Looking for ignition-math6 -- found version 6.15.1
[0.317s] -- Searching for <ignition-transport11> component [log]
[0.317s] -- Looking for ignition-transport11-log -- found version 11.4.1
[0.318s] -- Searching for dependencies of ignition-transport11-log
[0.318s] -- Searching for <ignition-transport11> component [parameters]
[0.318s] -- Looking for ignition-transport11-parameters -- found version 11.4.1
[0.319s] -- Searching for dependencies of ignition-transport11-parameters
[0.319s] -- Looking for ignition-msgs8 -- found version 8.7.0
[0.320s] -- Looking for ignition-common4 -- found version 4.7.0
[0.320s] -- Searching for dependencies of ignition-common4
[0.320s] -- Looking for dlfcn.h - found
[0.320s] -- Looking for libdl - found
[0.324s] -- Searching for <ignition-common4> component [profiler]
[0.325s] -- Searching for <ignition-common4> component [events]
[0.326s] -- Looking for ignition-common4-events -- found version 4.7.0
[0.326s] -- Searching for dependencies of ignition-common4-events
[0.326s] -- Looking for ignition-math6 -- found version 6.15.1
[0.326s] -- Searching for <ignition-common4> component [av]
[0.327s] -- Looking for ignition-common4-av -- found version 4.7.0
[0.327s] -- Searching for dependencies of ignition-common4-av
[0.331s] -- Checking for module 'libswscale'
[0.343s] --   Found libswscale, version 5.9.100
[0.379s] -- Checking for module 'libavdevice >= 56.4.100'
[0.391s] --   Found libavdevice , version 58.13.100
[0.428s] -- Checking for module 'libavformat'
[0.437s] --   Found libavformat, version 58.76.100
[0.471s] -- Checking for module 'libavcodec'
[0.482s] --   Found libavcodec, version 58.134.100
[0.518s] -- Checking for module 'libavutil'
[0.530s] --   Found libavutil, version 56.70.100
[0.558s] -- Looking for ignition-fuel_tools7 -- found version 7.3.0
[0.559s] -- Searching for dependencies of ignition-fuel_tools7
[0.591s] -- Checking for module 'jsoncpp'
[0.602s] --   Found jsoncpp, version 1.9.5
[0.634s] -- Checking for module 'libzip'
[0.644s] --   Found libzip, version 1.7.3
[0.671s] -- Looking for ignition-common4 -- found version 4.7.0
[0.671s] -- Looking for ignition-math6 -- found version 6.15.1
[0.672s] -- Looking for ignition-msgs8 -- found version 8.7.0
[0.674s] -- Looking for ignition-gui6 -- found version 6.8.0
[0.675s] -- Searching for dependencies of ignition-gui6
[0.701s] -- Looking for ignition-math6 -- found version 6.15.1
[0.701s] -- Looking for ignition-common4 -- found version 4.7.0
[0.701s] -- Looking for ignition-plugin1 -- found version 1.4.0
[0.701s] -- Looking for ignition-transport11 -- found version 11.4.1
[0.702s] -- Looking for ignition-rendering6 -- found version 6.6.3
[0.702s] -- Searching for dependencies of ignition-rendering6
[0.702s] -- Looking for ignition-math6 -- found version 6.15.1
[0.702s] -- Searching for dependencies of ignition-math6
[0.702s] -- Searching for <ignition-math6> component [eigen3]
[0.703s] -- Looking for ignition-math6-eigen3 -- found version 6.15.1
[0.703s] -- Searching for dependencies of ignition-math6-eigen3
[0.705s] -- Looking for ignition-common4 -- found version 4.7.0
[0.705s] -- Searching for dependencies of ignition-common4
[0.705s] -- Looking for dlfcn.h - found
[0.705s] -- Looking for libdl - found
[0.712s] -- Searching for <ignition-common4> component [graphics]
[0.713s] -- Looking for ignition-common4-graphics -- found version 4.7.0
[0.713s] -- Searching for dependencies of ignition-common4-graphics
[0.713s] -- Looking for ignition-math6 -- found version 6.15.1
[0.714s] -- Looking for ignition-utils1 -- found version 1.5.1
[0.714s] -- Searching for <ignition-common4> component [events]
[0.715s] -- Looking for ignition-plugin1 -- found version 1.4.0
[0.715s] -- Searching for dependencies of ignition-plugin1
[0.716s] -- Searching for <ignition-plugin1> component [all]
[0.716s] -- Looking for all libraries of ignition-plugin1 -- found version 1.4.0
[0.716s] -- Looking for ignition-plugin1 -- found version 1.4.0
[0.719s] -- Looking for ignition-msgs8 -- found version 8.7.0
[0.738s] -- Looking for ignition-physics5 -- found version 5.3.2
[0.739s] -- Searching for dependencies of ignition-physics5
[0.739s] -- Looking for ignition-math6 -- found version 6.15.1
[0.740s] -- Looking for ignition-plugin1 -- found version 1.4.0
[0.740s] -- Looking for ignition-utils1 -- found version 1.5.1
[0.741s] -- Searching for <ignition-physics5> component [heightmap]
[0.741s] -- Looking for ignition-physics5-heightmap -- found version 5.3.2
[0.741s] -- Searching for dependencies of ignition-physics5-heightmap
[0.741s] -- Looking for ignition-common4 -- found version 4.7.0
[0.742s] -- Searching for <ignition-physics5> component [mesh]
[0.742s] -- Looking for ignition-physics5-mesh -- found version 5.3.2
[0.742s] -- Searching for dependencies of ignition-physics5-mesh
[0.742s] -- Looking for ignition-common4 -- found version 4.7.0
[0.743s] -- Searching for <ignition-physics5> component [sdf]
[0.743s] -- Looking for ignition-physics5-sdf -- found version 5.3.2
[0.743s] -- Searching for dependencies of ignition-physics5-sdf
[0.744s] -- Looking for sdformat12 -- found version 12.7.2
[0.744s] -- Looking for ignition-sensors6 -- found version 6.8.0
[0.745s] -- Searching for dependencies of ignition-sensors6
[0.755s] -- Found Protobuf: /usr/lib/x86_64-linux-gnu/libprotobuf.so (found version "3.12.4") 
[0.756s] -- Looking for ignition-math6 -- found version 6.15.1
[0.756s] -- Looking for ignition-common4 -- found version 4.7.0
[0.756s] -- Looking for ignition-transport11 -- found version 11.4.1
[0.756s] -- Looking for ignition-rendering6 -- found version 6.6.3
[0.757s] -- Looking for ignition-msgs8 -- found version 8.7.0
[0.757s] -- Looking for sdformat12 -- found version 12.7.2
[0.757s] -- Searching for <ignition-sensors6> component [air_pressure]
[0.758s] -- Looking for ignition-sensors6-air_pressure -- found version 6.8.0
[0.758s] -- Searching for dependencies of ignition-sensors6-air_pressure
[0.758s] -- Searching for <ignition-sensors6> component [altimeter]
[0.759s] -- Looking for ignition-sensors6-altimeter -- found version 6.8.0
[0.759s] -- Searching for dependencies of ignition-sensors6-altimeter
[0.760s] -- Searching for <ignition-sensors6> component [imu]
[0.760s] -- Looking for ignition-sensors6-imu -- found version 6.8.0
[0.760s] -- Searching for dependencies of ignition-sensors6-imu
[0.761s] -- Searching for <ignition-sensors6> component [force_torque]
[0.761s] -- Looking for ignition-sensors6-force_torque -- found version 6.8.0
[0.761s] -- Searching for dependencies of ignition-sensors6-force_torque
[0.762s] -- Searching for <ignition-sensors6> component [logical_camera]
[0.762s] -- Looking for ignition-sensors6-logical_camera -- found version 6.8.0
[0.763s] -- Searching for dependencies of ignition-sensors6-logical_camera
[0.763s] -- Searching for <ignition-sensors6> component [magnetometer]
[0.763s] -- Looking for ignition-sensors6-magnetometer -- found version 6.8.0
[0.763s] -- Searching for dependencies of ignition-sensors6-magnetometer
[0.764s] -- Searching for <ignition-sensors6> component [navsat]
[0.764s] -- Looking for ignition-sensors6-navsat -- found version 6.8.0
[0.765s] -- Searching for dependencies of ignition-sensors6-navsat
[0.765s] -- Searching for <ignition-sensors6> component [rendering]
[0.765s] -- Looking for ignition-sensors6-rendering -- found version 6.8.0
[0.765s] -- Searching for dependencies of ignition-sensors6-rendering
[0.766s] -- Searching for <ignition-sensors6> component [lidar]
[0.766s] -- Looking for ignition-sensors6-lidar -- found version 6.8.0
[0.766s] -- Searching for dependencies of ignition-sensors6-lidar
[0.767s] -- Looking for ignition-sensors6 -- found version 6.8.0
[0.767s] -- Searching for <ignition-sensors6> component [gpu_lidar]
[0.767s] -- Looking for ignition-sensors6-gpu_lidar -- found version 6.8.0
[0.768s] -- Searching for dependencies of ignition-sensors6-gpu_lidar
[0.768s] -- Looking for ignition-sensors6 -- found version 6.8.0
[0.768s] -- Searching for <ignition-sensors6> component [camera]
[0.769s] -- Looking for ignition-sensors6-camera -- found version 6.8.0
[0.769s] -- Searching for dependencies of ignition-sensors6-camera
[0.769s] -- Looking for ignition-sensors6 -- found version 6.8.0
[0.770s] -- Searching for <ignition-sensors6> component [boundingbox_camera]
[0.770s] -- Looking for ignition-sensors6-boundingbox_camera -- found version 6.8.0
[0.770s] -- Searching for dependencies of ignition-sensors6-boundingbox_camera
[0.771s] -- Searching for <ignition-sensors6> component [segmentation_camera]
[0.771s] -- Looking for ignition-sensors6-segmentation_camera -- found version 6.8.0
[0.771s] -- Searching for dependencies of ignition-sensors6-segmentation_camera
[0.772s] -- Searching for <ignition-sensors6> component [depth_camera]
[0.772s] -- Looking for ignition-sensors6-depth_camera -- found version 6.8.0
[0.772s] -- Searching for dependencies of ignition-sensors6-depth_camera
[0.773s] -- Looking for ignition-sensors6 -- found version 6.8.0
[0.773s] -- Searching for <ignition-sensors6> component [rgbd_camera]
[0.773s] -- Looking for ignition-sensors6-rgbd_camera -- found version 6.8.0
[0.774s] -- Searching for dependencies of ignition-sensors6-rgbd_camera
[0.774s] -- Looking for ignition-sensors6 -- found version 6.8.0
[0.774s] -- Searching for <ignition-sensors6> component [thermal_camera]
[0.775s] -- Looking for ignition-sensors6-thermal_camera -- found version 6.8.0
[0.775s] -- Searching for dependencies of ignition-sensors6-thermal_camera
[0.775s] -- Looking for ignition-sensors6 -- found version 6.8.0
[0.776s] -- Looking for ignition-rendering6 -- found version 6.6.3
[0.776s] -- Looking for ignition-math6 -- found version 6.15.1
[0.777s] -- Looking for ignition-utils1 -- found version 1.5.1
[0.792s] -- Found ament_lint_auto: 0.12.11 (/opt/ros/humble/share/ament_lint_auto/cmake)
[0.828s] -- Configuring done
[0.837s] -- Generating done
[0.837s] -- Build files have been written to: /home/cameron/template_ws/build/ros_gz_example_gazebo
[0.857s] [35m[1mConsolidate compiler generated dependencies of target BasicSystem[0m
[0.858s] [35m[1mConsolidate compiler generated dependencies of target FullSystem[0m
[0.874s] [ 25%] [32mBuilding CXX object CMakeFiles/FullSystem.dir/src/FullSystem.cc.o[0m
[0.875s] [ 50%] [32mBuilding CXX object CMakeFiles/BasicSystem.dir/src/BasicSystem.cc.o[0m
[3.196s] [ 75%] [32m[1mLinking CXX shared library libBasicSystem.so[0m
[3.203s] [100%] [32m[1mLinking CXX shared library libFullSystem.so[0m
[3.341s] [100%] Built target BasicSystem
[3.349s] [100%] Built target FullSystem
[3.359s] Invoked command in '/home/cameron/template_ws/build/ros_gz_example_gazebo' returned '0': CMAKE_PREFIX_PATH=/home/cameron/template_ws/install/ros_gz_example_description:/home/cameron/template_ws/install/ros_gz_example_bringup:/home/cameron/template_ws/install/ros_gz_example_gazebo:/home/cameron/template_ws/install/ros_gz_example_application:/opt/ros/humble IGN_GAZEBO_RESOURCE_PATH=/home/cameron/template_ws/install/ros_gz_example_description/share/ros_gz_example_description/models:${IGN_GAZEBO_RESOURCE_PATH} /usr/bin/cmake --build /home/cameron/template_ws/build/ros_gz_example_gazebo -- -j22 -l22
[3.381s] Invoking command in '/home/cameron/template_ws/build/ros_gz_example_gazebo': CMAKE_PREFIX_PATH=/home/cameron/template_ws/install/ros_gz_example_description:/home/cameron/template_ws/install/ros_gz_example_bringup:/home/cameron/template_ws/install/ros_gz_example_gazebo:/home/cameron/template_ws/install/ros_gz_example_application:/opt/ros/humble IGN_GAZEBO_RESOURCE_PATH=/home/cameron/template_ws/install/ros_gz_example_description/share/ros_gz_example_description/models:${IGN_GAZEBO_RESOURCE_PATH} /usr/bin/cmake --install /home/cameron/template_ws/build/ros_gz_example_gazebo
[3.387s] -- Install configuration: ""
[3.387s] -- Installing: /home/cameron/template_ws/install/ros_gz_example_gazebo/lib/ros_gz_example_gazebo/libBasicSystem.so
[3.389s] -- Installing: /home/cameron/template_ws/install/ros_gz_example_gazebo/lib/ros_gz_example_gazebo/libFullSystem.so
[3.390s] -- Up-to-date: /home/cameron/template_ws/install/ros_gz_example_gazebo/share/ros_gz_example_gazebo/worlds
[3.390s] -- Installing: /home/cameron/template_ws/install/ros_gz_example_gazebo/share/ros_gz_example_gazebo/worlds/diff_drive.sdf
[3.390s] -- Up-to-date: /home/cameron/template_ws/install/ros_gz_example_gazebo/share/ros_gz_example_gazebo/environment/ros_gz_example_gazebo.dsv
[3.390s] -- Up-to-date: /home/cameron/template_ws/install/ros_gz_example_gazebo/share/ros_gz_example_gazebo/environment/ros_gz_example_gazebo.sh
[3.390s] -- Up-to-date: /home/cameron/template_ws/install/ros_gz_example_gazebo/share/ament_index/resource_index/package_run_dependencies/ros_gz_example_gazebo
[3.390s] -- Up-to-date: /home/cameron/template_ws/install/ros_gz_example_gazebo/share/ament_index/resource_index/parent_prefix_path/ros_gz_example_gazebo
[3.390s] -- Up-to-date: /home/cameron/template_ws/install/ros_gz_example_gazebo/share/ros_gz_example_gazebo/environment/ament_prefix_path.sh
[3.390s] -- Installing: /home/cameron/template_ws/install/ros_gz_example_gazebo/share/ros_gz_example_gazebo/environment/ament_prefix_path.dsv
[3.390s] -- Up-to-date: /home/cameron/template_ws/install/ros_gz_example_gazebo/share/ros_gz_example_gazebo/environment/path.sh
[3.391s] -- Installing: /home/cameron/template_ws/install/ros_gz_example_gazebo/share/ros_gz_example_gazebo/environment/path.dsv
[3.391s] -- Up-to-date: /home/cameron/template_ws/install/ros_gz_example_gazebo/share/ros_gz_example_gazebo/local_setup.bash
[3.391s] -- Up-to-date: /home/cameron/template_ws/install/ros_gz_example_gazebo/share/ros_gz_example_gazebo/local_setup.sh
[3.391s] -- Up-to-date: /home/cameron/template_ws/install/ros_gz_example_gazebo/share/ros_gz_example_gazebo/local_setup.zsh
[3.391s] -- Installing: /home/cameron/template_ws/install/ros_gz_example_gazebo/share/ros_gz_example_gazebo/local_setup.dsv
[3.391s] -- Installing: /home/cameron/template_ws/install/ros_gz_example_gazebo/share/ros_gz_example_gazebo/package.dsv
[3.391s] -- Up-to-date: /home/cameron/template_ws/install/ros_gz_example_gazebo/share/ament_index/resource_index/packages/ros_gz_example_gazebo
[3.391s] -- Up-to-date: /home/cameron/template_ws/install/ros_gz_example_gazebo/share/ros_gz_example_gazebo/cmake/ros_gz_example_gazeboConfig.cmake
[3.391s] -- Up-to-date: /home/cameron/template_ws/install/ros_gz_example_gazebo/share/ros_gz_example_gazebo/cmake/ros_gz_example_gazeboConfig-version.cmake
[3.391s] -- Installing: /home/cameron/template_ws/install/ros_gz_example_gazebo/share/ros_gz_example_gazebo/package.xml
[3.392s] Invoked command in '/home/cameron/template_ws/build/ros_gz_example_gazebo' returned '0': CMAKE_PREFIX_PATH=/home/cameron/template_ws/install/ros_gz_example_description:/home/cameron/template_ws/install/ros_gz_example_bringup:/home/cameron/template_ws/install/ros_gz_example_gazebo:/home/cameron/template_ws/install/ros_gz_example_application:/opt/ros/humble IGN_GAZEBO_RESOURCE_PATH=/home/cameron/template_ws/install/ros_gz_example_description/share/ros_gz_example_description/models:${IGN_GAZEBO_RESOURCE_PATH} /usr/bin/cmake --install /home/cameron/template_ws/build/ros_gz_example_gazebo
