[0.005s] Invoking command in '/home/cameron/template_ws/build/ros_gz_example_bringup': AMENT_PREFIX_PATH=/home/cameron/template_ws/install/ros_gz_example_gazebo:${AMENT_PREFIX_PATH} CMAKE_PREFIX_PATH=/home/cameron/template_ws/install/ros_gz_example_gazebo:/home/cameron/template_ws/install/ros_gz_example_description:/home/cameron/template_ws/install/ros_gz_example_application:/opt/ros/humble IGN_GAZEBO_PLUGIN_PATH=/home/cameron/template_ws/install/ros_gz_example_gazebo/lib/ros_gz_example_gazebo IGN_GAZEBO_RESOURCE_PATH=/home/cameron/template_ws/install/ros_gz_example_gazebo/share/ros_gz_example_gazebo/worlds:/home/cameron/template_ws/install/ros_gz_example_description/share/ros_gz_example_description/models:${IGN_GAZEBO_RESOURCE_PATH} /usr/bin/cmake /home/cameron/template_ws/src/ros_gz_project_template/ros_gz_example_bringup -DBUILD_TESTING=ON -DCMAKE_INSTALL_PREFIX=/home/cameron/template_ws/install/ros_gz_example_bringup
[0.046s] -- The C compiler identification is GNU 11.4.0
[0.076s] -- The CXX compiler identification is GNU 11.4.0
[0.080s] -- Detecting C compiler ABI info
[0.127s] -- Detecting C compiler ABI info - done
[0.132s] -- Check for working C compiler: /usr/bin/cc - skipped
[0.132s] -- Detecting C compile features
[0.132s] -- Detecting C compile features - done
[0.134s] -- Detecting CXX compiler ABI info
[0.188s] -- Detecting CXX compiler ABI info - done
[0.194s] -- Check for working CXX compiler: /usr/bin/c++ - skipped
[0.194s] -- Detecting CXX compile features
[0.195s] -- Detecting CXX compile features - done
[0.196s] -- Found ament_cmake: 1.3.10 (/opt/ros/humble/share/ament_cmake/cmake)
[0.294s] -- Found Python3: /usr/bin/python3 (found version "3.10.12") found components: Interpreter 
[0.342s] -- Found ros_gz_example_description: 0.0.0 (/home/cameron/template_ws/install/ros_gz_example_description/share/ros_gz_example_description/cmake)
[0.342s] -- Found ros_gz_example_gazebo: 0.0.0 (/home/cameron/template_ws/install/ros_gz_example_gazebo/share/ros_gz_example_gazebo/cmake)
[0.343s] -- Found ament_lint_auto: 0.12.11 (/opt/ros/humble/share/ament_lint_auto/cmake)
[0.383s] -- Configuring done
[0.384s] -- Generating done
[0.385s] -- Build files have been written to: /home/cameron/template_ws/build/ros_gz_example_bringup
[0.388s] Invoked command in '/home/cameron/template_ws/build/ros_gz_example_bringup' returned '0': AMENT_PREFIX_PATH=/home/cameron/template_ws/install/ros_gz_example_gazebo:${AMENT_PREFIX_PATH} CMAKE_PREFIX_PATH=/home/cameron/template_ws/install/ros_gz_example_gazebo:/home/cameron/template_ws/install/ros_gz_example_description:/home/cameron/template_ws/install/ros_gz_example_application:/opt/ros/humble IGN_GAZEBO_PLUGIN_PATH=/home/cameron/template_ws/install/ros_gz_example_gazebo/lib/ros_gz_example_gazebo IGN_GAZEBO_RESOURCE_PATH=/home/cameron/template_ws/install/ros_gz_example_gazebo/share/ros_gz_example_gazebo/worlds:/home/cameron/template_ws/install/ros_gz_example_description/share/ros_gz_example_description/models:${IGN_GAZEBO_RESOURCE_PATH} /usr/bin/cmake /home/cameron/template_ws/src/ros_gz_project_template/ros_gz_example_bringup -DBUILD_TESTING=ON -DCMAKE_INSTALL_PREFIX=/home/cameron/template_ws/install/ros_gz_example_bringup
[0.389s] Invoking command in '/home/cameron/template_ws/build/ros_gz_example_bringup': AMENT_PREFIX_PATH=/home/cameron/template_ws/install/ros_gz_example_gazebo:${AMENT_PREFIX_PATH} CMAKE_PREFIX_PATH=/home/cameron/template_ws/install/ros_gz_example_gazebo:/home/cameron/template_ws/install/ros_gz_example_description:/home/cameron/template_ws/install/ros_gz_example_application:/opt/ros/humble IGN_GAZEBO_PLUGIN_PATH=/home/cameron/template_ws/install/ros_gz_example_gazebo/lib/ros_gz_example_gazebo IGN_GAZEBO_RESOURCE_PATH=/home/cameron/template_ws/install/ros_gz_example_gazebo/share/ros_gz_example_gazebo/worlds:/home/cameron/template_ws/install/ros_gz_example_description/share/ros_gz_example_description/models:${IGN_GAZEBO_RESOURCE_PATH} /usr/bin/cmake --build /home/cameron/template_ws/build/ros_gz_example_bringup -- -j22 -l22
[0.421s] Invoked command in '/home/cameron/template_ws/build/ros_gz_example_bringup' returned '0': AMENT_PREFIX_PATH=/home/cameron/template_ws/install/ros_gz_example_gazebo:${AMENT_PREFIX_PATH} CMAKE_PREFIX_PATH=/home/cameron/template_ws/install/ros_gz_example_gazebo:/home/cameron/template_ws/install/ros_gz_example_description:/home/cameron/template_ws/install/ros_gz_example_application:/opt/ros/humble IGN_GAZEBO_PLUGIN_PATH=/home/cameron/template_ws/install/ros_gz_example_gazebo/lib/ros_gz_example_gazebo IGN_GAZEBO_RESOURCE_PATH=/home/cameron/template_ws/install/ros_gz_example_gazebo/share/ros_gz_example_gazebo/worlds:/home/cameron/template_ws/install/ros_gz_example_description/share/ros_gz_example_description/models:${IGN_GAZEBO_RESOURCE_PATH} /usr/bin/cmake --build /home/cameron/template_ws/build/ros_gz_example_bringup -- -j22 -l22
[0.435s] Invoking command in '/home/cameron/template_ws/build/ros_gz_example_bringup': AMENT_PREFIX_PATH=/home/cameron/template_ws/install/ros_gz_example_gazebo:${AMENT_PREFIX_PATH} CMAKE_PREFIX_PATH=/home/cameron/template_ws/install/ros_gz_example_gazebo:/home/cameron/template_ws/install/ros_gz_example_description:/home/cameron/template_ws/install/ros_gz_example_application:/opt/ros/humble IGN_GAZEBO_PLUGIN_PATH=/home/cameron/template_ws/install/ros_gz_example_gazebo/lib/ros_gz_example_gazebo IGN_GAZEBO_RESOURCE_PATH=/home/cameron/template_ws/install/ros_gz_example_gazebo/share/ros_gz_example_gazebo/worlds:/home/cameron/template_ws/install/ros_gz_example_description/share/ros_gz_example_description/models:${IGN_GAZEBO_RESOURCE_PATH} /usr/bin/cmake --install /home/cameron/template_ws/build/ros_gz_example_bringup
[0.440s] -- Install configuration: ""
[0.440s] -- Installing: /home/cameron/template_ws/install/ros_gz_example_bringup/share/ros_gz_example_bringup/launch
[0.440s] -- Installing: /home/cameron/template_ws/install/ros_gz_example_bringup/share/ros_gz_example_bringup/launch/diff_drive.launch.py
[0.440s] -- Installing: /home/cameron/template_ws/install/ros_gz_example_bringup/share/ros_gz_example_bringup/launch/rrbot_setup.launch.py
[0.440s] -- Installing: /home/cameron/template_ws/install/ros_gz_example_bringup/share/ros_gz_example_bringup/config
[0.441s] -- Installing: /home/cameron/template_ws/install/ros_gz_example_bringup/share/ros_gz_example_bringup/config/rrbot.rviz
[0.441s] -- Installing: /home/cameron/template_ws/install/ros_gz_example_bringup/share/ros_gz_example_bringup/config/diff_drive.rviz
[0.441s] -- Installing: /home/cameron/template_ws/install/ros_gz_example_bringup/share/ros_gz_example_bringup/config/ros_gz_example_bridge.yaml
[0.441s] -- Installing: /home/cameron/template_ws/install/ros_gz_example_bringup/share/ament_index/resource_index/package_run_dependencies/ros_gz_example_bringup
[0.441s] -- Installing: /home/cameron/template_ws/install/ros_gz_example_bringup/share/ament_index/resource_index/parent_prefix_path/ros_gz_example_bringup
[0.441s] -- Installing: /home/cameron/template_ws/install/ros_gz_example_bringup/share/ros_gz_example_bringup/environment/ament_prefix_path.sh
[0.441s] -- Installing: /home/cameron/template_ws/install/ros_gz_example_bringup/share/ros_gz_example_bringup/environment/ament_prefix_path.dsv
[0.441s] -- Installing: /home/cameron/template_ws/install/ros_gz_example_bringup/share/ros_gz_example_bringup/environment/path.sh
[0.441s] -- Installing: /home/cameron/template_ws/install/ros_gz_example_bringup/share/ros_gz_example_bringup/environment/path.dsv
[0.441s] -- Installing: /home/cameron/template_ws/install/ros_gz_example_bringup/share/ros_gz_example_bringup/local_setup.bash
[0.441s] -- Installing: /home/cameron/template_ws/install/ros_gz_example_bringup/share/ros_gz_example_bringup/local_setup.sh
[0.441s] -- Installing: /home/cameron/template_ws/install/ros_gz_example_bringup/share/ros_gz_example_bringup/local_setup.zsh
[0.441s] -- Installing: /home/cameron/template_ws/install/ros_gz_example_bringup/share/ros_gz_example_bringup/local_setup.dsv
[0.441s] -- Installing: /home/cameron/template_ws/install/ros_gz_example_bringup/share/ros_gz_example_bringup/package.dsv
[0.441s] -- Installing: /home/cameron/template_ws/install/ros_gz_example_bringup/share/ament_index/resource_index/packages/ros_gz_example_bringup
[0.441s] -- Installing: /home/cameron/template_ws/install/ros_gz_example_bringup/share/ros_gz_example_bringup/cmake/ros_gz_example_bringupConfig.cmake
[0.441s] -- Installing: /home/cameron/template_ws/install/ros_gz_example_bringup/share/ros_gz_example_bringup/cmake/ros_gz_example_bringupConfig-version.cmake
[0.441s] -- Installing: /home/cameron/template_ws/install/ros_gz_example_bringup/share/ros_gz_example_bringup/package.xml
[0.443s] Invoked command in '/home/cameron/template_ws/build/ros_gz_example_bringup' returned '0': AMENT_PREFIX_PATH=/home/cameron/template_ws/install/ros_gz_example_gazebo:${AMENT_PREFIX_PATH} CMAKE_PREFIX_PATH=/home/cameron/template_ws/install/ros_gz_example_gazebo:/home/cameron/template_ws/install/ros_gz_example_description:/home/cameron/template_ws/install/ros_gz_example_application:/opt/ros/humble IGN_GAZEBO_PLUGIN_PATH=/home/cameron/template_ws/install/ros_gz_example_gazebo/lib/ros_gz_example_gazebo IGN_GAZEBO_RESOURCE_PATH=/home/cameron/template_ws/install/ros_gz_example_gazebo/share/ros_gz_example_gazebo/worlds:/home/cameron/template_ws/install/ros_gz_example_description/share/ros_gz_example_description/models:${IGN_GAZEBO_RESOURCE_PATH} /usr/bin/cmake --install /home/cameron/template_ws/build/ros_gz_example_bringup
