[0.015s] Invoking command in '/home/cameron/template_ws/build/ros_gz_example_description': CMAKE_PREFIX_PATH=${CMAKE_PREFIX_PATH}:/opt/ros/humble /usr/bin/cmake --build /home/cameron/template_ws/build/ros_gz_example_description -- -j22 -l22
[0.039s] -- Found ament_cmake: 1.3.10 (/opt/ros/humble/share/ament_cmake/cmake)
[0.123s] -- Found ament_lint_auto: 0.12.11 (/opt/ros/humble/share/ament_lint_auto/cmake)
[0.164s] -- Configuring done
[0.166s] -- Generating done
[0.167s] -- Build files have been written to: /home/cameron/template_ws/build/ros_gz_example_description
[0.185s] Invoked command in '/home/cameron/template_ws/build/ros_gz_example_description' returned '0': CMAKE_PREFIX_PATH=${CMAKE_PREFIX_PATH}:/opt/ros/humble /usr/bin/cmake --build /home/cameron/template_ws/build/ros_gz_example_description -- -j22 -l22
[0.208s] Invoking command in '/home/cameron/template_ws/build/ros_gz_example_description': CMAKE_PREFIX_PATH=${CMAKE_PREFIX_PATH}:/opt/ros/humble /usr/bin/cmake --install /home/cameron/template_ws/build/ros_gz_example_description
[0.212s] -- Install configuration: ""
[0.212s] -- Up-to-date: /home/cameron/template_ws/install/ros_gz_example_description/share/ros_gz_example_description/models
[0.212s] -- Up-to-date: /home/cameron/template_ws/install/ros_gz_example_description/share/ros_gz_example_description/models/diff_drive
[0.212s] -- Installing: /home/cameron/template_ws/install/ros_gz_example_description/share/ros_gz_example_description/models/diff_drive/rover_model.urdf
[0.212s] -- Installing: /home/cameron/template_ws/install/ros_gz_example_description/share/ros_gz_example_description/models/diff_drive/model.config
[0.212s] -- Installing: /home/cameron/template_ws/install/ros_gz_example_description/share/ros_gz_example_description/models/diff_drive/model.sdf
[0.212s] -- Up-to-date: /home/cameron/template_ws/install/ros_gz_example_description/share/ros_gz_example_description/models/rrbot
[0.212s] -- Installing: /home/cameron/template_ws/install/ros_gz_example_description/share/ros_gz_example_description/models/rrbot/model.sdf
[0.212s] -- Up-to-date: /home/cameron/template_ws/install/ros_gz_example_description/share/ros_gz_example_description/environment/ros_gz_example_description.dsv
[0.212s] -- Up-to-date: /home/cameron/template_ws/install/ros_gz_example_description/share/ros_gz_example_description/environment/ros_gz_example_description.sh
[0.212s] -- Up-to-date: /home/cameron/template_ws/install/ros_gz_example_description/share/ament_index/resource_index/package_run_dependencies/ros_gz_example_description
[0.212s] -- Up-to-date: /home/cameron/template_ws/install/ros_gz_example_description/share/ament_index/resource_index/parent_prefix_path/ros_gz_example_description
[0.212s] -- Up-to-date: /home/cameron/template_ws/install/ros_gz_example_description/share/ros_gz_example_description/environment/ament_prefix_path.sh
[0.212s] -- Installing: /home/cameron/template_ws/install/ros_gz_example_description/share/ros_gz_example_description/environment/ament_prefix_path.dsv
[0.212s] -- Up-to-date: /home/cameron/template_ws/install/ros_gz_example_description/share/ros_gz_example_description/environment/path.sh
[0.212s] -- Installing: /home/cameron/template_ws/install/ros_gz_example_description/share/ros_gz_example_description/environment/path.dsv
[0.212s] -- Up-to-date: /home/cameron/template_ws/install/ros_gz_example_description/share/ros_gz_example_description/local_setup.bash
[0.212s] -- Up-to-date: /home/cameron/template_ws/install/ros_gz_example_description/share/ros_gz_example_description/local_setup.sh
[0.212s] -- Up-to-date: /home/cameron/template_ws/install/ros_gz_example_description/share/ros_gz_example_description/local_setup.zsh
[0.212s] -- Installing: /home/cameron/template_ws/install/ros_gz_example_description/share/ros_gz_example_description/local_setup.dsv
[0.213s] -- Installing: /home/cameron/template_ws/install/ros_gz_example_description/share/ros_gz_example_description/package.dsv
[0.213s] -- Up-to-date: /home/cameron/template_ws/install/ros_gz_example_description/share/ament_index/resource_index/packages/ros_gz_example_description
[0.213s] -- Up-to-date: /home/cameron/template_ws/install/ros_gz_example_description/share/ros_gz_example_description/cmake/ros_gz_example_descriptionConfig.cmake
[0.213s] -- Up-to-date: /home/cameron/template_ws/install/ros_gz_example_description/share/ros_gz_example_description/cmake/ros_gz_example_descriptionConfig-version.cmake
[0.213s] -- Installing: /home/cameron/template_ws/install/ros_gz_example_description/share/ros_gz_example_description/package.xml
[0.213s] Invoked command in '/home/cameron/template_ws/build/ros_gz_example_description' returned '0': CMAKE_PREFIX_PATH=${CMAKE_PREFIX_PATH}:/opt/ros/humble /usr/bin/cmake --install /home/cameron/template_ws/build/ros_gz_example_description
