[0.010s] Invoking command in '/home/cameron/template_ws/build/ros_gz_example_application': CMAKE_PREFIX_PATH=${CMAKE_PREFIX_PATH}:/opt/ros/humble /usr/bin/cmake --build /home/cameron/template_ws/build/ros_gz_example_application -- -j22 -l22
[0.032s] -- Found ament_cmake: 1.3.10 (/opt/ros/humble/share/ament_cmake/cmake)
[0.135s] -- Found rclpy: 3.3.14 (/opt/ros/humble/share/rclpy/cmake)
[0.136s] -- Found geometry_msgs: 4.2.4 (/opt/ros/humble/share/geometry_msgs/cmake)
[0.175s] -- Found rosidl_generator_c: 3.1.5 (/opt/ros/humble/share/rosidl_generator_c/cmake)
[0.180s] -- Found rosidl_adapter: 3.1.5 (/opt/ros/humble/share/rosidl_adapter/cmake)
[0.192s] -- Found rosidl_generator_cpp: 3.1.5 (/opt/ros/humble/share/rosidl_generator_cpp/cmake)
[0.213s] -- Using all available rosidl_typesupport_c: rosidl_typesupport_fastrtps_c;rosidl_typesupport_introspection_c
[0.231s] -- Using all available rosidl_typesupport_cpp: rosidl_typesupport_fastrtps_cpp;rosidl_typesupport_introspection_cpp
[0.265s] -- Found ros_gz_interfaces: 0.244.15 (/opt/ros/humble/share/ros_gz_interfaces/cmake)
[0.354s] [31mCMake Error at /opt/ros/humble/share/ament_cmake_python/cmake/ament_python_install_package.cmake:66 (message):
[0.355s]   ament_python_install_package() the Python package folder
[0.355s]   '/home/cameron/template_ws/src/ros_gz_project_template/ros_gz_example_application/ros_gz_example_application'
[0.355s]   doesn't contain an '__init__.py' file
[0.355s] Call Stack (most recent call first):
[0.355s]   /opt/ros/humble/share/ament_cmake_python/cmake/ament_python_install_package.cmake:39 (_ament_cmake_python_install_package)
[0.355s]   CMakeLists.txt:13 (ament_python_install_package)
[0.355s] 
[0.355s] [0m
[0.355s] -- Configuring incomplete, errors occurred!
[0.355s] See also "/home/cameron/template_ws/build/ros_gz_example_application/CMakeFiles/CMakeOutput.log".
[0.360s] gmake: *** [Makefile:226: cmake_check_build_system] Error 1
[0.369s] Invoked command in '/home/cameron/template_ws/build/ros_gz_example_application' returned '2': CMAKE_PREFIX_PATH=${CMAKE_PREFIX_PATH}:/opt/ros/humble /usr/bin/cmake --build /home/cameron/template_ws/build/ros_gz_example_application -- -j22 -l22
