[0.007s] Invoking command in '/home/cameron/template_ws/build/ros_gz_example_bringup': CMAKE_PREFIX_PATH=/home/cameron/template_ws/install/ros_gz_example_gazebo:/home/cameron/template_ws/install/ros_gz_example_description:/home/cameron/template_ws/install/ros_gz_example_bringup:/home/cameron/template_ws/install/ros_gz_example_application:/opt/ros/humble IGN_GAZEBO_PLUGIN_PATH=/home/cameron/template_ws/install/ros_gz_example_gazebo/lib/ros_gz_example_gazebo IGN_GAZEBO_RESOURCE_PATH=/home/cameron/template_ws/install/ros_gz_example_description/share/ros_gz_example_description/models:${IGN_GAZEBO_RESOURCE_PATH} /usr/bin/cmake /home/cameron/template_ws/src/ros_gz_project_template/ros_gz_example_bringup -DCMAKE_INSTALL_PREFIX=/home/cameron/template_ws/install/ros_gz_example_bringup
[0.014s] -- Found ament_cmake: 1.3.10 (/opt/ros/humble/share/ament_cmake/cmake)
[0.092s] -- Found ros_gz_example_description: 0.0.0 (/home/cameron/template_ws/install/ros_gz_example_description/share/ros_gz_example_description/cmake)
[0.092s] -- Found ros_gz_example_gazebo: 0.0.0 (/home/cameron/template_ws/install/ros_gz_example_gazebo/share/ros_gz_example_gazebo/cmake)
[0.092s] -- Found ament_lint_auto: 0.12.11 (/opt/ros/humble/share/ament_lint_auto/cmake)
[0.135s] -- Configuring done
[0.136s] -- Generating done
[0.136s] -- Build files have been written to: /home/cameron/template_ws/build/ros_gz_example_bringup
[0.139s] Invoked command in '/home/cameron/template_ws/build/ros_gz_example_bringup' returned '0': CMAKE_PREFIX_PATH=/home/cameron/template_ws/install/ros_gz_example_gazebo:/home/cameron/template_ws/install/ros_gz_example_description:/home/cameron/template_ws/install/ros_gz_example_bringup:/home/cameron/template_ws/install/ros_gz_example_application:/opt/ros/humble IGN_GAZEBO_PLUGIN_PATH=/home/cameron/template_ws/install/ros_gz_example_gazebo/lib/ros_gz_example_gazebo IGN_GAZEBO_RESOURCE_PATH=/home/cameron/template_ws/install/ros_gz_example_description/share/ros_gz_example_description/models:${IGN_GAZEBO_RESOURCE_PATH} /usr/bin/cmake /home/cameron/template_ws/src/ros_gz_project_template/ros_gz_example_bringup -DCMAKE_INSTALL_PREFIX=/home/cameron/template_ws/install/ros_gz_example_bringup
[0.140s] Invoking command in '/home/cameron/template_ws/build/ros_gz_example_bringup': CMAKE_PREFIX_PATH=/home/cameron/template_ws/install/ros_gz_example_gazebo:/home/cameron/template_ws/install/ros_gz_example_description:/home/cameron/template_ws/install/ros_gz_example_bringup:/home/cameron/template_ws/install/ros_gz_example_application:/opt/ros/humble IGN_GAZEBO_PLUGIN_PATH=/home/cameron/template_ws/install/ros_gz_example_gazebo/lib/ros_gz_example_gazebo IGN_GAZEBO_RESOURCE_PATH=/home/cameron/template_ws/install/ros_gz_example_description/share/ros_gz_example_description/models:${IGN_GAZEBO_RESOURCE_PATH} /usr/bin/cmake --build /home/cameron/template_ws/build/ros_gz_example_bringup -- -j22 -l22
[0.169s] Invoked command in '/home/cameron/template_ws/build/ros_gz_example_bringup' returned '0': CMAKE_PREFIX_PATH=/home/cameron/template_ws/install/ros_gz_example_gazebo:/home/cameron/template_ws/install/ros_gz_example_description:/home/cameron/template_ws/install/ros_gz_example_bringup:/home/cameron/template_ws/install/ros_gz_example_application:/opt/ros/humble IGN_GAZEBO_PLUGIN_PATH=/home/cameron/template_ws/install/ros_gz_example_gazebo/lib/ros_gz_example_gazebo IGN_GAZEBO_RESOURCE_PATH=/home/cameron/template_ws/install/ros_gz_example_description/share/ros_gz_example_description/models:${IGN_GAZEBO_RESOURCE_PATH} /usr/bin/cmake --build /home/cameron/template_ws/build/ros_gz_example_bringup -- -j22 -l22
[0.183s] Invoking command in '/home/cameron/template_ws/build/ros_gz_example_bringup': CMAKE_PREFIX_PATH=/home/cameron/template_ws/install/ros_gz_example_gazebo:/home/cameron/template_ws/install/ros_gz_example_description:/home/cameron/template_ws/install/ros_gz_example_bringup:/home/cameron/template_ws/install/ros_gz_example_application:/opt/ros/humble IGN_GAZEBO_PLUGIN_PATH=/home/cameron/template_ws/install/ros_gz_example_gazebo/lib/ros_gz_example_gazebo IGN_GAZEBO_RESOURCE_PATH=/home/cameron/template_ws/install/ros_gz_example_description/share/ros_gz_example_description/models:${IGN_GAZEBO_RESOURCE_PATH} /usr/bin/cmake --install /home/cameron/template_ws/build/ros_gz_example_bringup
[0.187s] -- Install configuration: ""
[0.187s] -- Up-to-date: /home/cameron/template_ws/install/ros_gz_example_bringup/share/ros_gz_example_bringup/launch
[0.187s] -- Installing: /home/cameron/template_ws/install/ros_gz_example_bringup/share/ros_gz_example_bringup/launch/diff_drive.launch.py
[0.188s] -- Up-to-date: /home/cameron/template_ws/install/ros_gz_example_bringup/share/ros_gz_example_bringup/launch/rrbot_setup.launch.py
[0.188s] -- Up-to-date: /home/cameron/template_ws/install/ros_gz_example_bringup/share/ros_gz_example_bringup/config
[0.188s] -- Up-to-date: /home/cameron/template_ws/install/ros_gz_example_bringup/share/ros_gz_example_bringup/config/rrbot.rviz
[0.188s] -- Up-to-date: /home/cameron/template_ws/install/ros_gz_example_bringup/share/ros_gz_example_bringup/config/diff_drive.rviz
[0.188s] -- Up-to-date: /home/cameron/template_ws/install/ros_gz_example_bringup/share/ros_gz_example_bringup/config/ros_gz_example_bridge.yaml
[0.188s] -- Up-to-date: /home/cameron/template_ws/install/ros_gz_example_bringup/share/ament_index/resource_index/package_run_dependencies/ros_gz_example_bringup
[0.188s] -- Installing: /home/cameron/template_ws/install/ros_gz_example_bringup/share/ament_index/resource_index/parent_prefix_path/ros_gz_example_bringup
[0.188s] -- Up-to-date: /home/cameron/template_ws/install/ros_gz_example_bringup/share/ros_gz_example_bringup/environment/ament_prefix_path.sh
[0.188s] -- Installing: /home/cameron/template_ws/install/ros_gz_example_bringup/share/ros_gz_example_bringup/environment/ament_prefix_path.dsv
[0.188s] -- Up-to-date: /home/cameron/template_ws/install/ros_gz_example_bringup/share/ros_gz_example_bringup/environment/path.sh
[0.188s] -- Installing: /home/cameron/template_ws/install/ros_gz_example_bringup/share/ros_gz_example_bringup/environment/path.dsv
[0.188s] -- Up-to-date: /home/cameron/template_ws/install/ros_gz_example_bringup/share/ros_gz_example_bringup/local_setup.bash
[0.188s] -- Up-to-date: /home/cameron/template_ws/install/ros_gz_example_bringup/share/ros_gz_example_bringup/local_setup.sh
[0.188s] -- Up-to-date: /home/cameron/template_ws/install/ros_gz_example_bringup/share/ros_gz_example_bringup/local_setup.zsh
[0.188s] -- Installing: /home/cameron/template_ws/install/ros_gz_example_bringup/share/ros_gz_example_bringup/local_setup.dsv
[0.189s] -- Installing: /home/cameron/template_ws/install/ros_gz_example_bringup/share/ros_gz_example_bringup/package.dsv
[0.189s] -- Up-to-date: /home/cameron/template_ws/install/ros_gz_example_bringup/share/ament_index/resource_index/packages/ros_gz_example_bringup
[0.189s] -- Up-to-date: /home/cameron/template_ws/install/ros_gz_example_bringup/share/ros_gz_example_bringup/cmake/ros_gz_example_bringupConfig.cmake
[0.189s] -- Up-to-date: /home/cameron/template_ws/install/ros_gz_example_bringup/share/ros_gz_example_bringup/cmake/ros_gz_example_bringupConfig-version.cmake
[0.189s] -- Up-to-date: /home/cameron/template_ws/install/ros_gz_example_bringup/share/ros_gz_example_bringup/package.xml
[0.190s] Invoked command in '/home/cameron/template_ws/build/ros_gz_example_bringup' returned '0': CMAKE_PREFIX_PATH=/home/cameron/template_ws/install/ros_gz_example_gazebo:/home/cameron/template_ws/install/ros_gz_example_description:/home/cameron/template_ws/install/ros_gz_example_bringup:/home/cameron/template_ws/install/ros_gz_example_application:/opt/ros/humble IGN_GAZEBO_PLUGIN_PATH=/home/cameron/template_ws/install/ros_gz_example_gazebo/lib/ros_gz_example_gazebo IGN_GAZEBO_RESOURCE_PATH=/home/cameron/template_ws/install/ros_gz_example_description/share/ros_gz_example_description/models:${IGN_GAZEBO_RESOURCE_PATH} /usr/bin/cmake --install /home/cameron/template_ws/build/ros_gz_example_bringup
