[0.058s] DEBUG:colcon:Command line arguments: ['/usr/bin/colcon', 'build']
[0.058s] DEBUG:colcon:Parsed command line arguments: Namespace(log_base=None, log_level=None, verb_name='build', build_base='build', install_base='install', merge_install=False, symlink_install=False, test_result_base=None, continue_on_error=False, executor='parallel', parallel_workers=22, event_handlers=None, ignore_user_meta=False, metas=['./colcon.meta'], base_paths=['.'], packages_ignore=None, packages_ignore_regex=None, paths=None, packages_up_to=None, packages_up_to_regex=None, packages_above=None, packages_above_and_dependencies=None, packages_above_depth=None, packages_select_by_dep=None, packages_skip_by_dep=None, packages_skip_up_to=None, packages_select_build_failed=False, packages_skip_build_finished=False, packages_select_test_failures=False, packages_skip_test_passed=False, packages_select=None, packages_skip=None, packages_select_regex=None, packages_skip_regex=None, packages_start=None, packages_end=None, allow_overriding=[], cmake_args=None, cmake_target=None, cmake_target_skip_unavailable=False, cmake_clean_cache=False, cmake_clean_first=False, cmake_force_configure=False, ament_cmake_args=None, catkin_cmake_args=None, catkin_skip_building_tests=False, mixin_files=None, mixin=None, verb_parser=<colcon_mixin.mixin.mixin_argument.MixinArgumentDecorator object at 0x70f743e46410>, verb_extension=<colcon_core.verb.build.BuildVerb object at 0x70f743e45e40>, main=<bound method BuildVerb.main of <colcon_core.verb.build.BuildVerb object at 0x70f743e45e40>>, mixin_verb=('build',))
[0.147s] Level 1:colcon.colcon_core.package_discovery:discover_packages(colcon_meta) check parameters
[0.147s] Level 1:colcon.colcon_core.package_discovery:discover_packages(recursive) check parameters
[0.147s] Level 1:colcon.colcon_core.package_discovery:discover_packages(ignore) check parameters
[0.148s] Level 1:colcon.colcon_core.package_discovery:discover_packages(path) check parameters
[0.148s] Level 1:colcon.colcon_core.package_discovery:discover_packages(colcon_meta) discover
[0.148s] Level 1:colcon.colcon_core.package_discovery:discover_packages(recursive) discover
[0.148s] INFO:colcon.colcon_core.package_discovery:Crawling recursively for packages in '/home/cameron/template_ws'
[0.148s] Level 1:colcon.colcon_core.package_identification:_identify(.) by extensions ['ignore', 'ignore_ament_install']
[0.148s] Level 1:colcon.colcon_core.package_identification:_identify(.) by extension 'ignore'
[0.148s] Level 1:colcon.colcon_core.package_identification:_identify(.) by extension 'ignore_ament_install'
[0.148s] Level 1:colcon.colcon_core.package_identification:_identify(.) by extensions ['colcon_pkg']
[0.148s] Level 1:colcon.colcon_core.package_identification:_identify(.) by extension 'colcon_pkg'
[0.148s] Level 1:colcon.colcon_core.package_identification:_identify(.) by extensions ['colcon_meta']
[0.148s] Level 1:colcon.colcon_core.package_identification:_identify(.) by extension 'colcon_meta'
[0.148s] Level 1:colcon.colcon_core.package_identification:_identify(.) by extensions ['ros']
[0.148s] Level 1:colcon.colcon_core.package_identification:_identify(.) by extension 'ros'
[0.154s] Level 1:colcon.colcon_core.package_identification:_identify(.) by extensions ['cmake', 'python']
[0.154s] Level 1:colcon.colcon_core.package_identification:_identify(.) by extension 'cmake'
[0.154s] Level 1:colcon.colcon_core.package_identification:_identify(.) by extension 'python'
[0.154s] Level 1:colcon.colcon_core.package_identification:_identify(.) by extensions ['python_setup_py']
[0.154s] Level 1:colcon.colcon_core.package_identification:_identify(.) by extension 'python_setup_py'
[0.155s] Level 1:colcon.colcon_core.package_identification:_identify(build) by extensions ['ignore', 'ignore_ament_install']
[0.155s] Level 1:colcon.colcon_core.package_identification:_identify(build) by extension 'ignore'
[0.155s] Level 1:colcon.colcon_core.package_identification:_identify(build) ignored
[0.155s] Level 1:colcon.colcon_core.package_identification:_identify(install) by extensions ['ignore', 'ignore_ament_install']
[0.155s] Level 1:colcon.colcon_core.package_identification:_identify(install) by extension 'ignore'
[0.155s] Level 1:colcon.colcon_core.package_identification:_identify(install) ignored
[0.155s] Level 1:colcon.colcon_core.package_identification:_identify(log) by extensions ['ignore', 'ignore_ament_install']
[0.155s] Level 1:colcon.colcon_core.package_identification:_identify(log) by extension 'ignore'
[0.155s] Level 1:colcon.colcon_core.package_identification:_identify(log) ignored
[0.155s] Level 1:colcon.colcon_core.package_identification:_identify(src) by extensions ['ignore', 'ignore_ament_install']
[0.155s] Level 1:colcon.colcon_core.package_identification:_identify(src) by extension 'ignore'
[0.155s] Level 1:colcon.colcon_core.package_identification:_identify(src) by extension 'ignore_ament_install'
[0.155s] Level 1:colcon.colcon_core.package_identification:_identify(src) by extensions ['colcon_pkg']
[0.155s] Level 1:colcon.colcon_core.package_identification:_identify(src) by extension 'colcon_pkg'
[0.155s] Level 1:colcon.colcon_core.package_identification:_identify(src) by extensions ['colcon_meta']
[0.155s] Level 1:colcon.colcon_core.package_identification:_identify(src) by extension 'colcon_meta'
[0.155s] Level 1:colcon.colcon_core.package_identification:_identify(src) by extensions ['ros']
[0.155s] Level 1:colcon.colcon_core.package_identification:_identify(src) by extension 'ros'
[0.155s] Level 1:colcon.colcon_core.package_identification:_identify(src) by extensions ['cmake', 'python']
[0.155s] Level 1:colcon.colcon_core.package_identification:_identify(src) by extension 'cmake'
[0.155s] Level 1:colcon.colcon_core.package_identification:_identify(src) by extension 'python'
[0.155s] Level 1:colcon.colcon_core.package_identification:_identify(src) by extensions ['python_setup_py']
[0.155s] Level 1:colcon.colcon_core.package_identification:_identify(src) by extension 'python_setup_py'
[0.155s] Level 1:colcon.colcon_core.package_identification:_identify(src/ros_gz_project_template) by extensions ['ignore', 'ignore_ament_install']
[0.155s] Level 1:colcon.colcon_core.package_identification:_identify(src/ros_gz_project_template) by extension 'ignore'
[0.155s] Level 1:colcon.colcon_core.package_identification:_identify(src/ros_gz_project_template) by extension 'ignore_ament_install'
[0.155s] Level 1:colcon.colcon_core.package_identification:_identify(src/ros_gz_project_template) by extensions ['colcon_pkg']
[0.155s] Level 1:colcon.colcon_core.package_identification:_identify(src/ros_gz_project_template) by extension 'colcon_pkg'
[0.155s] Level 1:colcon.colcon_core.package_identification:_identify(src/ros_gz_project_template) by extensions ['colcon_meta']
[0.155s] Level 1:colcon.colcon_core.package_identification:_identify(src/ros_gz_project_template) by extension 'colcon_meta'
[0.155s] Level 1:colcon.colcon_core.package_identification:_identify(src/ros_gz_project_template) by extensions ['ros']
[0.155s] Level 1:colcon.colcon_core.package_identification:_identify(src/ros_gz_project_template) by extension 'ros'
[0.155s] Level 1:colcon.colcon_core.package_identification:_identify(src/ros_gz_project_template) by extensions ['cmake', 'python']
[0.155s] Level 1:colcon.colcon_core.package_identification:_identify(src/ros_gz_project_template) by extension 'cmake'
[0.156s] Level 1:colcon.colcon_core.package_identification:_identify(src/ros_gz_project_template) by extension 'python'
[0.156s] Level 1:colcon.colcon_core.package_identification:_identify(src/ros_gz_project_template) by extensions ['python_setup_py']
[0.156s] Level 1:colcon.colcon_core.package_identification:_identify(src/ros_gz_project_template) by extension 'python_setup_py'
[0.156s] Level 1:colcon.colcon_core.package_identification:_identify(src/ros_gz_project_template/ros_gz_example_application) by extensions ['ignore', 'ignore_ament_install']
[0.156s] Level 1:colcon.colcon_core.package_identification:_identify(src/ros_gz_project_template/ros_gz_example_application) by extension 'ignore'
[0.156s] Level 1:colcon.colcon_core.package_identification:_identify(src/ros_gz_project_template/ros_gz_example_application) by extension 'ignore_ament_install'
[0.156s] Level 1:colcon.colcon_core.package_identification:_identify(src/ros_gz_project_template/ros_gz_example_application) by extensions ['colcon_pkg']
[0.156s] Level 1:colcon.colcon_core.package_identification:_identify(src/ros_gz_project_template/ros_gz_example_application) by extension 'colcon_pkg'
[0.156s] Level 1:colcon.colcon_core.package_identification:_identify(src/ros_gz_project_template/ros_gz_example_application) by extensions ['colcon_meta']
[0.156s] Level 1:colcon.colcon_core.package_identification:_identify(src/ros_gz_project_template/ros_gz_example_application) by extension 'colcon_meta'
[0.156s] Level 1:colcon.colcon_core.package_identification:_identify(src/ros_gz_project_template/ros_gz_example_application) by extensions ['ros']
[0.156s] Level 1:colcon.colcon_core.package_identification:_identify(src/ros_gz_project_template/ros_gz_example_application) by extension 'ros'
[0.157s] DEBUG:colcon.colcon_core.package_identification:Package 'src/ros_gz_project_template/ros_gz_example_application' with type 'ros.ament_cmake' and name 'ros_gz_example_application'
[0.157s] Level 1:colcon.colcon_core.package_identification:_identify(src/ros_gz_project_template/ros_gz_example_bringup) by extensions ['ignore', 'ignore_ament_install']
[0.157s] Level 1:colcon.colcon_core.package_identification:_identify(src/ros_gz_project_template/ros_gz_example_bringup) by extension 'ignore'
[0.157s] Level 1:colcon.colcon_core.package_identification:_identify(src/ros_gz_project_template/ros_gz_example_bringup) by extension 'ignore_ament_install'
[0.157s] Level 1:colcon.colcon_core.package_identification:_identify(src/ros_gz_project_template/ros_gz_example_bringup) by extensions ['colcon_pkg']
[0.157s] Level 1:colcon.colcon_core.package_identification:_identify(src/ros_gz_project_template/ros_gz_example_bringup) by extension 'colcon_pkg'
[0.157s] Level 1:colcon.colcon_core.package_identification:_identify(src/ros_gz_project_template/ros_gz_example_bringup) by extensions ['colcon_meta']
[0.157s] Level 1:colcon.colcon_core.package_identification:_identify(src/ros_gz_project_template/ros_gz_example_bringup) by extension 'colcon_meta'
[0.157s] Level 1:colcon.colcon_core.package_identification:_identify(src/ros_gz_project_template/ros_gz_example_bringup) by extensions ['ros']
[0.157s] Level 1:colcon.colcon_core.package_identification:_identify(src/ros_gz_project_template/ros_gz_example_bringup) by extension 'ros'
[0.158s] DEBUG:colcon.colcon_core.package_identification:Package 'src/ros_gz_project_template/ros_gz_example_bringup' with type 'ros.ament_cmake' and name 'ros_gz_example_bringup'
[0.158s] Level 1:colcon.colcon_core.package_identification:_identify(src/ros_gz_project_template/ros_gz_example_description) by extensions ['ignore', 'ignore_ament_install']
[0.158s] Level 1:colcon.colcon_core.package_identification:_identify(src/ros_gz_project_template/ros_gz_example_description) by extension 'ignore'
[0.158s] Level 1:colcon.colcon_core.package_identification:_identify(src/ros_gz_project_template/ros_gz_example_description) by extension 'ignore_ament_install'
[0.158s] Level 1:colcon.colcon_core.package_identification:_identify(src/ros_gz_project_template/ros_gz_example_description) by extensions ['colcon_pkg']
[0.158s] Level 1:colcon.colcon_core.package_identification:_identify(src/ros_gz_project_template/ros_gz_example_description) by extension 'colcon_pkg'
[0.158s] Level 1:colcon.colcon_core.package_identification:_identify(src/ros_gz_project_template/ros_gz_example_description) by extensions ['colcon_meta']
[0.158s] Level 1:colcon.colcon_core.package_identification:_identify(src/ros_gz_project_template/ros_gz_example_description) by extension 'colcon_meta'
[0.158s] Level 1:colcon.colcon_core.package_identification:_identify(src/ros_gz_project_template/ros_gz_example_description) by extensions ['ros']
[0.158s] Level 1:colcon.colcon_core.package_identification:_identify(src/ros_gz_project_template/ros_gz_example_description) by extension 'ros'
[0.159s] DEBUG:colcon.colcon_core.package_identification:Package 'src/ros_gz_project_template/ros_gz_example_description' with type 'ros.ament_cmake' and name 'ros_gz_example_description'
[0.159s] Level 1:colcon.colcon_core.package_identification:_identify(src/ros_gz_project_template/ros_gz_example_gazebo) by extensions ['ignore', 'ignore_ament_install']
[0.159s] Level 1:colcon.colcon_core.package_identification:_identify(src/ros_gz_project_template/ros_gz_example_gazebo) by extension 'ignore'
[0.159s] Level 1:colcon.colcon_core.package_identification:_identify(src/ros_gz_project_template/ros_gz_example_gazebo) by extension 'ignore_ament_install'
[0.159s] Level 1:colcon.colcon_core.package_identification:_identify(src/ros_gz_project_template/ros_gz_example_gazebo) by extensions ['colcon_pkg']
[0.159s] Level 1:colcon.colcon_core.package_identification:_identify(src/ros_gz_project_template/ros_gz_example_gazebo) by extension 'colcon_pkg'
[0.159s] Level 1:colcon.colcon_core.package_identification:_identify(src/ros_gz_project_template/ros_gz_example_gazebo) by extensions ['colcon_meta']
[0.159s] Level 1:colcon.colcon_core.package_identification:_identify(src/ros_gz_project_template/ros_gz_example_gazebo) by extension 'colcon_meta'
[0.159s] Level 1:colcon.colcon_core.package_identification:_identify(src/ros_gz_project_template/ros_gz_example_gazebo) by extensions ['ros']
[0.159s] Level 1:colcon.colcon_core.package_identification:_identify(src/ros_gz_project_template/ros_gz_example_gazebo) by extension 'ros'
[0.159s] DEBUG:colcon.colcon_core.package_identification:Package 'src/ros_gz_project_template/ros_gz_example_gazebo' with type 'ros.ament_cmake' and name 'ros_gz_example_gazebo'
[0.159s] Level 1:colcon.colcon_core.package_discovery:discover_packages(recursive) using defaults
[0.159s] Level 1:colcon.colcon_core.package_discovery:discover_packages(ignore) discover
[0.159s] Level 1:colcon.colcon_core.package_discovery:discover_packages(ignore) using defaults
[0.159s] Level 1:colcon.colcon_core.package_discovery:discover_packages(path) discover
[0.159s] Level 1:colcon.colcon_core.package_discovery:discover_packages(path) using defaults
[0.176s] Level 1:colcon.colcon_core.package_discovery:discover_packages(prefix_path) check parameters
[0.176s] Level 1:colcon.colcon_core.package_discovery:discover_packages(prefix_path) discover
[0.177s] DEBUG:colcon.colcon_installed_package_information.package_discovery:Found 4 installed packages in /home/cameron/template_ws/install
[0.178s] DEBUG:colcon.colcon_installed_package_information.package_discovery:Found 311 installed packages in /opt/ros/humble
[0.179s] Level 1:colcon.colcon_core.package_discovery:discover_packages(prefix_path) using defaults
[0.203s] Level 5:colcon.colcon_core.verb:set package 'ros_gz_example_application' build argument 'cmake_args' from command line to 'None'
[0.203s] Level 5:colcon.colcon_core.verb:set package 'ros_gz_example_application' build argument 'cmake_target' from command line to 'None'
[0.203s] Level 5:colcon.colcon_core.verb:set package 'ros_gz_example_application' build argument 'cmake_target_skip_unavailable' from command line to 'False'
[0.203s] Level 5:colcon.colcon_core.verb:set package 'ros_gz_example_application' build argument 'cmake_clean_cache' from command line to 'False'
[0.203s] Level 5:colcon.colcon_core.verb:set package 'ros_gz_example_application' build argument 'cmake_clean_first' from command line to 'False'
[0.203s] Level 5:colcon.colcon_core.verb:set package 'ros_gz_example_application' build argument 'cmake_force_configure' from command line to 'False'
[0.203s] Level 5:colcon.colcon_core.verb:set package 'ros_gz_example_application' build argument 'ament_cmake_args' from command line to 'None'
[0.203s] Level 5:colcon.colcon_core.verb:set package 'ros_gz_example_application' build argument 'catkin_cmake_args' from command line to 'None'
[0.203s] Level 5:colcon.colcon_core.verb:set package 'ros_gz_example_application' build argument 'catkin_skip_building_tests' from command line to 'False'
[0.203s] DEBUG:colcon.colcon_core.verb:Building package 'ros_gz_example_application' with the following arguments: {'ament_cmake_args': None, 'build_base': '/home/cameron/template_ws/build/ros_gz_example_application', 'catkin_cmake_args': None, 'catkin_skip_building_tests': False, 'cmake_args': None, 'cmake_clean_cache': False, 'cmake_clean_first': False, 'cmake_force_configure': False, 'cmake_target': None, 'cmake_target_skip_unavailable': False, 'install_base': '/home/cameron/template_ws/install/ros_gz_example_application', 'merge_install': False, 'path': '/home/cameron/template_ws/src/ros_gz_project_template/ros_gz_example_application', 'symlink_install': False, 'test_result_base': None}
[0.203s] Level 5:colcon.colcon_core.verb:set package 'ros_gz_example_description' build argument 'cmake_args' from command line to 'None'
[0.203s] Level 5:colcon.colcon_core.verb:set package 'ros_gz_example_description' build argument 'cmake_target' from command line to 'None'
[0.203s] Level 5:colcon.colcon_core.verb:set package 'ros_gz_example_description' build argument 'cmake_target_skip_unavailable' from command line to 'False'
[0.203s] Level 5:colcon.colcon_core.verb:set package 'ros_gz_example_description' build argument 'cmake_clean_cache' from command line to 'False'
[0.203s] Level 5:colcon.colcon_core.verb:set package 'ros_gz_example_description' build argument 'cmake_clean_first' from command line to 'False'
[0.203s] Level 5:colcon.colcon_core.verb:set package 'ros_gz_example_description' build argument 'cmake_force_configure' from command line to 'False'
[0.203s] Level 5:colcon.colcon_core.verb:set package 'ros_gz_example_description' build argument 'ament_cmake_args' from command line to 'None'
[0.203s] Level 5:colcon.colcon_core.verb:set package 'ros_gz_example_description' build argument 'catkin_cmake_args' from command line to 'None'
[0.203s] Level 5:colcon.colcon_core.verb:set package 'ros_gz_example_description' build argument 'catkin_skip_building_tests' from command line to 'False'
[0.203s] DEBUG:colcon.colcon_core.verb:Building package 'ros_gz_example_description' with the following arguments: {'ament_cmake_args': None, 'build_base': '/home/cameron/template_ws/build/ros_gz_example_description', 'catkin_cmake_args': None, 'catkin_skip_building_tests': False, 'cmake_args': None, 'cmake_clean_cache': False, 'cmake_clean_first': False, 'cmake_force_configure': False, 'cmake_target': None, 'cmake_target_skip_unavailable': False, 'install_base': '/home/cameron/template_ws/install/ros_gz_example_description', 'merge_install': False, 'path': '/home/cameron/template_ws/src/ros_gz_project_template/ros_gz_example_description', 'symlink_install': False, 'test_result_base': None}
[0.203s] Level 5:colcon.colcon_core.verb:set package 'ros_gz_example_gazebo' build argument 'cmake_args' from command line to 'None'
[0.203s] Level 5:colcon.colcon_core.verb:set package 'ros_gz_example_gazebo' build argument 'cmake_target' from command line to 'None'
[0.203s] Level 5:colcon.colcon_core.verb:set package 'ros_gz_example_gazebo' build argument 'cmake_target_skip_unavailable' from command line to 'False'
[0.203s] Level 5:colcon.colcon_core.verb:set package 'ros_gz_example_gazebo' build argument 'cmake_clean_cache' from command line to 'False'
[0.203s] Level 5:colcon.colcon_core.verb:set package 'ros_gz_example_gazebo' build argument 'cmake_clean_first' from command line to 'False'
[0.203s] Level 5:colcon.colcon_core.verb:set package 'ros_gz_example_gazebo' build argument 'cmake_force_configure' from command line to 'False'
[0.203s] Level 5:colcon.colcon_core.verb:set package 'ros_gz_example_gazebo' build argument 'ament_cmake_args' from command line to 'None'
[0.203s] Level 5:colcon.colcon_core.verb:set package 'ros_gz_example_gazebo' build argument 'catkin_cmake_args' from command line to 'None'
[0.203s] Level 5:colcon.colcon_core.verb:set package 'ros_gz_example_gazebo' build argument 'catkin_skip_building_tests' from command line to 'False'
[0.203s] DEBUG:colcon.colcon_core.verb:Building package 'ros_gz_example_gazebo' with the following arguments: {'ament_cmake_args': None, 'build_base': '/home/cameron/template_ws/build/ros_gz_example_gazebo', 'catkin_cmake_args': None, 'catkin_skip_building_tests': False, 'cmake_args': None, 'cmake_clean_cache': False, 'cmake_clean_first': False, 'cmake_force_configure': False, 'cmake_target': None, 'cmake_target_skip_unavailable': False, 'install_base': '/home/cameron/template_ws/install/ros_gz_example_gazebo', 'merge_install': False, 'path': '/home/cameron/template_ws/src/ros_gz_project_template/ros_gz_example_gazebo', 'symlink_install': False, 'test_result_base': None}
[0.204s] Level 5:colcon.colcon_core.verb:set package 'ros_gz_example_bringup' build argument 'cmake_args' from command line to 'None'
[0.204s] Level 5:colcon.colcon_core.verb:set package 'ros_gz_example_bringup' build argument 'cmake_target' from command line to 'None'
[0.204s] Level 5:colcon.colcon_core.verb:set package 'ros_gz_example_bringup' build argument 'cmake_target_skip_unavailable' from command line to 'False'
[0.204s] Level 5:colcon.colcon_core.verb:set package 'ros_gz_example_bringup' build argument 'cmake_clean_cache' from command line to 'False'
[0.204s] Level 5:colcon.colcon_core.verb:set package 'ros_gz_example_bringup' build argument 'cmake_clean_first' from command line to 'False'
[0.204s] Level 5:colcon.colcon_core.verb:set package 'ros_gz_example_bringup' build argument 'cmake_force_configure' from command line to 'False'
[0.204s] Level 5:colcon.colcon_core.verb:set package 'ros_gz_example_bringup' build argument 'ament_cmake_args' from command line to 'None'
[0.204s] Level 5:colcon.colcon_core.verb:set package 'ros_gz_example_bringup' build argument 'catkin_cmake_args' from command line to 'None'
[0.204s] Level 5:colcon.colcon_core.verb:set package 'ros_gz_example_bringup' build argument 'catkin_skip_building_tests' from command line to 'False'
[0.204s] DEBUG:colcon.colcon_core.verb:Building package 'ros_gz_example_bringup' with the following arguments: {'ament_cmake_args': None, 'build_base': '/home/cameron/template_ws/build/ros_gz_example_bringup', 'catkin_cmake_args': None, 'catkin_skip_building_tests': False, 'cmake_args': None, 'cmake_clean_cache': False, 'cmake_clean_first': False, 'cmake_force_configure': False, 'cmake_target': None, 'cmake_target_skip_unavailable': False, 'install_base': '/home/cameron/template_ws/install/ros_gz_example_bringup', 'merge_install': False, 'path': '/home/cameron/template_ws/src/ros_gz_project_template/ros_gz_example_bringup', 'symlink_install': False, 'test_result_base': None}
[0.204s] INFO:colcon.colcon_core.executor:Executing jobs using 'parallel' executor
[0.205s] DEBUG:colcon.colcon_parallel_executor.executor.parallel:run_until_complete
[0.205s] INFO:colcon.colcon_ros.task.ament_cmake.build:Building ROS package in '/home/cameron/template_ws/src/ros_gz_project_template/ros_gz_example_description' with build type 'ament_cmake'
[0.205s] INFO:colcon.colcon_cmake.task.cmake.build:Building CMake package in '/home/cameron/template_ws/src/ros_gz_project_template/ros_gz_example_description'
[0.206s] INFO:colcon.colcon_core.plugin_system:Skipping extension 'colcon_core.shell.bat': Not used on non-Windows systems
[0.207s] INFO:colcon.colcon_core.shell:Skip shell extension 'powershell' for command environment: Not usable outside of PowerShell
[0.207s] DEBUG:colcon.colcon_core.shell:Skip shell extension 'dsv' for command environment
[0.209s] INFO:colcon.colcon_ros.task.ament_cmake.build:Building ROS package in '/home/cameron/template_ws/src/ros_gz_project_template/ros_gz_example_application' with build type 'ament_cmake'
[0.209s] INFO:colcon.colcon_cmake.task.cmake.build:Building CMake package in '/home/cameron/template_ws/src/ros_gz_project_template/ros_gz_example_application'
[0.209s] INFO:colcon.colcon_core.shell:Skip shell extension 'powershell' for command environment: Not usable outside of PowerShell
[0.209s] DEBUG:colcon.colcon_core.shell:Skip shell extension 'dsv' for command environment
[0.214s] DEBUG:colcon.colcon_core.event_handler.log_command:Invoking command in '/home/cameron/template_ws/build/ros_gz_example_description': CMAKE_PREFIX_PATH=${CMAKE_PREFIX_PATH}:/opt/ros/humble /usr/bin/cmake --build /home/cameron/template_ws/build/ros_gz_example_description -- -j22 -l22
[0.216s] DEBUG:colcon.colcon_core.event_handler.log_command:Invoking command in '/home/cameron/template_ws/build/ros_gz_example_application': CMAKE_PREFIX_PATH=${CMAKE_PREFIX_PATH}:/opt/ros/humble /usr/bin/cmake --build /home/cameron/template_ws/build/ros_gz_example_application -- -j22 -l22
[0.243s] DEBUG:colcon.colcon_core.event_handler.log_command:Invoked command in '/home/cameron/template_ws/build/ros_gz_example_application' returned '0': CMAKE_PREFIX_PATH=${CMAKE_PREFIX_PATH}:/opt/ros/humble /usr/bin/cmake --build /home/cameron/template_ws/build/ros_gz_example_application -- -j22 -l22
[0.244s] DEBUG:colcon.colcon_core.event_handler.log_command:Invoked command in '/home/cameron/template_ws/build/ros_gz_example_description' returned '0': CMAKE_PREFIX_PATH=${CMAKE_PREFIX_PATH}:/opt/ros/humble /usr/bin/cmake --build /home/cameron/template_ws/build/ros_gz_example_description -- -j22 -l22
[0.266s] DEBUG:colcon.colcon_core.event_handler.log_command:Invoking command in '/home/cameron/template_ws/build/ros_gz_example_description': CMAKE_PREFIX_PATH=${CMAKE_PREFIX_PATH}:/opt/ros/humble /usr/bin/cmake --install /home/cameron/template_ws/build/ros_gz_example_description
[0.268s] DEBUG:colcon.colcon_core.event_handler.log_command:Invoking command in '/home/cameron/template_ws/build/ros_gz_example_application': CMAKE_PREFIX_PATH=${CMAKE_PREFIX_PATH}:/opt/ros/humble /usr/bin/cmake --install /home/cameron/template_ws/build/ros_gz_example_application
[0.272s] Level 1:colcon.colcon_core.environment:create_environment_scripts_only(ros_gz_example_application)
[0.272s] DEBUG:colcon.colcon_core.event_handler.log_command:Invoked command in '/home/cameron/template_ws/build/ros_gz_example_application' returned '0': CMAKE_PREFIX_PATH=${CMAKE_PREFIX_PATH}:/opt/ros/humble /usr/bin/cmake --install /home/cameron/template_ws/build/ros_gz_example_application
[0.274s] Level 1:colcon.colcon_core.environment:checking '/home/cameron/template_ws/install/ros_gz_example_application' for CMake module files
[0.275s] Level 1:colcon.colcon_core.environment:checking '/home/cameron/template_ws/install/ros_gz_example_application' for CMake config files
[0.275s] Level 1:colcon.colcon_core.shell:create_environment_hook('ros_gz_example_application', 'cmake_prefix_path')
[0.275s] INFO:colcon.colcon_core.shell:Creating environment hook '/home/cameron/template_ws/install/ros_gz_example_application/share/ros_gz_example_application/hook/cmake_prefix_path.ps1'
[0.275s] INFO:colcon.colcon_core.shell:Creating environment descriptor '/home/cameron/template_ws/install/ros_gz_example_application/share/ros_gz_example_application/hook/cmake_prefix_path.dsv'
[0.276s] INFO:colcon.colcon_core.shell:Creating environment hook '/home/cameron/template_ws/install/ros_gz_example_application/share/ros_gz_example_application/hook/cmake_prefix_path.sh'
[0.276s] Level 1:colcon.colcon_core.environment:checking '/home/cameron/template_ws/install/ros_gz_example_application/bin'
[0.276s] Level 1:colcon.colcon_core.environment:checking '/home/cameron/template_ws/install/ros_gz_example_application/lib/pkgconfig/ros_gz_example_application.pc'
[0.276s] Level 1:colcon.colcon_core.environment:checking '/home/cameron/template_ws/install/ros_gz_example_application/lib/python3.10/site-packages'
[0.276s] Level 1:colcon.colcon_core.environment:checking '/home/cameron/template_ws/install/ros_gz_example_application/bin'
[0.276s] INFO:colcon.colcon_core.shell:Creating package script '/home/cameron/template_ws/install/ros_gz_example_application/share/ros_gz_example_application/package.ps1'
[0.277s] INFO:colcon.colcon_core.shell:Creating package descriptor '/home/cameron/template_ws/install/ros_gz_example_application/share/ros_gz_example_application/package.dsv'
[0.277s] INFO:colcon.colcon_core.shell:Creating package script '/home/cameron/template_ws/install/ros_gz_example_application/share/ros_gz_example_application/package.sh'
[0.278s] INFO:colcon.colcon_core.shell:Creating package script '/home/cameron/template_ws/install/ros_gz_example_application/share/ros_gz_example_application/package.bash'
[0.278s] INFO:colcon.colcon_core.shell:Creating package script '/home/cameron/template_ws/install/ros_gz_example_application/share/ros_gz_example_application/package.zsh'
[0.278s] Level 1:colcon.colcon_core.environment:create_file_with_runtime_dependencies(/home/cameron/template_ws/install/ros_gz_example_application/share/colcon-core/packages/ros_gz_example_application)
[0.279s] Level 1:colcon.colcon_core.environment:create_environment_scripts_only(ros_gz_example_description)
[0.279s] Level 1:colcon.colcon_core.environment:checking '/home/cameron/template_ws/install/ros_gz_example_description' for CMake module files
[0.280s] DEBUG:colcon.colcon_core.event_handler.log_command:Invoked command in '/home/cameron/template_ws/build/ros_gz_example_description' returned '0': CMAKE_PREFIX_PATH=${CMAKE_PREFIX_PATH}:/opt/ros/humble /usr/bin/cmake --install /home/cameron/template_ws/build/ros_gz_example_description
[0.280s] Level 1:colcon.colcon_core.environment:checking '/home/cameron/template_ws/install/ros_gz_example_description' for CMake config files
[0.280s] Level 1:colcon.colcon_core.shell:create_environment_hook('ros_gz_example_description', 'cmake_prefix_path')
[0.280s] INFO:colcon.colcon_core.shell:Creating environment hook '/home/cameron/template_ws/install/ros_gz_example_description/share/ros_gz_example_description/hook/cmake_prefix_path.ps1'
[0.280s] INFO:colcon.colcon_core.shell:Creating environment descriptor '/home/cameron/template_ws/install/ros_gz_example_description/share/ros_gz_example_description/hook/cmake_prefix_path.dsv'
[0.280s] INFO:colcon.colcon_core.shell:Creating environment hook '/home/cameron/template_ws/install/ros_gz_example_description/share/ros_gz_example_description/hook/cmake_prefix_path.sh'
[0.281s] Level 1:colcon.colcon_core.environment:checking '/home/cameron/template_ws/install/ros_gz_example_description/bin'
[0.281s] Level 1:colcon.colcon_core.environment:checking '/home/cameron/template_ws/install/ros_gz_example_description/lib/pkgconfig/ros_gz_example_description.pc'
[0.281s] Level 1:colcon.colcon_core.environment:checking '/home/cameron/template_ws/install/ros_gz_example_description/lib/python3.10/site-packages'
[0.281s] Level 1:colcon.colcon_core.environment:checking '/home/cameron/template_ws/install/ros_gz_example_description/bin'
[0.281s] INFO:colcon.colcon_core.shell:Creating package script '/home/cameron/template_ws/install/ros_gz_example_description/share/ros_gz_example_description/package.ps1'
[0.281s] INFO:colcon.colcon_core.shell:Creating package descriptor '/home/cameron/template_ws/install/ros_gz_example_description/share/ros_gz_example_description/package.dsv'
[0.282s] INFO:colcon.colcon_core.shell:Creating package script '/home/cameron/template_ws/install/ros_gz_example_description/share/ros_gz_example_description/package.sh'
[0.282s] INFO:colcon.colcon_core.shell:Creating package script '/home/cameron/template_ws/install/ros_gz_example_description/share/ros_gz_example_description/package.bash'
[0.282s] INFO:colcon.colcon_core.shell:Creating package script '/home/cameron/template_ws/install/ros_gz_example_description/share/ros_gz_example_description/package.zsh'
[0.282s] Level 1:colcon.colcon_core.environment:create_file_with_runtime_dependencies(/home/cameron/template_ws/install/ros_gz_example_description/share/colcon-core/packages/ros_gz_example_description)
[0.295s] Level 1:colcon.colcon_core.environment:create_environment_scripts_only(ros_gz_example_application)
[0.295s] Level 1:colcon.colcon_core.environment:checking '/home/cameron/template_ws/install/ros_gz_example_application' for CMake module files
[0.295s] Level 1:colcon.colcon_core.environment:checking '/home/cameron/template_ws/install/ros_gz_example_application' for CMake config files
[0.295s] Level 1:colcon.colcon_core.shell:create_environment_hook('ros_gz_example_application', 'cmake_prefix_path')
[0.295s] INFO:colcon.colcon_core.shell:Creating environment hook '/home/cameron/template_ws/install/ros_gz_example_application/share/ros_gz_example_application/hook/cmake_prefix_path.ps1'
[0.296s] INFO:colcon.colcon_core.shell:Creating environment descriptor '/home/cameron/template_ws/install/ros_gz_example_application/share/ros_gz_example_application/hook/cmake_prefix_path.dsv'
[0.296s] INFO:colcon.colcon_core.shell:Creating environment hook '/home/cameron/template_ws/install/ros_gz_example_application/share/ros_gz_example_application/hook/cmake_prefix_path.sh'
[0.296s] Level 1:colcon.colcon_core.environment:checking '/home/cameron/template_ws/install/ros_gz_example_application/bin'
[0.296s] Level 1:colcon.colcon_core.environment:checking '/home/cameron/template_ws/install/ros_gz_example_application/lib/pkgconfig/ros_gz_example_application.pc'
[0.296s] Level 1:colcon.colcon_core.environment:checking '/home/cameron/template_ws/install/ros_gz_example_application/lib/python3.10/site-packages'
[0.296s] Level 1:colcon.colcon_core.environment:checking '/home/cameron/template_ws/install/ros_gz_example_application/bin'
[0.297s] INFO:colcon.colcon_core.shell:Creating package script '/home/cameron/template_ws/install/ros_gz_example_application/share/ros_gz_example_application/package.ps1'
[0.297s] INFO:colcon.colcon_core.shell:Creating package descriptor '/home/cameron/template_ws/install/ros_gz_example_application/share/ros_gz_example_application/package.dsv'
[0.297s] INFO:colcon.colcon_core.shell:Creating package script '/home/cameron/template_ws/install/ros_gz_example_application/share/ros_gz_example_application/package.sh'
[0.297s] INFO:colcon.colcon_core.shell:Creating package script '/home/cameron/template_ws/install/ros_gz_example_application/share/ros_gz_example_application/package.bash'
[0.297s] INFO:colcon.colcon_core.shell:Creating package script '/home/cameron/template_ws/install/ros_gz_example_application/share/ros_gz_example_application/package.zsh'
[0.298s] Level 1:colcon.colcon_core.environment:create_file_with_runtime_dependencies(/home/cameron/template_ws/install/ros_gz_example_application/share/colcon-core/packages/ros_gz_example_application)
[0.298s] Level 1:colcon.colcon_core.environment:create_environment_scripts_only(ros_gz_example_description)
[0.298s] Level 1:colcon.colcon_core.environment:checking '/home/cameron/template_ws/install/ros_gz_example_description' for CMake module files
[0.299s] Level 1:colcon.colcon_core.environment:checking '/home/cameron/template_ws/install/ros_gz_example_description' for CMake config files
[0.299s] Level 1:colcon.colcon_core.shell:create_environment_hook('ros_gz_example_description', 'cmake_prefix_path')
[0.299s] INFO:colcon.colcon_core.shell:Creating environment hook '/home/cameron/template_ws/install/ros_gz_example_description/share/ros_gz_example_description/hook/cmake_prefix_path.ps1'
[0.299s] INFO:colcon.colcon_core.shell:Creating environment descriptor '/home/cameron/template_ws/install/ros_gz_example_description/share/ros_gz_example_description/hook/cmake_prefix_path.dsv'
[0.299s] INFO:colcon.colcon_core.shell:Creating environment hook '/home/cameron/template_ws/install/ros_gz_example_description/share/ros_gz_example_description/hook/cmake_prefix_path.sh'
[0.300s] Level 1:colcon.colcon_core.environment:checking '/home/cameron/template_ws/install/ros_gz_example_description/bin'
[0.300s] Level 1:colcon.colcon_core.environment:checking '/home/cameron/template_ws/install/ros_gz_example_description/lib/pkgconfig/ros_gz_example_description.pc'
[0.300s] Level 1:colcon.colcon_core.environment:checking '/home/cameron/template_ws/install/ros_gz_example_description/lib/python3.10/site-packages'
[0.300s] Level 1:colcon.colcon_core.environment:checking '/home/cameron/template_ws/install/ros_gz_example_description/bin'
[0.300s] INFO:colcon.colcon_core.shell:Creating package script '/home/cameron/template_ws/install/ros_gz_example_description/share/ros_gz_example_description/package.ps1'
[0.300s] INFO:colcon.colcon_core.shell:Creating package descriptor '/home/cameron/template_ws/install/ros_gz_example_description/share/ros_gz_example_description/package.dsv'
[0.300s] INFO:colcon.colcon_core.shell:Creating package script '/home/cameron/template_ws/install/ros_gz_example_description/share/ros_gz_example_description/package.sh'
[0.301s] INFO:colcon.colcon_core.shell:Creating package script '/home/cameron/template_ws/install/ros_gz_example_description/share/ros_gz_example_description/package.bash'
[0.301s] INFO:colcon.colcon_core.shell:Creating package script '/home/cameron/template_ws/install/ros_gz_example_description/share/ros_gz_example_description/package.zsh'
[0.301s] Level 1:colcon.colcon_core.environment:create_file_with_runtime_dependencies(/home/cameron/template_ws/install/ros_gz_example_description/share/colcon-core/packages/ros_gz_example_description)
[0.301s] INFO:colcon.colcon_ros.task.ament_cmake.build:Building ROS package in '/home/cameron/template_ws/src/ros_gz_project_template/ros_gz_example_gazebo' with build type 'ament_cmake'
[0.301s] INFO:colcon.colcon_cmake.task.cmake.build:Building CMake package in '/home/cameron/template_ws/src/ros_gz_project_template/ros_gz_example_gazebo'
[0.301s] INFO:colcon.colcon_core.shell:Skip shell extension 'powershell' for command environment: Not usable outside of PowerShell
[0.302s] DEBUG:colcon.colcon_core.shell:Skip shell extension 'dsv' for command environment
[0.307s] DEBUG:colcon.colcon_core.event_handler.log_command:Invoking command in '/home/cameron/template_ws/build/ros_gz_example_gazebo': CMAKE_PREFIX_PATH=/home/cameron/template_ws/install/ros_gz_example_description:/home/cameron/template_ws/install/ros_gz_example_bringup:/home/cameron/template_ws/install/ros_gz_example_gazebo:/home/cameron/template_ws/install/ros_gz_example_application:/opt/ros/humble IGN_GAZEBO_RESOURCE_PATH=/home/cameron/template_ws/install/ros_gz_example_description/share/ros_gz_example_description/models:${IGN_GAZEBO_RESOURCE_PATH} /usr/bin/cmake --build /home/cameron/template_ws/build/ros_gz_example_gazebo -- -j22 -l22
[0.354s] DEBUG:colcon.colcon_core.event_handler.log_command:Invoked command in '/home/cameron/template_ws/build/ros_gz_example_gazebo' returned '0': CMAKE_PREFIX_PATH=/home/cameron/template_ws/install/ros_gz_example_description:/home/cameron/template_ws/install/ros_gz_example_bringup:/home/cameron/template_ws/install/ros_gz_example_gazebo:/home/cameron/template_ws/install/ros_gz_example_application:/opt/ros/humble IGN_GAZEBO_RESOURCE_PATH=/home/cameron/template_ws/install/ros_gz_example_description/share/ros_gz_example_description/models:${IGN_GAZEBO_RESOURCE_PATH} /usr/bin/cmake --build /home/cameron/template_ws/build/ros_gz_example_gazebo -- -j22 -l22
[0.376s] DEBUG:colcon.colcon_core.event_handler.log_command:Invoking command in '/home/cameron/template_ws/build/ros_gz_example_gazebo': CMAKE_PREFIX_PATH=/home/cameron/template_ws/install/ros_gz_example_description:/home/cameron/template_ws/install/ros_gz_example_bringup:/home/cameron/template_ws/install/ros_gz_example_gazebo:/home/cameron/template_ws/install/ros_gz_example_application:/opt/ros/humble IGN_GAZEBO_RESOURCE_PATH=/home/cameron/template_ws/install/ros_gz_example_description/share/ros_gz_example_description/models:${IGN_GAZEBO_RESOURCE_PATH} /usr/bin/cmake --install /home/cameron/template_ws/build/ros_gz_example_gazebo
[0.383s] Level 1:colcon.colcon_core.environment:create_environment_scripts_only(ros_gz_example_gazebo)
[0.383s] DEBUG:colcon.colcon_core.event_handler.log_command:Invoked command in '/home/cameron/template_ws/build/ros_gz_example_gazebo' returned '0': CMAKE_PREFIX_PATH=/home/cameron/template_ws/install/ros_gz_example_description:/home/cameron/template_ws/install/ros_gz_example_bringup:/home/cameron/template_ws/install/ros_gz_example_gazebo:/home/cameron/template_ws/install/ros_gz_example_application:/opt/ros/humble IGN_GAZEBO_RESOURCE_PATH=/home/cameron/template_ws/install/ros_gz_example_description/share/ros_gz_example_description/models:${IGN_GAZEBO_RESOURCE_PATH} /usr/bin/cmake --install /home/cameron/template_ws/build/ros_gz_example_gazebo
[0.383s] Level 1:colcon.colcon_core.environment:checking '/home/cameron/template_ws/install/ros_gz_example_gazebo' for CMake module files
[0.384s] Level 1:colcon.colcon_core.environment:checking '/home/cameron/template_ws/install/ros_gz_example_gazebo' for CMake config files
[0.384s] Level 1:colcon.colcon_core.shell:create_environment_hook('ros_gz_example_gazebo', 'cmake_prefix_path')
[0.384s] INFO:colcon.colcon_core.shell:Creating environment hook '/home/cameron/template_ws/install/ros_gz_example_gazebo/share/ros_gz_example_gazebo/hook/cmake_prefix_path.ps1'
[0.385s] INFO:colcon.colcon_core.shell:Creating environment descriptor '/home/cameron/template_ws/install/ros_gz_example_gazebo/share/ros_gz_example_gazebo/hook/cmake_prefix_path.dsv'
[0.385s] INFO:colcon.colcon_core.shell:Creating environment hook '/home/cameron/template_ws/install/ros_gz_example_gazebo/share/ros_gz_example_gazebo/hook/cmake_prefix_path.sh'
[0.386s] Level 1:colcon.colcon_core.environment:checking '/home/cameron/template_ws/install/ros_gz_example_gazebo/lib'
[0.386s] Level 1:colcon.colcon_core.environment:checking '/home/cameron/template_ws/install/ros_gz_example_gazebo/bin'
[0.386s] Level 1:colcon.colcon_core.environment:checking '/home/cameron/template_ws/install/ros_gz_example_gazebo/lib/pkgconfig/ros_gz_example_gazebo.pc'
[0.386s] Level 1:colcon.colcon_core.environment:checking '/home/cameron/template_ws/install/ros_gz_example_gazebo/lib/python3.10/site-packages'
[0.386s] Level 1:colcon.colcon_core.environment:checking '/home/cameron/template_ws/install/ros_gz_example_gazebo/bin'
[0.387s] INFO:colcon.colcon_core.shell:Creating package script '/home/cameron/template_ws/install/ros_gz_example_gazebo/share/ros_gz_example_gazebo/package.ps1'
[0.387s] INFO:colcon.colcon_core.shell:Creating package descriptor '/home/cameron/template_ws/install/ros_gz_example_gazebo/share/ros_gz_example_gazebo/package.dsv'
[0.388s] INFO:colcon.colcon_core.shell:Creating package script '/home/cameron/template_ws/install/ros_gz_example_gazebo/share/ros_gz_example_gazebo/package.sh'
[0.388s] INFO:colcon.colcon_core.shell:Creating package script '/home/cameron/template_ws/install/ros_gz_example_gazebo/share/ros_gz_example_gazebo/package.bash'
[0.389s] INFO:colcon.colcon_core.shell:Creating package script '/home/cameron/template_ws/install/ros_gz_example_gazebo/share/ros_gz_example_gazebo/package.zsh'
[0.389s] Level 1:colcon.colcon_core.environment:create_file_with_runtime_dependencies(/home/cameron/template_ws/install/ros_gz_example_gazebo/share/colcon-core/packages/ros_gz_example_gazebo)
[0.411s] Level 1:colcon.colcon_core.environment:create_environment_scripts_only(ros_gz_example_gazebo)
[0.412s] Level 1:colcon.colcon_core.environment:checking '/home/cameron/template_ws/install/ros_gz_example_gazebo' for CMake module files
[0.412s] Level 1:colcon.colcon_core.environment:checking '/home/cameron/template_ws/install/ros_gz_example_gazebo' for CMake config files
[0.412s] Level 1:colcon.colcon_core.shell:create_environment_hook('ros_gz_example_gazebo', 'cmake_prefix_path')
[0.413s] INFO:colcon.colcon_core.shell:Creating environment hook '/home/cameron/template_ws/install/ros_gz_example_gazebo/share/ros_gz_example_gazebo/hook/cmake_prefix_path.ps1'
[0.413s] INFO:colcon.colcon_core.shell:Creating environment descriptor '/home/cameron/template_ws/install/ros_gz_example_gazebo/share/ros_gz_example_gazebo/hook/cmake_prefix_path.dsv'
[0.414s] INFO:colcon.colcon_core.shell:Creating environment hook '/home/cameron/template_ws/install/ros_gz_example_gazebo/share/ros_gz_example_gazebo/hook/cmake_prefix_path.sh'
[0.414s] Level 1:colcon.colcon_core.environment:checking '/home/cameron/template_ws/install/ros_gz_example_gazebo/lib'
[0.414s] Level 1:colcon.colcon_core.environment:checking '/home/cameron/template_ws/install/ros_gz_example_gazebo/bin'
[0.414s] Level 1:colcon.colcon_core.environment:checking '/home/cameron/template_ws/install/ros_gz_example_gazebo/lib/pkgconfig/ros_gz_example_gazebo.pc'
[0.414s] Level 1:colcon.colcon_core.environment:checking '/home/cameron/template_ws/install/ros_gz_example_gazebo/lib/python3.10/site-packages'
[0.414s] Level 1:colcon.colcon_core.environment:checking '/home/cameron/template_ws/install/ros_gz_example_gazebo/bin'
[0.415s] INFO:colcon.colcon_core.shell:Creating package script '/home/cameron/template_ws/install/ros_gz_example_gazebo/share/ros_gz_example_gazebo/package.ps1'
[0.415s] INFO:colcon.colcon_core.shell:Creating package descriptor '/home/cameron/template_ws/install/ros_gz_example_gazebo/share/ros_gz_example_gazebo/package.dsv'
[0.415s] INFO:colcon.colcon_core.shell:Creating package script '/home/cameron/template_ws/install/ros_gz_example_gazebo/share/ros_gz_example_gazebo/package.sh'
[0.416s] INFO:colcon.colcon_core.shell:Creating package script '/home/cameron/template_ws/install/ros_gz_example_gazebo/share/ros_gz_example_gazebo/package.bash'
[0.416s] INFO:colcon.colcon_core.shell:Creating package script '/home/cameron/template_ws/install/ros_gz_example_gazebo/share/ros_gz_example_gazebo/package.zsh'
[0.416s] Level 1:colcon.colcon_core.environment:create_file_with_runtime_dependencies(/home/cameron/template_ws/install/ros_gz_example_gazebo/share/colcon-core/packages/ros_gz_example_gazebo)
[0.417s] INFO:colcon.colcon_ros.task.ament_cmake.build:Building ROS package in '/home/cameron/template_ws/src/ros_gz_project_template/ros_gz_example_bringup' with build type 'ament_cmake'
[0.417s] INFO:colcon.colcon_cmake.task.cmake.build:Building CMake package in '/home/cameron/template_ws/src/ros_gz_project_template/ros_gz_example_bringup'
[0.417s] INFO:colcon.colcon_core.shell:Skip shell extension 'powershell' for command environment: Not usable outside of PowerShell
[0.417s] DEBUG:colcon.colcon_core.shell:Skip shell extension 'dsv' for command environment
[0.423s] DEBUG:colcon.colcon_core.event_handler.log_command:Invoking command in '/home/cameron/template_ws/build/ros_gz_example_bringup': CMAKE_PREFIX_PATH=/home/cameron/template_ws/install/ros_gz_example_gazebo:/home/cameron/template_ws/install/ros_gz_example_description:/home/cameron/template_ws/install/ros_gz_example_bringup:/home/cameron/template_ws/install/ros_gz_example_application:/opt/ros/humble IGN_GAZEBO_PLUGIN_PATH=/home/cameron/template_ws/install/ros_gz_example_gazebo/lib/ros_gz_example_gazebo IGN_GAZEBO_RESOURCE_PATH=/home/cameron/template_ws/install/ros_gz_example_description/share/ros_gz_example_description/models:${IGN_GAZEBO_RESOURCE_PATH} /usr/bin/cmake --build /home/cameron/template_ws/build/ros_gz_example_bringup -- -j22 -l22
[0.451s] DEBUG:colcon.colcon_core.event_handler.log_command:Invoked command in '/home/cameron/template_ws/build/ros_gz_example_bringup' returned '0': CMAKE_PREFIX_PATH=/home/cameron/template_ws/install/ros_gz_example_gazebo:/home/cameron/template_ws/install/ros_gz_example_description:/home/cameron/template_ws/install/ros_gz_example_bringup:/home/cameron/template_ws/install/ros_gz_example_application:/opt/ros/humble IGN_GAZEBO_PLUGIN_PATH=/home/cameron/template_ws/install/ros_gz_example_gazebo/lib/ros_gz_example_gazebo IGN_GAZEBO_RESOURCE_PATH=/home/cameron/template_ws/install/ros_gz_example_description/share/ros_gz_example_description/models:${IGN_GAZEBO_RESOURCE_PATH} /usr/bin/cmake --build /home/cameron/template_ws/build/ros_gz_example_bringup -- -j22 -l22
[0.468s] DEBUG:colcon.colcon_core.event_handler.log_command:Invoking command in '/home/cameron/template_ws/build/ros_gz_example_bringup': CMAKE_PREFIX_PATH=/home/cameron/template_ws/install/ros_gz_example_gazebo:/home/cameron/template_ws/install/ros_gz_example_description:/home/cameron/template_ws/install/ros_gz_example_bringup:/home/cameron/template_ws/install/ros_gz_example_application:/opt/ros/humble IGN_GAZEBO_PLUGIN_PATH=/home/cameron/template_ws/install/ros_gz_example_gazebo/lib/ros_gz_example_gazebo IGN_GAZEBO_RESOURCE_PATH=/home/cameron/template_ws/install/ros_gz_example_description/share/ros_gz_example_description/models:${IGN_GAZEBO_RESOURCE_PATH} /usr/bin/cmake --install /home/cameron/template_ws/build/ros_gz_example_bringup
[0.474s] Level 1:colcon.colcon_core.environment:create_environment_scripts_only(ros_gz_example_bringup)
[0.474s] DEBUG:colcon.colcon_core.event_handler.log_command:Invoked command in '/home/cameron/template_ws/build/ros_gz_example_bringup' returned '0': CMAKE_PREFIX_PATH=/home/cameron/template_ws/install/ros_gz_example_gazebo:/home/cameron/template_ws/install/ros_gz_example_description:/home/cameron/template_ws/install/ros_gz_example_bringup:/home/cameron/template_ws/install/ros_gz_example_application:/opt/ros/humble IGN_GAZEBO_PLUGIN_PATH=/home/cameron/template_ws/install/ros_gz_example_gazebo/lib/ros_gz_example_gazebo IGN_GAZEBO_RESOURCE_PATH=/home/cameron/template_ws/install/ros_gz_example_description/share/ros_gz_example_description/models:${IGN_GAZEBO_RESOURCE_PATH} /usr/bin/cmake --install /home/cameron/template_ws/build/ros_gz_example_bringup
[0.475s] Level 1:colcon.colcon_core.environment:checking '/home/cameron/template_ws/install/ros_gz_example_bringup' for CMake module files
[0.475s] Level 1:colcon.colcon_core.environment:checking '/home/cameron/template_ws/install/ros_gz_example_bringup' for CMake config files
[0.475s] Level 1:colcon.colcon_core.shell:create_environment_hook('ros_gz_example_bringup', 'cmake_prefix_path')
[0.476s] INFO:colcon.colcon_core.shell:Creating environment hook '/home/cameron/template_ws/install/ros_gz_example_bringup/share/ros_gz_example_bringup/hook/cmake_prefix_path.ps1'
[0.476s] INFO:colcon.colcon_core.shell:Creating environment descriptor '/home/cameron/template_ws/install/ros_gz_example_bringup/share/ros_gz_example_bringup/hook/cmake_prefix_path.dsv'
[0.476s] INFO:colcon.colcon_core.shell:Creating environment hook '/home/cameron/template_ws/install/ros_gz_example_bringup/share/ros_gz_example_bringup/hook/cmake_prefix_path.sh'
[0.477s] Level 1:colcon.colcon_core.environment:checking '/home/cameron/template_ws/install/ros_gz_example_bringup/bin'
[0.477s] Level 1:colcon.colcon_core.environment:checking '/home/cameron/template_ws/install/ros_gz_example_bringup/lib/pkgconfig/ros_gz_example_bringup.pc'
[0.477s] Level 1:colcon.colcon_core.environment:checking '/home/cameron/template_ws/install/ros_gz_example_bringup/lib/python3.10/site-packages'
[0.477s] Level 1:colcon.colcon_core.environment:checking '/home/cameron/template_ws/install/ros_gz_example_bringup/bin'
[0.478s] INFO:colcon.colcon_core.shell:Creating package script '/home/cameron/template_ws/install/ros_gz_example_bringup/share/ros_gz_example_bringup/package.ps1'
[0.478s] INFO:colcon.colcon_core.shell:Creating package descriptor '/home/cameron/template_ws/install/ros_gz_example_bringup/share/ros_gz_example_bringup/package.dsv'
[0.478s] INFO:colcon.colcon_core.shell:Creating package script '/home/cameron/template_ws/install/ros_gz_example_bringup/share/ros_gz_example_bringup/package.sh'
[0.478s] INFO:colcon.colcon_core.shell:Creating package script '/home/cameron/template_ws/install/ros_gz_example_bringup/share/ros_gz_example_bringup/package.bash'
[0.478s] INFO:colcon.colcon_core.shell:Creating package script '/home/cameron/template_ws/install/ros_gz_example_bringup/share/ros_gz_example_bringup/package.zsh'
[0.479s] Level 1:colcon.colcon_core.environment:create_file_with_runtime_dependencies(/home/cameron/template_ws/install/ros_gz_example_bringup/share/colcon-core/packages/ros_gz_example_bringup)
[0.495s] Level 1:colcon.colcon_core.environment:create_environment_scripts_only(ros_gz_example_bringup)
[0.495s] Level 1:colcon.colcon_core.environment:checking '/home/cameron/template_ws/install/ros_gz_example_bringup' for CMake module files
[0.495s] Level 1:colcon.colcon_core.environment:checking '/home/cameron/template_ws/install/ros_gz_example_bringup' for CMake config files
[0.495s] Level 1:colcon.colcon_core.shell:create_environment_hook('ros_gz_example_bringup', 'cmake_prefix_path')
[0.495s] INFO:colcon.colcon_core.shell:Creating environment hook '/home/cameron/template_ws/install/ros_gz_example_bringup/share/ros_gz_example_bringup/hook/cmake_prefix_path.ps1'
[0.496s] INFO:colcon.colcon_core.shell:Creating environment descriptor '/home/cameron/template_ws/install/ros_gz_example_bringup/share/ros_gz_example_bringup/hook/cmake_prefix_path.dsv'
[0.496s] INFO:colcon.colcon_core.shell:Creating environment hook '/home/cameron/template_ws/install/ros_gz_example_bringup/share/ros_gz_example_bringup/hook/cmake_prefix_path.sh'
[0.496s] Level 1:colcon.colcon_core.environment:checking '/home/cameron/template_ws/install/ros_gz_example_bringup/bin'
[0.496s] Level 1:colcon.colcon_core.environment:checking '/home/cameron/template_ws/install/ros_gz_example_bringup/lib/pkgconfig/ros_gz_example_bringup.pc'
[0.496s] Level 1:colcon.colcon_core.environment:checking '/home/cameron/template_ws/install/ros_gz_example_bringup/lib/python3.10/site-packages'
[0.496s] Level 1:colcon.colcon_core.environment:checking '/home/cameron/template_ws/install/ros_gz_example_bringup/bin'
[0.497s] INFO:colcon.colcon_core.shell:Creating package script '/home/cameron/template_ws/install/ros_gz_example_bringup/share/ros_gz_example_bringup/package.ps1'
[0.497s] INFO:colcon.colcon_core.shell:Creating package descriptor '/home/cameron/template_ws/install/ros_gz_example_bringup/share/ros_gz_example_bringup/package.dsv'
[0.497s] INFO:colcon.colcon_core.shell:Creating package script '/home/cameron/template_ws/install/ros_gz_example_bringup/share/ros_gz_example_bringup/package.sh'
[0.497s] INFO:colcon.colcon_core.shell:Creating package script '/home/cameron/template_ws/install/ros_gz_example_bringup/share/ros_gz_example_bringup/package.bash'
[0.498s] INFO:colcon.colcon_core.shell:Creating package script '/home/cameron/template_ws/install/ros_gz_example_bringup/share/ros_gz_example_bringup/package.zsh'
[0.498s] Level 1:colcon.colcon_core.environment:create_file_with_runtime_dependencies(/home/cameron/template_ws/install/ros_gz_example_bringup/share/colcon-core/packages/ros_gz_example_bringup)
[0.498s] DEBUG:colcon.colcon_parallel_executor.executor.parallel:closing loop
[0.498s] DEBUG:colcon.colcon_parallel_executor.executor.parallel:loop closed
[0.498s] DEBUG:colcon.colcon_parallel_executor.executor.parallel:run_until_complete finished with '0'
[0.498s] DEBUG:colcon.colcon_core.event_reactor:joining thread
[0.502s] INFO:colcon.colcon_core.plugin_system:Skipping extension 'colcon_notification.desktop_notification.terminal_notifier': Not used on non-Darwin systems
[0.502s] INFO:colcon.colcon_core.plugin_system:Skipping extension 'colcon_notification.desktop_notification.win32': Not used on non-Windows systems
[0.502s] INFO:colcon.colcon_notification.desktop_notification:Sending desktop notification using 'notify2'
[0.511s] DEBUG:colcon.colcon_core.event_reactor:joined thread
[0.512s] INFO:colcon.colcon_core.shell:Creating prefix script '/home/cameron/template_ws/install/local_setup.ps1'
[0.512s] INFO:colcon.colcon_core.shell:Creating prefix util module '/home/cameron/template_ws/install/_local_setup_util_ps1.py'
[0.513s] INFO:colcon.colcon_core.shell:Creating prefix chain script '/home/cameron/template_ws/install/setup.ps1'
[0.514s] INFO:colcon.colcon_core.shell:Creating prefix script '/home/cameron/template_ws/install/local_setup.sh'
[0.514s] INFO:colcon.colcon_core.shell:Creating prefix util module '/home/cameron/template_ws/install/_local_setup_util_sh.py'
[0.514s] INFO:colcon.colcon_core.shell:Creating prefix chain script '/home/cameron/template_ws/install/setup.sh'
[0.515s] INFO:colcon.colcon_core.shell:Creating prefix script '/home/cameron/template_ws/install/local_setup.bash'
[0.515s] INFO:colcon.colcon_core.shell:Creating prefix chain script '/home/cameron/template_ws/install/setup.bash'
[0.516s] INFO:colcon.colcon_core.shell:Creating prefix script '/home/cameron/template_ws/install/local_setup.zsh'
[0.516s] INFO:colcon.colcon_core.shell:Creating prefix chain script '/home/cameron/template_ws/install/setup.zsh'
