[0.007s] Invoking command in '/home/cameron/template_ws/build/ros_gz_example_description': CMAKE_PREFIX_PATH=${CMAKE_PREFIX_PATH}:/opt/ros/humble /usr/bin/cmake /home/cameron/template_ws/src/ros_gz_project_template/ros_gz_example_description -DBUILD_TESTING=ON -DCMAKE_INSTALL_PREFIX=/home/cameron/template_ws/install/ros_gz_example_description
[0.054s] -- The C compiler identification is GNU 11.4.0
[0.094s] -- The CXX compiler identification is GNU 11.4.0
[0.098s] -- Detecting C compiler ABI info
[0.150s] -- Detecting C compiler ABI info - done
[0.154s] -- Check for working C compiler: /usr/bin/cc - skipped
[0.155s] -- Detecting C compile features
[0.155s] -- Detecting C compile features - done
[0.157s] -- Detecting CXX compiler ABI info
[0.214s] -- Detecting CXX compiler ABI info - done
[0.218s] -- Check for working CXX compiler: /usr/bin/c++ - skipped
[0.218s] -- Detecting CXX compile features
[0.219s] -- Detecting CXX compile features - done
[0.220s] -- Found ament_cmake: 1.3.10 (/opt/ros/humble/share/ament_cmake/cmake)
[0.317s] -- Found Python3: /usr/bin/python3 (found version "3.10.12") found components: Interpreter 
[0.362s] -- Found ament_lint_auto: 0.12.11 (/opt/ros/humble/share/ament_lint_auto/cmake)
[0.400s] -- Configuring done
[0.401s] -- Generating done
[0.402s] -- Build files have been written to: /home/cameron/template_ws/build/ros_gz_example_description
[0.404s] Invoked command in '/home/cameron/template_ws/build/ros_gz_example_description' returned '0': CMAKE_PREFIX_PATH=${CMAKE_PREFIX_PATH}:/opt/ros/humble /usr/bin/cmake /home/cameron/template_ws/src/ros_gz_project_template/ros_gz_example_description -DBUILD_TESTING=ON -DCMAKE_INSTALL_PREFIX=/home/cameron/template_ws/install/ros_gz_example_description
[0.406s] Invoking command in '/home/cameron/template_ws/build/ros_gz_example_description': CMAKE_PREFIX_PATH=${CMAKE_PREFIX_PATH}:/opt/ros/humble /usr/bin/cmake --build /home/cameron/template_ws/build/ros_gz_example_description -- -j22 -l22
[0.432s] Invoked command in '/home/cameron/template_ws/build/ros_gz_example_description' returned '0': CMAKE_PREFIX_PATH=${CMAKE_PREFIX_PATH}:/opt/ros/humble /usr/bin/cmake --build /home/cameron/template_ws/build/ros_gz_example_description -- -j22 -l22
[0.457s] Invoking command in '/home/cameron/template_ws/build/ros_gz_example_description': CMAKE_PREFIX_PATH=${CMAKE_PREFIX_PATH}:/opt/ros/humble /usr/bin/cmake --install /home/cameron/template_ws/build/ros_gz_example_description
[0.460s] -- Install configuration: ""
[0.460s] -- Installing: /home/cameron/template_ws/install/ros_gz_example_description/share/ros_gz_example_description/models
[0.460s] -- Installing: /home/cameron/template_ws/install/ros_gz_example_description/share/ros_gz_example_description/models/diff_drive
[0.460s] -- Installing: /home/cameron/template_ws/install/ros_gz_example_description/share/ros_gz_example_description/models/diff_drive/model.config
[0.460s] -- Installing: /home/cameron/template_ws/install/ros_gz_example_description/share/ros_gz_example_description/models/diff_drive/model.sdf
[0.460s] -- Installing: /home/cameron/template_ws/install/ros_gz_example_description/share/ros_gz_example_description/models/rrbot
[0.460s] -- Installing: /home/cameron/template_ws/install/ros_gz_example_description/share/ros_gz_example_description/models/rrbot/model.sdf
[0.460s] -- Installing: /home/cameron/template_ws/install/ros_gz_example_description/share/ros_gz_example_description/environment/ros_gz_example_description.dsv
[0.460s] -- Installing: /home/cameron/template_ws/install/ros_gz_example_description/share/ros_gz_example_description/environment/ros_gz_example_description.sh
[0.460s] -- Installing: /home/cameron/template_ws/install/ros_gz_example_description/share/ament_index/resource_index/package_run_dependencies/ros_gz_example_description
[0.460s] -- Installing: /home/cameron/template_ws/install/ros_gz_example_description/share/ament_index/resource_index/parent_prefix_path/ros_gz_example_description
[0.460s] -- Installing: /home/cameron/template_ws/install/ros_gz_example_description/share/ros_gz_example_description/environment/ament_prefix_path.sh
[0.461s] -- Installing: /home/cameron/template_ws/install/ros_gz_example_description/share/ros_gz_example_description/environment/ament_prefix_path.dsv
[0.461s] -- Installing: /home/cameron/template_ws/install/ros_gz_example_description/share/ros_gz_example_description/environment/path.sh
[0.461s] -- Installing: /home/cameron/template_ws/install/ros_gz_example_description/share/ros_gz_example_description/environment/path.dsv
[0.461s] -- Installing: /home/cameron/template_ws/install/ros_gz_example_description/share/ros_gz_example_description/local_setup.bash
[0.461s] -- Installing: /home/cameron/template_ws/install/ros_gz_example_description/share/ros_gz_example_description/local_setup.sh
[0.461s] -- Installing: /home/cameron/template_ws/install/ros_gz_example_description/share/ros_gz_example_description/local_setup.zsh
[0.461s] -- Installing: /home/cameron/template_ws/install/ros_gz_example_description/share/ros_gz_example_description/local_setup.dsv
[0.461s] -- Installing: /home/cameron/template_ws/install/ros_gz_example_description/share/ros_gz_example_description/package.dsv
[0.461s] -- Installing: /home/cameron/template_ws/install/ros_gz_example_description/share/ament_index/resource_index/packages/ros_gz_example_description
[0.461s] -- Installing: /home/cameron/template_ws/install/ros_gz_example_description/share/ros_gz_example_description/cmake/ros_gz_example_descriptionConfig.cmake
[0.461s] -- Installing: /home/cameron/template_ws/install/ros_gz_example_description/share/ros_gz_example_description/cmake/ros_gz_example_descriptionConfig-version.cmake
[0.461s] -- Installing: /home/cameron/template_ws/install/ros_gz_example_description/share/ros_gz_example_description/package.xml
[0.462s] Invoked command in '/home/cameron/template_ws/build/ros_gz_example_description' returned '0': CMAKE_PREFIX_PATH=${CMAKE_PREFIX_PATH}:/opt/ros/humble /usr/bin/cmake --install /home/cameron/template_ws/build/ros_gz_example_description
